2
42
42
100
0 44
37 83
4 32
83 11
82 32
73 39
35 86
72 73
76 25
95 59
16 21
95 6
11 99
16 19
31 6
56 84
73 86
45 94
38 99
17 99
23 25
77 90
4 66
46 48
35 25
66 99
82 6
3 8
8 98
49 10
96 71
47 19
88 20
8 58
23 40
95 3
96 98
59 90
26 48
20 25
90 99
40 94
56 8
6 99
60 55
46 26
89 34
65 18
17 63
83 53
20 57
0 56
36 4
28 21
40 71
36 10
81 49
35 62
58 49
53 84
94 99
40 18
18 10
50 75
74 99
63 99
87 98
15 55
39 95
36 77
74 73
87 79
49 75
91 98
74 41
36 64
68 75
85 34
73 75
39 83
76 89
18 71
1 43
67 27
53 24
5 65
61 83
1 35
77 98
43 45
36 88
67 95
38 44
11 32
96 85
61 4
17 13
39 61
81 43
77 95
