2
25
25
100
0 99
76 99
0 29
96 86
71 79
39 9
0 39
91 97
71 51
69 13
71 60
71 49
23 73
91 22
23 26
23 16
43 21
43 72
50 97
82 34
36 90
37 68
18 2
63 68
5 97
71 21
80 99
86 99
50 95
56 22
23 75
96 22
14 36
52 73
70 41
42 24
58 85
28 30
82 85
73 6
64 99
26 85
14 45
74 52
36 93
32 13
68 55
18 61
33 21
41 9
63 82
33 11
18 51
49 72
18 12
23 36
0 69
64 22
31 59
19 3
92 57
14 28
62 22
5 93
23 74
5 85
26 54
66 65
33 17
30 22
26 79
52 3
66 21
0 42
44 17
48 6
43 42
56 11
0 18
81 73
83 48
56 12
56 92
89 32
59 21
44 90
79 99
14 18
27 84
43 66
38 6
29 21
86 29
65 61
50 78
28 21
73 21
58 61
37 83
82 21
