2
26
26
100
98 2
0 21
85 18
10 23
60 32
63 23
65 23
24 69
28 23
71 23
59 74
84 74
69 99
78 23
22 83
60 40
10 85
18 99
87 99
60 59
84 29
97 43
10 51
7 92
84 89
7 53
76 44
7 71
81 83
28 97
84 11
45 51
0 60
2 99
0 84
91 67
76 71
22 45
23 99
86 36
0 22
34 99
10 80
43 99
79 4
5 55
13 5
76 95
13 41
55 20
71 36
0 10
79 25
33 25
89 62
81 74
74 16
81 47
81 11
1 5
6 5
25 99
79 90
32 73
1 4
57 12
31 44
91 99
52 82
0 76
57 67
78 68
97 29
55 16
24 75
63 16
0 13
1 75
43 16
79 65
48 51
86 51
16 20
34 2
27 4
43 77
44 2
77 92
31 57
24 98
92 99
0 48
16 29
74 12
36 99
0 99
1 42
34 5
16 4
74 41
