3
11
9
9
100
25 61
86 93
67 32
0 57
93 99
7 60
42 50
7 43
82 48
34 68
7 42
87 56
7 48
79 99
34 82
49 99
30 25
80 36
74 36
6 4
6 60
52 57
35 24
32 62
86 61
64 24
16 69
0 34
77 56
7 85
49 26
93 66
20 18
7 75
8 64
38 21
0 46
50 60
49 50
27 24
35 92
52 24
79 22
0 30
55 3
67 19
45 90
61 53
0 7
53 26
13 19
56 22
57 19
91 82
8 69
15 87
14 26
35 68
15 92
63 53
55 68
77 22
2 88
51 26
33 52
55 54
86 85
17 29
10 17
10 63
12 58
8 97
39 43
26 99
47 37
52 82
8 65
35 78
66 25
67 25
22 99
70 68
43 82
17 83
70 58
56 5
35 34
55 81
56 57
82 99
59 41
17 88
75 69
66 47
62 99
70 18
21 83
76 65
17 57
43 49
