2
63
63
100
72 88
0 69
0 65
41 37
0 32
0 72
27 80
0 41
30 29
38 43
47 86
82 89
48 14
31 65
7 88
54 15
38 27
23 69
33 42
1 98
52 42
83 93
95 86
84 98
68 60
56 98
38 70
97 24
14 81
42 88
48 36
76 65
86 98
0 54
77 69
22 87
30 58
44 27
23 39
0 30
59 60
82 18
35 46
88 98
61 65
60 74
7 27
19 27
5 81
65 98
38 32
72 3
82 48
2 73
80 69
1 87
82 40
81 98
1 32
23 20
78 48
77 4
45 60
80 19
22 30
17 50
84 80
51 26
1 72
33 67
84 34
73 69
92 59
82 50
33 18
47 18
1 90
94 36
7 43
16 36
56 76
8 36
56 67
48 27
39 69
26 98
80 98
94 43
33 74
3 74
51 27
4 27
55 69
52 32
16 54
6 70
51 36
74 98
69 98
38 16
