1
15
100
13 60
35 60
36 57
44 40
50 14
14 60
22 57
2 40
0 16
57 60
36 59
21 40
0 9
2 59
2 11
36 11
13 40
13 59
0 44
21 11
40 60
50 11
59 60
0 36
0 22
13 11
21 48
2 23
2 9
2 55
2 38
41 11
48 11
21 42
21 55
50 58
31 11
6 11
21 7
35 11
24 11
23 11
2 4
16 11
50 7
2 17
50 42
50 48
13 9
21 29
50 49
50 33
50 43
2 20
21 49
50 41
3 11
2 34
21 23
2 36
21 25
50 4
13 27
2 44
13 43
13 37
13 44
21 24
7 11
50 23
21 52
2 35
2 14
13 25
21 26
13 24
13 49
13 34
2 47
21 8
50 57
21 30
50 20
27 11
21 34
50 26
33 11
50 17
49 11
50 46
42 11
29 11
21 38
2 39
13 4
13 14
21 51
13 38
21 1
55 11
