2
39
39
100
0 30
94 99
7 78
44 66
13 99
16 31
31 20
59 30
5 99
44 46
65 99
33 99
26 19
44 41
20 99
78 99
42 67
64 16
2 50
31 80
44 42
2 64
90 7
31 40
2 62
74 5
74 96
10 89
74 18
14 93
30 83
38 29
85 60
59 50
28 23
36 19
94 61
2 58
24 61
55 70
85 90
26 6
0 2
5 23
44 54
84 56
26 8
55 98
56 57
91 32
55 31
13 7
32 23
66 7
89 72
26 89
51 1
47 35
14 18
92 64
28 18
63 35
10 58
12 49
46 23
83 93
14 8
28 38
56 90
47 87
91 52
55 21
59 88
28 89
13 64
67 71
69 38
24 79
26 27
83 37
14 25
67 66
88 77
67 22
68 38
70 40
63 48
38 49
97 23
72 98
34 73
63 71
57 66
26 59
12 53
24 22
63 84
36 41
44 55
28 96
