2
33
33
100
10 51
44 51
38 51
31 35
1 7
30 10
8 18
37 7
10 7
19 9
1 15
9 7
7 51
45 20
19 18
42 20
43 18
29 48
30 31
0 13
42 46
0 45
0 30
50 8
35 51
19 21
22 28
43 20
0 42
48 18
44 20
0 10
0 50
24 18
4 28
37 4
12 25
0 29
0 22
43 15
12 23
37 50
12 21
0 37
7 23
20 51
12 10
23 16
18 51
12 42
43 9
12 43
0 12
40 11
38 10
20 39
40 25
11 39
23 9
16 51
25 51
20 32
7 5
35 49
23 50
40 32
18 39
23 44
17 32
15 49
22 29
23 32
6 49
38 22
3 49
48 21
40 49
0 7
0 40
24 49
14 39
17 49
5 45
20 40
35 21
39 51
34 29
19 29
38 32
35 15
6 5
23 40
3 29
20 47
20 21
22 32
6 50
6 4
32 51
13 49
