2
4
4
100
19 42
41 67
42 97
0 57
91 94
65 91
10 87
34 23
39 60
10 44
10 14
5 23
69 60
24 32
69 97
0 65
33 60
19 91
95 59
20 96
57 25
95 23
30 91
42 81
91 18
33 8
53 87
87 97
47 57
96 2
5 31
67 51
19 15
37 59
84 5
18 97
69 61
12 32
51 2
40 41
40 57
84 63
75 27
95 33
2 97
37 71
7 62
71 32
8 59
23 97
92 78
67 46
45 97
79 85
95 86
0 84
38 41
19 75
46 41
59 97
18 60
19 77
23 32
79 9
74 24
95 50
53 3
45 14
52 89
32 97
12 9
88 3
68 34
0 10
69 36
44 70
95 92
69 7
17 90
39 9
29 24
95 49
74 35
74 27
79 7
20 36
27 76
26 92
0 19
75 76
6 8
45 26
75 25
44 66
47 30
18 25
34 9
88 22
45 90
34 38
