5
82
36
52
57
57
100
0 6
0 39
0 33
0 48
16 10
60 62
56 99
16 63
10 99
70 75
98 85
16 22
16 86
60 6
60 54
61 93
69 7
69 38
95 6
95 93
60 67
69 17
42 99
0 16
0 60
0 61
0 95
5 14
70 26
98 35
75 99
13 99
62 99
22 85
89 85
38 85
5 6
43 99
5 50
56 24
98 17
0 27
29 14
56 84
70 63
69 73
11 63
22 26
43 26
78 63
89 84
92 35
92 14
5 10
5 83
5 97
23 2
23 48
56 10
56 58
70 19
98 9
85 99
0 29
69 29
0 22
0 28
23 7
98 22
5 24
5 67
70 17
98 67
92 50
63 99
14 99
8 26
42 35
0 69
98 60
20 26
58 35
75 26
4 84
34 35
80 84
11 53
18 19
86 51
89 10
5 55
56 73
70 73
98 87
0 70
0 98
0 92
0 93
56 29
7 99
