2
49
49
100
95 18
95 17
32 61
39 81
0 95
70 19
86 43
43 61
16 83
20 47
36 78
31 78
73 70
84 81
4 69
19 90
7 76
81 99
33 12
2 41
2 19
48 27
72 91
20 10
58 21
54 62
78 61
86 55
79 62
6 69
79 88
37 83
26 55
96 9
17 85
0 7
53 25
55 83
14 71
0 16
97 65
26 95
42 69
27 47
10 29
26 10
76 25
78 62
75 91
87 18
27 33
32 31
26 14
93 82
70 17
35 60
97 10
60 19
55 8
60 12
71 82
84 82
87 15
15 91
57 44
33 47
29 65
61 99
56 85
75 28
55 68
66 51
0 32
84 54
76 16
40 65
70 96
67 44
75 69
86 88
39 65
42 12
52 65
88 99
76 57
18 91
70 60
29 62
76 78
83 99
76 86
65 47
76 53
55 16
31 62
41 22
84 34
67 36
92 66
27 12
