3
22
18
18
100
0 77
0 25
0 98
30 44
0 6
14 95
68 46
0 30
51 39
19 3
56 77
80 74
10 25
19 95
78 76
15 99
81 6
14 40
70 55
19 37
81 54
37 55
27 29
62 76
0 20
19 7
57 54
76 91
10 3
8 6
0 68
8 38
8 28
10 5
81 61
91 99
44 54
45 78
77 99
84 15
88 6
85 3
25 99
19 4
69 74
44 60
69 94
83 4
10 93
41 74
19 44
48 60
83 14
13 7
2 86
70 56
8 93
0 71
26 23
19 45
55 74
7 99
59 27
98 27
26 46
90 72
84 72
70 53
90 73
13 79
10 21
40 34
84 13
79 96
67 82
19 90
2 32
74 99
26 95
81 85
62 49
90 57
70 57
50 46
0 19
80 84
62 39
8 42
69 96
0 28
10 31
9 13
10 84
6 96
0 10
8 89
0 8
83 67
82 96
47 73
