3
98
14
14
100
0 99
0 23
96 24
60 19
0 75
0 60
12 40
7 50
96 72
24 99
0 44
15 60
90 99
55 62
12 76
0 15
31 40
72 38
33 23
55 22
35 81
25 99
79 86
30 29
55 67
55 5
71 81
20 18
35 60
76 23
10 39
35 17
42 23
0 55
35 75
90 38
59 81
33 6
51 91
28 32
37 32
35 62
35 11
29 18
35 36
10 8
34 99
0 79
29 37
42 22
29 32
10 95
84 75
29 86
85 81
6 77
41 75
18 81
67 99
71 95
33 77
76 2
51 82
44 39
44 86
35 56
76 49
35 51
97 62
6 11
84 77
29 78
42 80
10 4
61 66
33 44
6 93
42 93
42 11
17 2
86 81
60 70
33 47
6 46
21 36
10 31
10 41
64 26
61 64
84 89
97 80
25 19
78 77
20 52
53 2
82 2
39 81
42 48
96 15
20 47
