3
27
17
17
100
69 99
81 78
0 81
22 94
0 62
22 71
26 60
40 71
37 51
5 99
46 39
22 26
37 73
43 60
39 81
37 34
68 53
0 22
0 83
90 64
19 78
0 90
35 38
66 33
94 71
75 72
35 72
16 81
48 34
0 75
39 89
69 94
40 25
35 37
49 55
69 38
84 57
63 29
65 60
69 16
28 76
72 34
7 73
84 53
84 61
18 6
11 76
64 46
72 38
52 55
96 33
49 56
0 69
82 83
64 3
44 61
28 41
82 59
63 74
49 25
28 61
82 56
32 80
65 49
64 59
55 78
63 19
7 16
23 94
53 26
19 73
92 46
32 79
32 25
44 31
79 81
6 33
63 45
60 9
65 34
82 84
92 75
4 74
76 33
32 4
32 92
54 71
79 9
41 99
32 2
44 52
85 34
4 34
82 21
60 57
5 51
18 77
79 92
0 65
89 42
