2
67
67
100
1 11
97 47
87 3
0 26
1 69
14 64
68 25
57 5
1 76
4 48
7 16
0 1
96 3
0 89
20 33
50 64
40 6
14 8
61 27
3 48
36 42
5 58
16 64
42 12
0 14
61 35
74 34
20 77
10 58
3 51
50 55
62 12
31 95
31 71
88 84
55 63
41 63
50 73
23 68
88 51
85 99
37 63
5 27
33 58
64 99
12 99
61 68
22 51
18 84
66 58
66 47
82 99
63 99
31 87
29 68
29 38
47 58
81 23
59 57
68 99
60 18
66 71
31 21
50 51
81 18
11 58
24 26
50 90
6 57
88 37
48 99
50 23
1 57
66 56
88 8
50 37
90 99
61 2
41 23
56 57
69 73
90 73
95 37
42 69
85 51
16 80
52 83
59 13
51 99
3 78
88 96
0 50
21 57
0 61
88 21
72 71
0 81
16 33
72 96
40 14
