3
66
31
31
100
49 95
19 16
0 83
53 82
10 82
45 30
57 34
38 30
53 57
26 32
60 35
39 42
53 84
60 78
16 95
35 28
12 19
92 57
10 26
85 21
30 95
92 37
53 89
5 59
47 59
56 59
36 95
45 55
80 81
4 80
0 10
24 83
53 51
1 93
48 74
92 48
24 81
56 80
14 64
0 92
56 69
12 24
2 72
0 12
69 77
35 49
77 72
58 19
9 64
85 80
56 23
0 95
70 65
84 39
75 68
70 44
35 94
81 59
69 65
89 93
56 77
34 83
11 70
39 59
15 58
72 82
4 89
82 95
68 83
87 42
4 52
83 95
0 4
0 53
55 40
55 73
87 84
57 11
32 84
50 17
57 28
59 95
1 74
44 58
90 61
9 24
74 95
38 71
45 71
50 1
24 76
55 10
78 76
47 29
45 5
77 73
76 95
11 46
87 14
77 22
