2
34
34
100
35 80
35 83
4 88
4 16
4 49
0 92
59 79
4 27
37 13
64 73
80 91
90 72
91 92
73 92
36 6
0 4
86 77
56 1
42 47
35 36
37 50
59 58
83 92
73 53
61 77
6 66
56 51
77 92
23 76
59 31
68 39
51 66
59 43
40 46
5 38
1 92
38 87
35 42
0 37
63 27
52 28
0 20
59 50
33 18
63 32
71 92
67 28
8 36
59 37
62 70
32 46
21 78
18 60
16 56
0 23
59 20
6 50
41 92
54 46
68 81
62 49
47 49
0 35
68 42
21 50
22 88
84 28
11 70
67 43
73 91
68 44
6 85
84 70
73 18
67 18
68 33
38 18
43 56
67 49
0 59
75 78
67 55
62 10
40 80
75 70
86 12
68 2
51 44
55 25
36 60
67 11
43 26
6 56
71 18
22 2
62 52
22 47
67 15
0 73
84 12
