2
31
31
100
26 96
0 14
25 64
51 63
56 27
33 44
56 52
0 33
54 89
42 52
1 42
32 96
63 87
46 24
23 17
36 74
52 96
94 12
95 84
30 78
19 78
43 86
87 86
54 51
86 96
0 54
56 71
0 56
80 49
30 44
17 21
44 48
30 39
49 48
46 3
79 67
46 53
49 21
74 14
11 45
20 59
61 44
82 66
75 58
79 25
75 83
46 12
79 50
77 48
52 4
61 68
53 62
82 48
14 13
84 3
24 44
67 48
91 63
32 42
13 4
37 65
36 37
20 10
95 42
67 62
18 3
17 26
82 65
94 1
14 7
91 83
46 17
20 34
0 46
18 50
69 3
53 17
30 22
11 8
61 91
84 12
94 75
0 61
74 8
10 12
84 59
32 27
37 51
94 79
82 54
0 30
63 64
49 93
52 24
48 96
83 3
0 94
32 58
0 24
53 3
