3
19
83
83
100
98 99
52 99
0 24
0 23
0 40
57 48
57 54
3 13
29 73
48 92
31 87
65 53
15 13
26 10
76 4
20 74
69 79
0 57
69 86
20 36
0 59
42 34
23 4
29 77
3 62
27 31
32 98
63 79
0 11
69 84
2 26
95 18
0 3
27 23
0 69
73 4
27 62
49 36
27 45
95 62
27 40
52 45
43 71
27 2
95 61
95 47
24 53
78 75
24 36
27 59
38 13
95 38
73 50
30 15
52 29
73 47
55 75
65 9
74 71
34 75
17 80
7 14
43 17
98 50
27 3
26 89
44 41
65 82
47 75
27 29
87 53
74 31
43 97
36 99
45 53
9 53
93 75
73 80
0 37
28 23
66 63
94 97
52 30
41 70
41 79
48 69
7 59
55 23
65 97
18 31
28 82
27 94
7 87
73 34
44 34
95 43
91 53
24 76
0 95
79 50
