2
59
59
100
0 99
68 99
36 60
50 2
85 92
2 99
55 60
29 99
60 99
0 85
81 96
17 58
9 14
0 9
52 81
22 49
50 96
56 58
63 74
43 19
69 96
47 41
38 21
90 83
13 1
45 19
4 1
76 75
4 83
33 83
48 21
58 74
4 30
21 19
0 22
7 73
7 57
0 31
68 49
76 57
0 69
5 19
19 99
52 14
0 7
68 91
88 61
48 41
52 23
10 85
0 52
0 76
10 16
10 18
10 36
94 84
41 99
91 74
91 49
74 99
61 85
24 89
3 69
41 44
77 99
3 49
94 57
94 38
93 83
94 7
10 86
3 28
82 73
66 28
18 90
47 88
95 34
3 80
97 84
0 91
65 34
13 7
0 10
84 49
94 95
80 34
61 87
93 22
26 12
87 31
71 90
56 90
26 53
36 88
60 49
94 61
56 89
79 62
86 49
26 57
