2
58
58
100
0 23
0 60
36 82
0 3
8 50
36 67
66 9
41 46
0 52
36 15
36 69
41 12
74 60
23 93
13 80
53 42
18 82
59 65
1 31
8 7
42 78
77 87
9 50
37 11
23 82
26 51
51 93
16 52
16 31
32 31
0 41
5 71
23 80
16 4
50 93
72 11
0 36
12 30
80 93
16 79
0 8
40 30
82 93
21 39
56 17
21 93
16 56
40 76
73 2
0 16
79 93
67 33
67 17
67 37
73 93
55 78
65 46
60 44
65 44
20 67
60 18
30 31
78 93
39 93
49 85
74 18
63 48
67 85
63 85
22 7
76 18
74 17
49 54
90 53
77 85
31 93
74 37
4 85
60 9
13 88
17 18
47 85
19 62
63 86
14 81
17 81
52 93
2 27
0 20
70 38
22 13
40 21
38 68
44 86
90 13
61 44
47 62
40 60
32 92
17 43
