3
50
41
41
100
0 48
35 17
37 93
30 93
32 81
30 76
52 44
40 69
35 40
76 93
37 67
37 36
37 38
0 90
32 85
37 23
26 77
42 89
22 38
0 35
46 58
10 34
46 22
1 89
46 57
20 40
69 68
4 38
88 29
0 79
23 34
68 34
88 44
76 44
60 61
10 83
0 46
10 47
21 73
36 11
62 44
18 83
11 34
1 42
1 92
63 77
59 13
48 87
12 47
49 89
36 16
76 34
80 3
36 44
82 44
38 47
45 89
23 83
1 40
59 82
36 38
0 32
3 34
10 13
59 53
85 90
52 11
52 78
72 70
61 89
82 29
72 22
52 66
37 54
10 69
91 75
70 44
37 63
5 90
21 85
12 20
25 29
5 60
22 34
24 38
58 80
87 13
58 24
11 44
37 52
23 60
43 66
61 54
72 55
39 19
72 89
62 91
10 36
83 93
82 89
