5
88
59
51
87
66
100
52 55
99 52
52 89
94 52
54 57
90 57
64 97
60 89
63 75
64 67
75 99
64 53
72 60
84 52
97 75
97 60
67 84
60 94
62 99
73 60
84 89
91 52
71 67
65 63
74 52
71 70
71 91
64 54
79 52
63 63
90 84
76 52
71 54
63 84
53 52
71 65
75 75
98 52
73 54
84 55
50 84
60 96
64 62
95 52
52 70
67 99
75 55
60 70
72 84
62 96
65 70
73 99
64 58
56 52
71 83
63 94
50 75
80 52
86 52
83 57
68 57
71 56
64 98
64 92
65 92
90 67
61 52
73 89
76 75
63 54
65 90
50 60
79 57
65 58
97 67
97 96
90 54
52 77
98 75
75 94
50 62
65 91
64 79
62 70
67 67
75 54
84 54
67 53
50 90
73 65
71 85
76 55
60 83
60 93
79 60
73 75
72 73
58 99
99 70
72 90
