5
42
49
23
33
16
100
76 99
0 68
0 18
0 52
0 13
0 8
0 43
0 28
0 54
68 99
0 46
0 10
0 50
77 99
5 99
79 99
66 99
0 98
14 99
92 99
35 99
44 99
7 99
81 99
0 25
0 39
0 95
0 6
0 2
0 21
9 99
0 69
0 64
0 47
0 97
0 86
0 80
0 58
0 73
0 67
0 56
0 5
3 99
0 99
94 99
0 65
0 7
0 89
0 38
0 17
0 85
0 66
0 71
0 78
0 36
0 83
0 4
0 90
0 94
0 82
0 60
0 24
0 81
59 99
6 99
0 37
96 99
0 45
0 29
0 59
70 99
0 35
82 99
0 74
53 99
95 99
93 99
51 99
98 38
85 99
0 15
0 62
0 20
0 31
0 92
0 40
0 3
0 77
0 22
0 51
0 55
0 26
0 72
0 87
0 61
0 76
0 70
0 32
0 44
0 9
