5
36
37
98
4
17
100
61 99
0 3
84 99
54 99
0 41
14 99
3 99
0 44
0 9
0 77
0 78
0 35
0 8
21 99
68 99
18 99
63 99
0 61
0 87
9 99
0 30
64 99
0 70
10 99
0 49
0 53
76 99
0 14
0 25
83 99
0 29
59 99
20 99
0 20
46 99
0 56
15 99
26 99
0 79
38 99
0 21
8 99
28 99
0 68
80 99
0 73
19 99
65 99
23 99
0 72
0 47
0 33
97 99
0 28
0 93
0 80
0 24
56 99
49 99
51 99
0 16
0 12
42 99
86 99
32 99
81 99
55 99
0 59
16 99
12 15
72 77
18 88
12 14
86 94
60 73
1 69
14 54
11 58
49 89
14 31
23 61
14 44
5 27
23 78
78 84
1 85
45 76
14 40
55 60
45 82
25 50
44 75
1 59
18 92
8 78
34 41
42 89
2 90
27 60
43 52
