5
1
98
2
4
3
91
36 37
31 33
21 22
69 71
58 59
49 51
79 80
6 7
35 37
26 27
81 82
16 17
46 47
37 39
67 69
39 40
38 39
92 93
79 81
42 44
80 82
84 86
66 67
44 45
19 20
73 74
43 44
57 58
34 36
70 72
40 42
58 60
55 57
42 43
54 55
5 7
48 49
46 48
17 18
33 34
84 85
68 69
20 21
32 33
90 92
75 77
15 16
96 97
52 54
67 68
24 25
51 53
50 51
61 63
62 63
87 88
10 11
89 91
14 15
55 56
91 93
11 13
21 23
74 75
95 96
83 84
8 9
25 27
16 18
48 50
27 28
76 78
11 12
28 30
86 87
23 24
72 73
89 90
23 25
78 79
94 95
72 74
85 87
65 66
63 64
31 32
29 31
59 60
12 13
60 61
9 10
