5
82
85
90
73
71
100
81 83
77 93
88 92
68 76
68 70
77 79
86 87
69 77
79 95
65 69
84 92
70 86
86 94
66 74
94 95
78 94
89 91
66 70
87 95
67 83
81 89
76 92
80 81
93 95
74 75
72 76
74 78
68 84
66 67
80 88
8 10
41 43
57 61
8 9
37 39
26 27
12 13
21 23
52 60
11 15
32 36
3 7
15 31
4 5
44 60
13 45
47 63
7 15
16 20
25 27
27 31
40 56
39 55
50 58
4 12
19 23
3 19
17 19
36 37
38 54
2 18
12 44
26 58
24 56
48 49
40 42
33 49
18 26
8 40
42 46
2 6
19 27
5 37
18 19
23 31
31 63
6 22
25 29
25 57
3 35
37 45
11 43
32 34
17 49
10 11
51 59
35 43
21 53
5 21
60 61
17 21
17 25
30 62
54 62
36 44
29 31
9 13
2 3
8 24
9 11
