5
63
78
34
81
23
100
6 32
32 53
21 51
65 52
74 20
21 48
88 2
11 20
65 49
33 84
88 49
52 84
74 79
2 92
51 25
70 49
9 52
21 42
10 20
21 57
9 33
71 53
2 80
88 73
2 98
3 21
12 51
19 52
71 76
33 8
79 59
10 2
6 76
55 71
20 22
0 88
13 32
70 25
52 60
98 49
33 50
74 98
52 22
55 48
24 2
11 73
19 74
73 59
65 11
33 38
3 65
29 32
10 6
3 12
0 94
3 51
80 65
51 84
98 25
55 73
9 74
88 42
85 20
3 48
35 20
88 76
5 6
19 84
79 86
45 59
19 53
24 6
4 11
79 22
0 46
94 42
2 97
19 45
51 5
11 70
92 76
96 49
94 55
0 19
62 53
94 80
33 97
52 99
98 62
92 56
46 62
43 12
46 42
33 58
65 54
12 86
52 58
73 50
24 51
9 80
