5
20
41
13
45
63
100
0 24
0 89
65 99
68 99
12 99
0 86
0 2
0 80
96 24
0 46
0 17
0 33
0 96
0 3
24 99
0 79
0 31
0 35
62 99
0 34
21 9
0 61
0 32
53 99
89 99
0 81
98 99
9 99
0 26
0 77
0 85
0 43
0 82
0 21
0 67
7 99
0 38
0 29
0 76
0 8
0 16
0 72
25 99
46 99
0 62
26 99
82 99
60 99
0 83
11 1
54 99
15 99
0 36
0 70
0 19
0 68
18 99
1 99
0 57
0 73
84 99
0 4
0 5
0 42
0 11
31 99
0 90
0 98
0 64
97 93
87 99
0 95
0 84
0 69
0 30
0 6
0 78
0 23
0 99
0 65
54 67
0 25
0 48
0 7
0 14
0 94
0 44
0 54
0 92
0 40
0 97
0 28
0 39
0 55
0 18
0 93
0 74
0 51
0 56
0 49
