5
25
67
64
53
77
100
86 99
0 79
0 89
0 74
47 99
46 26
0 42
46 5
0 17
31 99
0 75
26 99
0 56
5 99
44 99
55 99
0 12
83 99
45 99
0 29
9 99
0 91
76 99
0 2
84 99
0 46
52 99
0 80
1 99
90 99
12 99
0 39
0 72
0 65
0 19
73 99
0 69
10 99
0 63
0 99
0 88
13 99
0 41
14 99
20 99
15 99
33 99
72 99
72 66
0 13
0 61
11 99
0 21
0 83
8 91
0 50
0 23
36 76
92 66
0 33
0 3
98 74
19 99
0 71
0 93
0 36
0 31
0 70
0 28
0 62
0 44
0 34
0 59
0 22
0 45
89 99
0 48
0 76
91 99
32 99
63 99
0 27
0 97
0 96
37 99
0 54
0 20
0 57
0 94
0 7
0 85
0 73
0 60
83 24
0 5
30 68
0 90
0 58
0 15
0 32
