5
52
98
40
38
46
100
13 62
91 95
88 95
25 26
35 61
61 90
63 81
76 93
42 58
8 75
37 55
20 34
18 73
0 73
51 81
53 75
1 79
10 88
8 81
14 55
0 94
16 21
0 61
53 55
2 60
34 82
44 82
13 25
2 94
57 73
18 97
1 6
55 97
26 51
45 70
3 80
6 78
71 76
12 53
47 49
1 59
25 54
77 95
80 83
2 66
10 68
13 72
10 62
4 99
18 58
23 69
4 15
23 55
3 6
18 39
5 34
2 80
1 16
10 83
70 81
53 67
15 64
2 82
4 80
22 47
45 84
72 97
13 23
3 78
67 70
35 89
0 85
14 63
69 92
28 30
14 69
16 77
35 42
3 60
31 54
0 9
27 49
59 94
1 55
4 42
33 94
25 97
0 81
6 59
4 60
13 24
23 60
28 84
5 29
48 77
14 18
13 73
5 94
14 34
64 97
