5
20
27
75
87
3
100
98 54
29 34
72 73
79 98
54 13
68 42
42 71
91 72
68 65
13 29
54 73
64 63
65 47
22 9
36 52
13 1
63 41
82 9
71 56
65 44
94 37
29 65
65 35
52 24
13 91
42 55
44 99
54 44
52 81
29 7
83 37
23 71
6 47
49 98
4 37
54 83
79 95
89 73
98 88
43 34
68 83
79 1
78 73
68 12
88 72
68 41
42 12
24 63
42 1
55 12
0 39
64 91
55 33
33 35
36 85
59 40
19 34
57 64
24 29
16 34
84 33
89 82
91 35
85 81
24 92
57 9
89 0
85 39
79 94
99 17
64 83
13 31
59 95
69 52
29 83
44 96
95 1
26 81
57 12
99 80
65 31
6 1
49 7
16 37
94 0
13 93
98 30
92 96
22 96
49 73
0 40
89 26
94 72
82 94
46 99
95 39
24 95
89 39
26 39
84 26
