5
41
58
93
26
90
100
80 81
34 35
88 89
44 45
52 53
53 54
96 97
0 1
62 76
11 12
7 80
19 92
18 19
62 63
27 28
15 22
48 49
43 44
24 25
45 55
75 76
12 13
81 82
42 43
6 7
25 89
21 22
51 72
5 6
94 95
17 98
21 91
73 98
71 72
56 57
36 37
65 66
14 47
31 32
22 40
97 98
35 84
47 48
17 82
30 31
59 60
2 11
32 83
62 74
31 65
67 68
55 56
27 66
91 95
28 29
49 70
57 69
68 69
63 97
59 69
46 47
60 63
3 34
18 55
17 18
5 16
15 16
91 92
30 60
6 69
13 14
17 40
13 66
82 85
53 64
23 24
29 30
51 99
74 92
18 31
29 65
46 68
51 86
10 37
1 2
5 39
61 66
16 75
23 37
10 11
8 71
70 94
24 74
1 46
77 97
1 85
73 77
7 78
15 20
31 85
