0
100
0 43
0 18
0 56
0 7
0 79
0 38
0 17
0 68
51 97
90 97
0 27
0 74
0 89
0 31
0 13
0 46
0 92
0 5
0 16
69 30
0 62
0 96
59 97
0 19
0 69
0 24
0 94
0 36
0 93
0 95
0 41
0 91
0 26
40 97
0 58
82 97
0 11
0 53
88 97
1 97
7 97
42 97
75 76
31 97
3 97
75 14
75 12
48 97
76 97
18 97
21 97
9 97
10 97
75 20
75 36
75 33
75 71
75 38
75 86
75 18
75 46
75 70
75 57
75 42
75 5
75 28
75 95
75 96
75 58
75 89
75 63
75 80
75 61
75 2
75 24
75 15
75 66
75 7
75 62
22 39
22 69
22 59
22 33
22 3
22 93
22 61
22 45
22 76
22 41
22 49
22 15
91 97
48 33
22 38
22 46
22 84
22 67
22 4
22 48
22 43
