0
94
44 99
97 90
45 25
38 99
29 25
5 25
24 23
32 23
82 72
7 35
22 21
92 95
8 21
42 89
55 52
44 40
39 40
55 34
39 34
0 2
76 94
24 70
0 1
0 20
0 76
9 42
18 46
20 42
18 74
68 56
3 84
10 74
54 88
6 17
22 17
16 17
20 17
24 17
66 67
22 14
18 15
1 86
4 11
8 11
57 73
66 68
12 73
8 78
8 85
3 81
24 80
27 81
44 82
18 82
43 93
24 71
4 75
3 2
87 65
53 65
1 39
9 27
3 29
3 1
3 69
3 91
10 7
10 22
2 6
2 18
16 28
2 62
41 45
30 31
4 1
2 1
5 20
4 92
54 50
24 29
24 62
45 48
8 7
62 61
9 58
4 2
5 4
5 12
12 16
30 22
45 43
54 98
2 97
33 39
