5
13
95
11
65
5
100
30 82
31 61
8 50
3 55
24 34
26 67
91 97
24 43
0 71
80 97
68 97
8 91
18 24
7 57
39 87
52 75
38 48
68 86
40 81
1 59
22 29
6 29
9 67
16 37
6 17
54 62
63 69
38 91
48 84
6 86
55 77
50 75
23 36
28 93
14 73
23 26
46 59
0 70
26 32
27 30
31 66
24 97
38 64
49 53
58 66
36 60
18 98
10 36
12 86
15 81
54 57
45 85
33 45
64 94
33 91
12 94
45 53
74 83
33 83
4 15
32 69
29 33
3 22
28 71
51 67
40 50
48 79
19 25
68 83
44 89
32 99
82 92
21 93
48 55
61 81
8 72
0 30
52 76
1 38
19 49
86 97
55 71
17 58
19 61
35 88
7 89
19 29
6 90
53 57
20 82
56 73
26 86
57 69
31 54
54 84
34 64
15 28
33 62
15 30
37 44
