5
12
14
54
71
31
100
30 80
80 94
78 88
78 86
37 81
17 77
27 46
20 40
41 56
26 90
72 83
42 43
43 50
25 91
45 70
46 47
25 62
9 57
7 56
49 52
50 75
24 81
52 73
24 48
13 65
8 21
2 4
10 11
0 35
8 35
33 49
19 30
11 46
26 49
32 68
45 74
41 95
7 40
3 83
4 38
68 89
44 77
20 66
44 46
70 87
70 88
9 23
81 95
17 89
33 79
30 79
9 29
18 62
61 82
55 90
2 48
30 74
52 53
8 62
24 89
7 60
48 58
66 77
73 82
42 81
15 51
35 47
82 92
5 38
34 81
77 91
36 91
6 80
27 86
38 70
75 87
28 65
39 86
4 70
40 75
38 62
40 76
32 87
0 79
27 83
36 43
48 67
8 9
26 75
83 85
44 45
21 32
50 68
50 72
6 28
6 22
23 87
13 82
28 86
6 66
