0
100
0 12
33 99
59 99
0 97
64 99
46 99
82 85
33 89
0 53
33 57
0 82
9 67
82 23
62 22
30 50
30 17
30 76
6 15
68 67
46 67
6 98
68 22
6 74
69 9
69 58
52 22
69 80
81 65
72 13
72 14
72 88
93 65
1 65
53 81
77 11
53 59
77 10
77 60
3 7
5 7
1 7
52 41
20 21
20 68
20 84
94 41
98 41
49 95
87 40
79 84
79 38
56 95
11 95
83 2
79 90
54 87
54 25
54 31
96 91
96 80
96 10
11 46
40 60
75 2
19 2
40 48
43 71
43 1
43 23
94 16
31 63
94 49
31 26
24 58
23 18
8 9
70 34
92 56
70 28
70 63
92 57
92 73
36 89
38 58
71 9
17 38
78 18
64 19
39 19
15 16
78 34
78 29
10 32
21 36
28 16
21 87
26 73
74 28
74 97
45 73
