0
100
54 89
28 89
0 60
0 78
0 79
0 4
0 18
0 75
87 89
0 6
19 89
0 86
0 43
27 89
0 71
0 88
0 24
0 66
0 63
1 89
0 61
64 89
40 89
81 89
86 89
70 48
60 86
0 21
0 7
43 89
0 50
0 37
0 40
0 22
70 89
59 89
44 89
62 89
16 89
35 89
32 89
71 89
66 39
50 39
13 65
71 15
44 39
13 87
13 12
13 6
13 82
13 88
62 39
35 39
52 39
36 39
15 39
13 10
13 34
13 42
13 44
13 75
58 39
13 67
13 27
13 55
13 9
13 58
13 85
13 15
13 53
14 62
14 40
14 66
14 76
14 65
14 47
14 42
14 83
14 27
14 22
14 36
14 35
14 71
14 43
14 73
14 67
14 31
77 55
69 37
69 56
69 43
69 28
69 64
69 2
69 50
69 83
69 87
69 78
69 70
