5
11
93
28
68
86
100
14 66
61 91
63 71
41 52
43 52
63 75
4 54
15 35
50 91
24 96
16 89
13 64
10 73
41 70
13 63
16 57
26 72
81 90
22 59
2 76
73 77
46 49
12 31
45 74
77 79
27 78
29 71
6 8
52 58
55 95
33 53
6 67
57 60
19 40
59 64
58 62
59 71
19 76
7 53
19 22
34 75
6 89
90 96
16 25
0 23
4 12
2 67
17 43
46 79
16 26
26 71
44 57
47 78
18 59
3 7
0 89
30 91
73 94
0 91
22 64
39 56
48 58
33 69
32 84
25 75
41 63
55 56
6 25
12 62
7 30
61 79
35 49
60 61
14 16
62 82
53 90
5 32
84 85
25 71
17 89
6 58
45 58
31 50
40 70
64 85
9 32
53 59
9 42
12 59
2 19
12 51
15 85
38 95
58 89
7 13
18 37
20 33
5 63
36 41
9 17
