5
23
93
35
19
22
100
14 36
61 64
14 80
46 59
34 56
47 85
39 53
68 94
12 27
16 90
58 71
49 78
59 96
84 96
21 39
44 67
39 71
32 42
44 76
71 85
62 84
18 76
13 90
1 63
3 77
24 65
3 67
38 60
48 63
45 80
66 88
11 26
90 94
33 54
33 74
33 90
27 51
33 43
57 73
30 63
49 61
3 59
20 82
60 61
49 66
51 82
45 68
15 17
28 55
14 42
12 92
2 36
40 87
5 80
33 64
37 78
4 38
14 29
12 63
13 73
21 31
38 79
1 69
11 44
30 71
59 62
60 63
36 73
63 84
3 69
6 76
36 48
36 37
2 32
11 92
27 84
13 96
26 92
41 42
10 37
1 64
73 77
29 65
63 66
12 85
46 79
20 64
1 79
72 88
36 72
39 77
20 55
59 83
4 9
6 15
36 56
32 80
32 82
17 61
10 41
