5
91
95
83
23
97
100
10 55
2 51
59 2
67 10
37 16
60 10
3 10
76 10
4 99
62 99
66 99
37 55
8 10
33 2
59 39
16 55
3 2
20 16
61 51
62 37
59 51
61 39
59 55
62 16
20 39
54 39
45 39
39 55
37 61
65 10
10 74
71 61
37 78
37 67
54 62
40 39
78 16
4 51
54 71
11 2
4 39
66 16
59 78
80 99
37 60
33 37
75 2
66 51
45 40
74 2
66 61
67 61
84 10
4 20
62 40
45 78
54 78
67 55
67 20
0 37
26 10
62 4
73 37
54 67
75 99
66 20
80 2
3 16
63 99
60 61
92 10
73 16
33 59
18 59
33 39
18 51
60 51
3 59
62 78
59 60
59 76
18 16
45 76
93 10
0 59
38 61
73 51
8 16
71 78
73 59
38 51
31 2
63 10
84 99
62 18
40 78
0 45
73 55
0 54
87 99
