5
97
50
26
63
70
100
87 38
87 41
10 25
38 41
69 41
25 24
30 44
87 79
42 74
24 9
25 62
25 44
88 30
44 41
91 24
42 30
87 94
57 87
88 6
32 9
20 39
51 41
30 95
20 79
67 20
43 91
29 38
43 82
42 69
10 51
25 71
58 41
11 20
11 58
15 20
82 39
94 41
74 40
10 94
43 71
68 41
37 88
48 9
88 39
15 9
2 87
78 38
80 20
45 38
57 38
4 20
67 24
69 4
10 57
69 78
62 38
88 29
44 94
42 11
55 30
10 64
15 6
79 32
62 68
18 74
87 47
98 9
10 7
67 37
74 47
40 9
35 41
78 62
30 40
91 45
6 78
51 11
49 95
44 48
4 6
37 79
62 45
88 78
64 20
80 24
57 44
43 78
35 20
94 82
25 40
98 69
30 77
14 24
92 44
69 55
51 95
61 58
4 44
80 95
83 74
