5
25
61
42
4
87
100
0 50
0 96
0 56
0 79
0 33
0 12
0 37
0 29
0 51
49 99
41 99
12 78
0 40
0 72
0 45
71 99
0 66
0 10
80 99
0 36
0 55
0 30
0 44
0 35
0 94
0 54
0 34
0 2
0 1
0 93
0 84
85 99
0 14
67 99
78 99
0 69
57 2
1 99
20 97
0 65
9 5
50 99
0 74
0 91
0 70
0 53
0 47
0 38
0 23
97 99
0 85
2 99
38 99
36 99
0 17
5 99
23 99
0 24
0 63
0 86
0 20
75 99
0 71
0 82
13 99
76 99
0 57
0 59
0 46
0 68
0 80
0 11
0 81
0 6
0 8
0 3
0 26
0 90
0 89
0 9
0 95
0 21
0 39
0 99
0 5
0 92
0 19
41 94
0 73
0 58
0 41
0 77
0 62
0 75
0 27
0 64
0 16
0 60
0 22
0 83
