5
71
22
95
60
1
100
75 7
25 75
64 75
25 7
72 75
25 64
64 7
29 75
29 7
16 75
72 7
15 75
29 64
35 75
66 75
64 72
25 29
75 99
25 66
11 75
35 7
34 75
12 75
75 85
23 75
15 64
4 75
38 75
30 75
75 94
64 66
25 35
16 64
15 7
19 75
75 96
35 64
74 75
51 75
16 25
16 7
66 7
25 99
28 75
15 25
64 74
75 88
74 7
28 7
75 52
11 7
25 34
25 28
51 7
12 25
15 72
16 72
11 64
94 7
27 75
12 7
35 72
38 7
19 7
98 7
34 7
12 64
4 64
73 75
58 75
33 64
25 89
4 25
25 51
64 85
64 96
25 33
75 84
47 75
4 7
62 75
29 66
16 29
75 24
13 75
38 64
25 30
25 85
30 7
28 64
64 89
29 99
72 99
11 25
65 75
19 64
25 38
15 29
64 98
17 75
