5
41
28
61
74
91
100
38 99
80 81
52 65
4 80
16 73
5 93
1 29
63 97
7 81
53 88
58 77
18 46
32 85
39 89
9 18
14 64
4 53
23 26
32 69
12 38
18 29
12 35
38 94
4 66
3 90
73 88
16 32
15 65
13 73
33 89
23 49
19 31
52 88
15 76
40 76
54 55
31 35
43 93
23 46
9 72
43 89
53 83
10 45
78 88
44 46
19 67
85 98
11 87
13 87
4 83
7 39
36 93
49 82
5 43
26 73
47 92
24 94
21 40
37 58
0 8
20 37
48 78
5 19
2 5
7 34
63 98
54 96
50 53
17 79
84 88
1 77
21 44
36 75
17 44
20 29
12 26
65 75
36 87
65 77
60 72
22 75
32 45
65 88
18 62
42 70
42 55
34 68
13 60
40 98
14 47
64 75
67 78
5 75
64 83
73 96
44 89
79 96
45 68
45 86
17 38
