5
24
96
42
71
55
100
76 77
0 80
54 91
27 34
80 87
50 80
50 82
46 91
11 41
38 82
45 68
12 17
17 27
29 85
12 72
12 76
12 94
13 32
27 73
13 59
3 16
73 82
37 63
37 39
36 90
59 79
2 62
10 17
5 88
31 56
8 93
56 92
65 86
3 45
44 85
64 80
48 97
54 59
18 87
21 63
0 91
8 15
3 41
20 48
4 64
27 69
0 21
18 77
68 84
1 15
51 78
22 65
35 70
33 90
29 43
60 80
66 79
17 19
66 85
21 86
67 80
17 32
5 77
44 67
17 18
4 77
59 83
57 62
26 73
25 27
87 91
57 85
8 74
3 82
2 32
32 45
8 36
7 49
7 14
30 92
10 13
9 56
23 67
0 64
0 58
51 65
38 57
11 54
40 74
54 73
30 46
30 48
11 16
1 27
27 48
21 79
59 64
59 93
61 77
59 92
