5
91
49
96
47
94
90
46 95
46 48
13 90
13 43
35 45
35 92
14 73
31 81
34 83
38 87
30 79
42 44
24 74
30 80
30 33
13 60
2 39
2 86
18 68
32 89
31 88
36 93
17 84
19 72
1 78
20 63
18 65
5 82
10 62
24 75
14 24
28 85
15 61
2 57
0 54
0 98
19 66
3 55
32 42
36 46
31 41
29 77
17 37
31 34
25 64
29 67
38 40
30 32
34 36
5 59
5 35
22 71
14 23
15 24
1 97
1 53
4 51
1 31
25 70
16 69
10 15
28 38
12 18
5 13
19 27
15 29
22 76
22 26
12 19
18 29
29 30
25 18
5 12
8 58
6 52
17 25
10 16
2 50
11 28
6 10
0 7
3 8
2 4
2 9
11 17
7 56
1 6
3 6
9 16
7 9
