5
37
66
8
58
87
100
78 79
52 59
85 88
20 46
64 91
48 59
10 71
62 81
49 84
12 18
15 88
9 55
57 88
47 84
3 74
6 59
6 7
2 27
28 92
18 60
46 95
15 46
65 97
59 80
21 51
47 77
24 28
55 64
31 64
40 61
7 83
51 85
65 75
45 78
62 75
81 82
64 77
71 81
32 55
83 84
3 98
4 6
40 73
20 73
43 76
42 60
68 94
53 79
30 96
7 93
56 90
10 97
39 69
36 38
13 46
36 82
19 97
81 89
75 82
59 82
50 67
10 46
20 85
42 74
56 72
33 86
75 94
32 36
40 51
21 24
81 88
21 70
14 61
60 98
27 75
5 9
43 73
1 55
13 93
29 40
50 90
52 65
47 60
33 89
44 79
84 98
19 77
12 77
14 56
69 85
2 81
6 19
5 68
14 35
50 80
54 57
51 94
71 86
6 28
60 69
