5
82
14
56
58
35
100
21 10
23 1
34 10
23 43
23 42
43 1
1 21
60 10
1 34
64 1
23 86
43 21
1 42
21 42
10 45
98 10
64 21
86 1
43 2
64 42
11 64
11 34
64 87
23 51
11 87
34 42
23 98
87 60
39 43
23 47
86 34
42 2
51 1
80 10
21 49
79 10
23 62
20 10
23 79
23 75
7 87
43 45
7 42
51 21
39 42
86 60
43 70
87 49
98 21
92 10
43 51
10 88
1 47
39 64
1 79
6 87
42 70
64 45
51 42
6 34
39 86
7 60
1 80
23 61
11 51
21 47
51 34
87 98
77 1
23 92
6 11
86 49
10 5
60 45
34 90
39 49
55 34
83 1
86 70
43 99
6 60
98 2
25 42
85 1
55 64
51 60
78 21
25 87
32 10
25 64
1 65
84 10
43 66
23 41
39 98
43 92
11 77
7 98
21 61
87 80
