5
98
2
1
97
96
87
90 95
3 8
4 6
78 80
71 73
49 51
20 25
6 8
32 34
45 47
33 38
85 87
53 55
11 16
32 37
14 19
41 43
82 84
40 45
30 35
68 73
50 52
44 46
79 84
7 9
31 36
37 42
40 42
59 61
72 77
69 74
73 78
12 17
13 15
24 26
21 23
84 89
65 70
62 67
59 64
64 66
88 93
36 38
77 79
72 74
38 40
61 66
17 19
25 30
42 44
28 30
23 25
36 41
57 59
87 92
9 14
60 65
23 28
47 52
5 7
12 14
65 67
27 29
17 22
44 49
26 31
48 53
55 60
66 71
77 82
85 90
67 69
13 18
19 21
26 28
31 33
50 55
88 90
52 54
74 79
76 78
61 63
58 60
89 91
81 86
53 58
45 50
