5
28
21
49
64
10
100
34 68
37 50
44 52
15 82
0 75
58 95
58 92
53 89
54 69
36 73
25 53
36 63
15 34
33 41
62 85
2 19
9 55
2 20
72 95
74 94
14 96
48 62
9 74
35 78
43 53
2 36
18 95
1 85
15 93
25 47
14 37
42 69
0 15
75 91
38 46
27 50
36 85
5 7
25 69
30 74
6 87
20 71
45 71
68 70
6 79
93 95
51 54
41 93
58 89
47 66
40 78
8 79
57 63
26 45
7 15
7 13
41 70
25 59
61 72
74 83
39 77
13 55
19 24
72 93
25 39
5 90
43 74
19 90
1 52
20 80
35 56
17 62
15 92
9 79
5 71
1 60
71 78
16 72
25 86
42 82
15 87
52 77
0 66
34 58
0 61
42 67
61 80
9 63
6 72
4 43
6 11
15 39
47 82
61 92
31 62
7 26
53 90
44 83
40 44
3 43
