5
48
34
28
3
26
100
30 49
0 23
19 43
6 19
37 47
8 41
0 15
13 16
4 41
15 33
25 49
9 29
7 50
9 16
29 40
0 25
9 33
2 30
30 45
17 21
30 39
18 49
0 5
16 32
13 40
18 27
32 42
27 36
24 47
38 42
20 46
18 22
5 35
16 35
22 42
29 33
12 49
40 41
7 47
18 32
23 30
33 36
13 31
6 30
5 43
11 30
8 42
24 45
14 23
42 44
2 36
33 41
10 38
20 45
2 43
6 12
1 50
18 20
0 33
21 45
35 50
16 18
32 46
9 27
17 25
2 29
12 39
13 36
35 47
38 39
2 50
5 22
14 47
11 32
4 19
42 50
16 41
42 45
11 22
7 19
0 7
29 38
6 49
2 18
8 37
27 30
44 45
1 22
5 20
5 12
1 49
24 29
14 31
13 47
35 40
14 42
4 49
12 24
20 43
44 49
