5
12
66
9
56
75
100
18 90
18 35
18 17
18 60
14 18
18 97
18 26
14 72
90 95
0 18
72 58
17 97
18 53
18 13
35 17
35 72
72 74
17 74
18 58
72 90
11 58
18 44
28 53
14 58
17 58
18 64
18 27
65 69
18 70
14 95
18 74
18 43
14 64
18 45
14 35
17 95
90 53
69 11
18 72
40 90
65 53
40 97
18 33
43 97
3 18
18 38
17 53
11 97
74 95
55 90
33 45
30 11
90 11
18 73
90 13
69 72
18 31
18 93
14 43
35 69
26 83
14 26
44 72
17 83
27 30
18 61
14 97
33 90
58 95
60 72
44 83
65 83
21 97
72 95
18 47
18 96
45 74
72 11
70 83
17 42
14 96
69 17
73 53
0 96
6 90
92 97
30 38
70 24
44 17
14 55
64 17
88 53
30 40
27 53
14 53
6 83
0 69
69 95
72 96
65 97
