5
29
31
32
33
34
100
0 1
25 36
25 35
25 30
25 28
25 27
25 26
24 59
24 58
24 57
24 56
24 55
24 54
24 53
24 52
24 51
24 50
24 49
24 48
25 37
25 38
25 39
25 40
26 30
26 28
26 27
25 59
25 58
25 57
25 56
25 55
25 54
24 47
25 53
25 51
25 50
25 49
25 48
25 47
25 46
25 45
25 44
25 43
25 42
25 41
25 52
24 46
24 44
23 50
23 49
23 48
23 47
23 46
23 45
23 44
23 43
23 42
23 41
23 40
23 39
23 38
23 37
23 36
23 35
23 30
23 28
23 51
23 52
23 53
23 54
24 43
24 42
24 41
24 40
24 39
24 38
24 37
24 36
24 35
24 45
24 30
24 28
24 27
24 26
24 25
23 59
23 58
23 57
23 56
23 55
26 35
28 51
28 50
28 49
28 48
28 47
28 46
28 45
28 44
28 43
