0
100
29 59
0 45
27 59
31 59
30 47
13 59
12 59
47 59
40 5
6 25
13 5
11 25
0 32
10 52
12 55
48 25
50 25
52 25
35 25
52 55
56 9
17 55
0 3
0 27
34 10
52 47
46 9
34 20
34 43
34 3
14 21
34 11
34 32
34 36
34 48
18 16
10 14
18 48
46 56
10 26
46 3
2 50
2 8
57 14
2 26
57 32
57 43
28 37
28 43
41 21
28 31
29 21
28 27
56 21
7 15
41 19
41 52
56 17
30 21
40 21
56 51
56 3
56 52
56 53
20 43
44 43
58 42
6 26
12 24
49 24
13 23
4 24
3 8
45 23
12 8
20 8
13 8
36 14
17 45
13 45
11 33
14 45
20 33
6 38
22 38
11 15
31 15
12 15
58 40
58 44
58 27
58 19
53 49
53 12
53 27
53 36
53 32
1 30
1 13
42 30
