5
71
35
10
63
16
100
39 72
43 76
4 73
57 69
11 94
6 80
24 31
3 32
4 33
0 66
34 60
39 59
38 57
22 29
3 99
19 87
82 97
8 40
33 49
54 88
64 84
2 97
68 75
7 93
17 34
17 49
17 89
60 70
52 76
74 78
6 86
62 95
41 43
59 68
32 37
88 98
65 85
14 39
44 78
37 40
37 43
84 92
44 56
53 84
25 47
13 39
40 59
90 94
11 96
37 70
36 54
73 83
31 39
51 59
7 86
30 61
52 60
23 55
22 50
22 1
34 56
9 34
83 96
15 85
54 73
56 78
81 93
44 52
33 65
40 69
43 67
36 66
42 62
5 1
68 76
11 45
0 89
77 90
29 43
34 54
68 80
51 78
3 26
33 60
67 89
69 87
61 72
1 98
61 64
68 84
51 81
24 91
88 91
13 83
14 17
48 82
45 58
4 85
56 59
81 99
