5
79
98
26
27
91
100
82 87
56 86
17 16
36 43
87 16
70 47
90 75
76 16
1 52
76 70
0 61
17 4
51 75
82 99
51 56
51 80
47 48
94 43
55 50
73 50
5 83
6 11
61 12
0 90
12 24
0 76
49 82
3 59
41 36
37 10
87 25
42 11
75 69
38 47
61 41
59 50
52 41
41 92
1 81
82 12
35 92
57 83
49 86
76 25
0 21
45 73
37 56
80 72
11 31
13 38
6 45
38 94
49 92
55 67
60 10
10 97
23 8
47 25
3 39
73 92
21 13
23 89
52 15
19 80
54 36
90 69
63 80
28 67
3 58
5 70
11 96
7 56
4 18
37 61
39 16
37 17
85 95
49 4
20 94
2 23
54 48
31 24
18 45
87 66
28 38
9 70
45 22
58 43
0 37
7 85
81 55
60 93
20 55
63 36
5 87
49 35
21 95
90 59
76 59
55 35
