5
52
49
50
2
4
100
46 51
47 51
45 51
3 3
1 5
3 6
1 8
1 7
5 12
3 7
3 8
12 16
12 14
12 13
12 15
6 9
5 11
7 12
5 9
6 11
44 45
43 48
42 45
43 47
44 46
43 45
42 47
43 46
44 47
42 48
42 46
41 48
40 41
37 44
38 44
37 41
39 41
40 44
40 43
38 42
37 42
39 42
37 43
38 43
35 40
34 37
33 37
35 37
33 38
34 38
35 39
34 40
34 39
33 40
30 35
35 38
36 39
31 35
30 33
32 35
32 36
29 34
31 33
32 34
31 36
29 33
30 36
31 34
28 32
27 29
26 29
28 31
25 29
27 30
26 30
25 32
25 30
26 31
25 31
26 32
14 20
13 20
15 17
13 18
16 19
15 18
14 18
13 19
13 17
15 19
15 20
14 17
16 20
16 18
14 19
22 28
21 25
21 26
23 25
22 26
