5
36
32
33
41
18
100
0 57
0 80
0 17
0 70
0 34
0 19
0 20
0 63
0 40
0 37
0 73
0 88
40 91
57 91
0 49
64 91
0 89
16 91
0 65
0 46
0 56
0 72
0 9
0 91
0 4
0 47
0 11
0 31
0 90
50 91
11 91
0 2
0 27
0 44
0 35
0 13
0 85
0 23
0 79
0 22
0 71
0 62
0 42
0 54
0 50
0 81
0 28
0 86
0 48
0 67
0 69
0 84
0 76
0 5
0 87
0 38
0 53
0 45
0 8
39 91
0 12
0 43
0 55
83 91
0 26
0 75
0 21
0 60
0 3
0 61
0 39
0 83
0 66
0 59
0 68
0 77
0 24
0 25
0 52
0 51
0 15
0 14
0 1
0 74
30 91
0 78
28 91
0 10
0 82
0 6
0 29
0 7
0 16
0 58
0 64
30 24
30 47
30 79
30 50
30 54
