0
88
7 25
0 23
7 8
5 9
6 9
5 4
1 3
6 5
0 7
0 2
9 10
9 11
9 12
9 13
9 14
9 15
9 16
9 17
9 18
9 19
9 20
9 21
32 49
25 48
32 33
30 34
31 34
30 29
26 28
31 30
25 32
25 27
34 35
34 36
34 37
34 38
34 39
34 40
34 41
34 42
34 43
34 44
34 45
34 46
57 75
50 73
57 58
55 59
56 59
55 54
51 53
56 55
50 57
50 52
59 60
59 61
59 62
59 63
59 64
59 65
59 66
59 67
59 68
59 69
59 70
59 71
82 99
75 98
82 83
80 84
81 84
80 79
76 78
81 80
75 82
75 77
84 85
84 86
84 87
84 88
84 89
84 90
84 91
84 92
84 93
84 94
84 95
84 96
