0
93
45 42
45 59
58 41
54 42
24 39
26 38
46 47
43 51
49 44
40 46
48 46
52 53
49 48
50 48
40 48
49 43
49 52
49 56
52 40
54 40
43 40
60 79
66 79
72 76
24 34
22 29
72 60
39 38
24 21
36 38
32 33
27 25
31 21
33 25
39 36
24 37
26 28
23 20
32 20
24 22
30 23
39 28
34 20
31 32
31 26
39 27
22 23
22 27
72 61
72 78
72 75
72 66
63 79
72 62
72 65
67 61
67 74
70 76
67 69
70 74
70 73
70 64
70 66
62 61
62 74
62 64
62 78
60 61
62 77
60 78
60 64
60 71
77 66
77 64
77 69
63 76
77 65
63 71
73 78
65 64
75 79
65 71
61 79
66 76
71 79
69 79
69 64
71 74
74 68
64 79
76 79
66 69
77 63
