5
93
5
20
56
28
100
26 71
3 6
92 94
12 94
53 87
64 70
33 71
17 24
64 92
13 35
80 90
1 47
76 83
33 52
26 51
18 40
24 67
18 37
63 96
42 95
26 65
69 91
18 24
23 95
42 46
39 73
53 62
4 7
6 23
3 90
15 90
66 74
27 65
15 63
31 70
46 68
71 78
53 57
26 84
11 91
26 85
6 22
26 96
2 75
8 17
59 96
23 49
36 72
9 26
16 27
68 70
14 40
36 75
12 40
26 37
57 89
25 62
65 89
83 95
16 96
13 31
2 29
49 84
55 86
33 69
41 55
33 68
13 61
4 88
4 23
19 69
50 85
36 46
45 87
27 61
30 73
68 81
7 67
4 70
7 33
14 44
23 73
4 15
1 45
31 87
7 72
50 84
62 65
29 39
0 31
57 71
33 75
47 48
21 83
61 71
47 59
15 27
34 40
26 50
29 53
