5
46
45
35
55
59
100
48 51
34 38
44 50
52 48
50 54
50 53
51 53
51 54
57 58
58 60
43 44
32 36
32 37
36 39
37 42
33 38
38 43
32 33
42 43
47 43
33 47
40 42
3 4
26 28
25 28
22 24
24 27
24 25
24 26
23 26
25 27
2 4
23 25
22 23
11 14
11 15
2 3
22 25
23 24
22 26
26 30
23 27
26 27
25 26
16 17
16 19
16 20
21 25
21 23
21 22
1 4
21 24
2 6
13 14
13 15
13 16
13 17
12 16
12 15
3 5
12 14
11 13
11 12
20 24
9 10
1 3
20 23
9 11
4 6
20 22
20 21
4 5
2 28
1 28
1 27
1 2
14 16
14 17
15 16
15 17
15 19
28 30
27 30
0 4
14 15
0 3
19 22
17 19
19 21
17 20
0 2
17 21
18 20
3 29
29 30
2 29
3 7
27 29
8 9
8 10
