0
100
75 83
53 60
37 44
30 38
0 7
19 25
51 54
51 59
91 98
94 99
0 4
0 5
0 2
0 1
0 3
0 6
0 8
9 16
9 3
9 10
9 11
9 13
18 10
70 78
63 67
64 69
92 99
91 99
91 93
82 90
98 99
90 99
71 79
9 17
9 15
9 18
9 14
12 16
17 25
9 5
9 2
9 8
9 12
9 7
9 4
9 6
1 8
1 7
1 6
1 2
1 10
1 3
1 4
5 14
5 13
5 3
5 8
5 7
5 12
45 54
47 52
49 56
53 62
72 80
32 38
56 64
46 49
52 59
67 76
54 62
72 78
46 47
75 84
96 99
90 93
95 99
93 99
90 97
88 97
89 97
91 97
94 97
95 97
84 92
93 97
92 97
89 96
98 97
79 88
82 87
85 92
5 4
5 11
5 10
5 6
2 10
2 4
2 6
2 8
2 7
