5
14
33
48
41
32
100
40 24
40 27
40 46
9 24
27 21
18 27
40 6
9 43
24 38
46 18
18 21
37 27
40 19
40 36
6 18
17 24
40 34
18 38
27 36
27 42
40 17
37 21
20 21
20 43
11 46
22 21
11 43
40 2
10 46
10 43
10 18
46 17
40 50
50 24
2 27
27 8
19 21
19 43
24 30
42 21
39 21
39 43
9 20
43 34
6 19
9 25
12 24
36 38
50 43
29 24
5 38
38 34
37 36
38 39
6 36
37 39
18 30
2 18
8 43
30 21
6 42
46 8
36 42
9 12
15 43
11 36
35 37
9 29
46 15
11 19
26 21
10 20
2 37
9 15
9 26
6 30
10 39
22 5
5 36
26 18
22 39
17 42
22 17
5 17
17 19
12 43
17 34
20 5
22 50
0 40
22 35
35 5
22 25
11 25
29 37
11 50
20 35
37 12
37 15
20 25
