5
94
2
95
77
69
100
96 81
61 65
43 76
34 78
57 37
86 81
93 21
57 46
62 81
35 37
96 31
38 78
43 30
62 37
99 85
45 85
43 74
61 26
34 31
71 31
56 65
80 26
11 53
11 23
32 17
30 18
29 96
45 61
93 25
54 26
43 75
38 93
83 99
53 31
91 86
8 26
90 49
88 81
14 21
74 46
3 70
91 20
44 37
54 92
52 78
22 46
68 92
88 99
71 60
54 70
98 57
45 22
32 93
66 76
29 71
19 21
98 18
6 92
37 79
31 42
66 53
3 38
28 18
74 91
30 90
58 21
98 47
8 62
70 52
74 90
15 53
72 76
32 83
98 99
20 36
56 76
45 14
11 27
11 79
71 3
98 86
29 66
68 83
72 86
18 72
12 62
23 60
91 8
15 15
74 68
34 7
50 47
19 49
28 20
3 88
29 15
73 52
66 60
23 90
71 72
