5
12
79
68
44
26
100
0 91
0 70
0 16
0 7
0 85
0 83
0 34
0 50
0 20
0 92
0 66
0 95
0 89
0 65
0 19
0 8
0 18
0 36
0 88
0 39
0 48
0 80
0 74
0 4
62 97
0 77
0 43
0 3
0 71
0 28
0 58
0 97
76 97
0 64
0 42
0 81
0 27
0 31
60 97
0 6
0 82
0 61
37 97
94 97
4 97
0 11
0 32
0 17
28 56
1 97
0 76
0 47
0 13
0 69
0 49
0 93
0 57
0 78
0 62
0 63
0 75
0 30
0 40
91 97
0 55
0 38
0 1
0 51
0 41
0 35
0 14
0 90
0 2
0 56
54 97
0 10
0 37
0 53
0 73
0 5
0 23
0 54
0 96
0 22
0 59
0 21
0 52
0 25
0 29
0 33
0 9
0 45
0 67
0 46
0 15
0 86
0 24
0 72
0 84
0 60
