5
98
9
25
37
94
86
81 83
3 6
14 71
43 95
60 90
50 87
91 72
97 76
80 73
85 53
44 73
24 81
22 63
36 85
5 76
0 42
8 97
7 82
40 51
11 91
39 61
54 80
88 96
2 31
34 78
39 75
7 50
42 19
15 45
65 78
92 17
73 96
19 82
34 61
88 45
93 70
20 55
1 6
2 68
8 27
31 20
54 96
79 86
26 75
74 29
71 52
93 95
16 92
17 29
32 38
4 70
4 38
7 79
11 47
23 43
46 34
52 56
74 41
59 63
23 65
1 74
64 55
22 64
71 30
99 57
89 57
46 17
68 16
46 85
17 52
13 40
12 59
35 78
4 77
23 62
13 33
58 65
30 75
10 27
64 26
59 99
10 99
10 59
48 41
69 28
13 48
