0
99
0 51
84 99
22 99
79 99
77 95
0 37
72 95
50 79
85 35
0 65
66 38
72 38
81 34
39 34
26 86
61 86
56 74
45 42
45 84
78 7
78 75
27 94
49 72
15 94
26 70
60 64
66 73
60 63
16 92
16 36
4 57
4 47
18 15
2 13
43 90
91 13
47 67
98 42
53 90
18 6
93 6
28 53
19 14
82 29
93 20
82 8
62 14
3 24
3 59
17 89
5 89
21 59
73 61
64 76
19 58
30 96
31 49
52 15
98 31
91 76
36 32
33 65
33 8
67 97
63 7
37 88
77 32
2 20
28 83
44 29
12 5
9 23
58 1
46 40
10 69
75 24
17 52
30 48
70 55
9 12
46 71
80 71
80 75
11 43
87 57
87 41
81 23
88 73
54 51
22 39
25 68
54 55
69 39
56 81
48 63
27 55
50 92
44 41
25 1
