5
97
24
56
90
63
100
48 75
23 75
75 39
84 75
64 96
3 96
48 81
2 75
64 75
81 96
35 64
55 75
48 96
5 75
55 96
48 73
76 75
3 73
93 96
45 75
73 58
3 48
35 55
68 96
51 75
28 96
47 75
73 39
35 84
35 93
5 35
15 75
47 96
41 75
35 58
40 48
35 45
3 15
39 58
35 95
26 75
3 68
65 75
35 74
35 52
80 95
45 96
17 35
48 95
81 95
28 35
3 23
68 58
81 39
48 84
48 42
3 19
35 81
3 81
51 96
64 39
23 96
81 58
2 73
22 96
40 95
68 80
52 64
28 73
48 79
80 19
3 5
17 73
60 75
40 81
3 45
84 95
28 58
35 76
45 95
23 19
73 76
73 51
45 64
5 58
81 64
93 58
68 39
74 96
23 55
1 75
83 75
16 75
74 81
91 75
10 75
55 74
8 75
23 39
3 95
