5
8
26
27
52
66
100
13 24
44 57
39 80
33 61
0 88
46 94
22 49
6 91
41 90
43 96
10 60
23 41
70 81
5 12
79 94
33 80
24 40
47 49
54 56
4 45
7 69
12 32
77 96
41 56
17 44
1 14
16 82
32 94
16 30
41 70
29 70
19 79
46 61
31 73
51 85
5 35
5 24
13 71
3 47
2 79
50 93
24 78
6 70
33 50
2 46
18 56
0 67
0 11
20 75
20 40
37 41
6 90
10 67
24 94
12 63
80 87
17 32
37 94
41 78
24 47
0 34
36 83
10 45
88 94
53 69
18 71
37 54
7 81
1 76
45 54
28 38
69 84
13 30
9 54
94 96
14 74
15 78
6 40
76 84
11 13
23 34
0 93
20 68
16 50
16 56
32 65
32 62
40 71
37 57
32 58
32 56
32 47
17 88
19 37
18 67
18 22
10 89
16 22
33 70
15 84
