5
44
55
68
97
93
100
98 99
31 60
89 96
39 90
39 77
75 84
10 50
38 53
84 88
14 83
36 78
35 77
0 61
33 87
13 95
12 49
22 45
17 40
21 94
70 82
64 91
64 75
29 98
26 56
23 67
54 83
5 82
78 83
6 45
50 51
7 16
7 66
47 87
3 56
41 95
64 72
43 49
15 38
24 41
24 64
28 84
26 37
25 61
25 56
28 39
14 26
14 28
73 98
14 43
26 30
75 98
36 50
2 5
4 74
56 90
4 84
51 84
7 9
45 58
45 57
8 37
63 75
9 16
9 17
39 94
10 31
38 51
66 73
37 78
11 13
24 37
11 71
69 94
33 37
30 43
23 89
4 63
16 66
17 20
17 37
17 22
20 58
83 96
0 6
19 83
16 58
20 60
18 48
24 58
79 80
2 75
3 75
2 7
18 51
36 46
6 39
39 99
89 91
19 81
16 38
