5
64
39
10
62
73
100
50 14
51 86
32 85
68 49
78 68
23 57
60 63
28 76
4 88
57 20
55 75
14 53
63 76
51 13
34 78
0 71
18 86
24 86
17 66
34 28
66 13
55 59
34 60
35 85
34 32
8 60
1 54
27 50
79 14
84 28
66 81
55 18
79 32
37 14
59 76
56 13
35 6
37 70
18 60
74 68
84 70
70 59
34 63
21 72
37 33
54 84
3 56
42 72
79 56
34 53
59 53
19 38
83 76
68 81
75 38
11 66
54 41
3 11
77 22
24 22
35 56
54 83
77 20
44 4
3 35
32 48
82 74
4 84
24 53
72 40
9 51
68 33
1 83
11 59
9 63
8 11
75 48
58 88
16 43
21 68
8 35
27 74
17 52
41 20
23 79
24 11
35 80
16 74
41 33
24 81
42 22
56 38
41 81
27 6
8 16
8 82
31 80
63 30
12 75
44 6
