5
98
88
22
68
74
100
92 55
92 97
63 65
47 92
46 92
15 92
91 78
71 55
63 92
46 60
37 55
18 97
65 29
37 97
0 47
92 29
65 94
47 37
60 2
46 91
89 65
85 92
4 65
15 60
47 71
69 91
46 82
0 23
91 2
47 82
38 92
80 78
38 65
1 46
13 65
76 71
10 92
18 4
14 97
23 80
52 97
93 97
30 55
46 37
15 37
69 92
60 29
1 23
63 71
0 69
0 72
0 15
18 47
72 91
46 43
43 76
71 29
92 19
23 31
37 78
1 69
92 8
60 63
91 29
31 4
0 56
91 85
69 43
26 82
65 19
23 61
31 63
1 72
80 85
43 29
48 78
80 2
23 93
30 63
1 89
91 11
16 55
91 64
80 94
51 37
51 71
18 57
0 17
23 16
25 92
72 37
54 97
52 55
31 97
60 24
50 97
28 82
64 71
92 11
48 97
