5
68
91
37
40
25
100
48 99
14 24
57 46
99 51
95 92
69 30
45 67
82 5
29 44
33 30
82 28
49 75
69 71
18 10
4 77
61 98
6 27
48 8
7 61
92 44
74 11
51 24
61 43
33 93
61 26
0 65
20 75
66 5
52 42
79 3
60 10
59 8
64 77
22 19
51 97
57 71
2 80
21 88
19 24
87 28
39 92
43 16
86 82
9 27
47 58
78 21
15 60
51 11
66 9
54 9
6 24
54 31
20 62
54 92
35 45
72 12
21 97
60 51
75 70
72 62
96 30
60 56
27 45
1 86
34 45
57 60
46 87
7 36
35 99
57 23
98 62
39 44
60 29
7 23
79 30
50 23
69 93
7 58
24 56
79 82
49 98
17 67
52 14
76 98
66 87
2 3
86 73
50 65
47 44
50 98
17 20
7 38
47 3
38 99
54 93
76 62
84 24
80 98
26 3
75 71
