5
20
31
84
30
57
100
11 98
44 72
38 67
8 82
51 78
16 80
34 89
54 87
4 80
29 64
2 35
11 79
50 56
70 79
26 67
14 82
47 72
63 94
18 63
14 80
8 29
16 63
70 78
51 90
28 33
48 87
22 78
59 93
11 86
2 79
6 33
83 96
41 80
60 61
29 35
88 95
38 99
8 21
52 78
18 37
18 78
5 64
1 61
50 62
2 82
59 78
37 50
51 69
9 85
37 91
58 75
87 97
68 76
73 87
65 87
68 95
2 74
17 99
26 44
54 75
43 56
13 80
0 38
2 63
15 66
17 53
16 76
37 38
5 87
21 40
38 49
22 81
6 59
23 41
3 46
32 54
18 44
40 78
24 86
7 75
13 99
35 85
38 55
13 70
71 94
13 29
83 97
16 69
48 79
76 77
36 82
5 37
9 43
46 51
40 88
56 81
3 79
91 93
7 98
50 53
