5
56
46
95
31
86
100
37 21
12 82
37 62
68 42
39 71
68 39
11 42
76 8
52 63
48 13
39 39
70 63
77 82
41 63
98 52
99 42
37 84
41 21
52 13
20 82
41 71
41 12
19 13
15 8
94 21
9 50
74 48
15 12
3 68
84 42
48 52
2 82
67 63
76 81
50 20
50 72
30 13
52 73
71 87
10 42
75 64
64 62
20 21
72 8
61 52
45 70
29 68
35 68
98 90
52 30
94 62
35 37
62 70
19 30
65 42
71 38
57 12
35 12
82 60
96 30
12 89
11 87
51 75
58 42
64 39
96 49
39 10
75 67
98 97
26 71
74 73
96 32
23 42
69 71
99 70
1 71
62 20
48 97
48 87
51 11
62 32
64 45
94 76
73 11
19 32
75 6
74 61
67 13
62 6
35 48
29 45
41 49
3 30
61 90
1 11
28 37
51 62
93 82
97 8
45 36
