5
97
2
49
70
69
100
0 99
4 5
29 30
30 31
31 32
32 33
33 34
34 35
35 36
36 37
37 38
38 39
39 40
40 41
41 42
42 43
43 44
44 45
45 46
46 47
47 48
28 29
27 28
26 27
5 6
6 7
7 8
8 9
9 10
10 11
11 12
12 13
13 14
3 4
14 15
16 17
17 18
18 19
19 20
20 21
21 22
22 23
23 24
15 16
25 26
24 25
51 52
77 78
78 79
79 80
80 81
81 82
82 83
83 84
84 85
85 86
76 77
86 87
88 89
89 90
90 91
91 92
92 93
93 94
94 95
95 96
87 88
75 76
74 75
73 74
52 53
53 54
54 55
55 56
56 57
57 58
58 59
59 60
60 61
61 62
62 63
63 64
64 65
65 66
66 67
67 68
71 72
72 73
50 51
98 99
0 36
63 99
0 35
64 99
0 34
65 99
0 33
66 99
0 32
62 99
