5
9
94
55
74
69
86
31 90
77 80
15 73
41 68
29 33
19 14
66 47
12 79
21 54
40 13
52 22
25 73
30 76
95 68
24 56
90 39
72 67
1 95
1 34
99 13
45 59
40 36
44 42
0 27
86 39
56 43
28 17
23 56
3 61
26 37
27 26
61 12
20 63
71 39
0 32
89 8
45 43
75 17
42 30
97 83
34 2
88 35
97 10
60 24
48 93
19 21
99 11
61 28
51 80
52 21
92 50
63 30
58 20
38 44
64 71
11 66
5 86
64 82
5 42
58 46
96 25
98 71
63 46
8 75
51 81
70 58
53 45
3 78
83 33
91 35
81 46
88 36
57 81
85 20
98 5
85 53
32 67
10 67
84 2
2 65
98 48
60 78
84 88
7 88
2 85
57 57
