0
100
0 61
29 82
0 37
0 47
0 53
38 82
23 44
61 80
0 78
0 74
0 82
0 71
0 76
0 13
0 31
0 36
0 33
0 23
0 21
0 1
0 57
0 69
68 29
68 55
68 53
68 21
68 62
68 67
68 61
68 65
56 82
68 27
68 52
68 4
68 30
68 73
80 82
74 82
44 82
68 42
13 82
68 69
68 48
68 43
68 8
68 37
68 50
68 28
53 82
68 14
24 82
72 82
23 82
77 12
77 31
26 16
41 82
77 47
77 78
50 82
55 54
16 82
81 82
77 64
77 17
77 41
77 20
54 82
75 82
1 82
77 55
77 26
77 73
77 72
77 3
77 66
34 21
77 23
77 69
77 74
77 34
77 51
77 63
77 43
77 46
77 11
77 70
71 1
77 4
77 50
77 67
76 21
76 59
76 48
76 17
76 23
76 35
76 29
76 61
76 74
