5
59
66
71
46
64
100
23 56
50 7
40 35
40 36
68 7
41 23
24 7
67 54
10 6
11 42
67 44
11 16
47 75
9 10
74 29
36 54
8 35
78 61
78 45
27 26
40 69
34 55
31 13
74 61
37 75
32 26
37 32
50 79
78 79
27 24
57 55
34 29
39 37
12 31
68 74
68 26
38 17
14 10
12 41
39 44
28 55
50 52
20 24
42 5
76 45
63 22
33 10
51 57
33 48
65 6
17 41
51 34
19 41
68 30
47 76
74 76
18 47
69 21
48 43
31 15
38 37
13 62
62 27
8 21
20 5
9 52
16 21
58 24
45 21
75 30
25 57
45 62
52 5
72 32
60 12
60 38
20 76
25 15
60 9
65 49
22 53
78 72
65 29
39 25
51 43
76 69
43 28
18 28
63 19
18 53
70 15
63 41
62 17
67 70
33 53
25 14
65 61
69 70
39 53
62 43
