5
54
80
19
67
39
100
83 96
25 44
24 95
28 75
37 58
12 73
35 70
42 82
8 58
25 55
3 23
2 63
6 24
41 88
32 66
42 53
9 28
95 99
13 27
38 91
28 40
11 76
5 91
38 58
33 85
11 32
42 50
51 73
90 92
14 87
49 75
4 46
76 96
11 61
31 46
83 99
63 86
16 62
37 81
31 49
58 97
8 31
28 82
0 49
86 94
6 52
13 46
48 94
1 68
33 87
7 52
78 82
58 84
55 74
11 96
11 84
12 77
69 74
21 82
27 29
7 91
23 28
62 88
4 12
5 28
42 78
21 49
6 51
38 69
13 87
22 25
13 58
73 83
62 76
69 75
17 41
33 76
66 76
18 62
17 40
6 30
22 44
31 97
17 83
82 86
33 61
23 66
6 16
44 75
63 73
3 92
18 66
23 37
42 47
48 96
92 95
31 89
25 88
28 59
2 8
