5
80
75
29
20
91
100
45 2
45 31
41 31
74 2
74 31
2 31
34 2
45 74
3 26
38 2
64 31
45 89
3 89
13 31
54 63
35 31
34 31
52 31
26 45
74 64
64 90
2 88
2 94
54 35
66 31
3 93
31 22
54 66
59 64
38 45
61 31
31 16
66 2
74 90
74 89
3 94
45 83
23 2
54 18
3 88
34 37
64 93
3 56
34 41
11 31
89 64
26 74
46 2
45 1
1 37
45 52
55 2
62 31
37 90
3 83
52 64
3 69
9 31
89 1
2 17
54 22
34 59
3 5
46 54
2 5
54 99
56 64
3 18
41 89
3 64
59 89
37 93
1 90
54 62
2 99
45 66
33 2
23 45
72 31
41 64
52 74
26 52
38 41
90 94
97 37
74 88
7 2
83 37
26 88
31 94
45 11
34 89
13 26
41 51
45 46
26 56
14 64
74 94
45 16
90 88
