5
21
52
51
50
3
100
47 48
48 49
46 47
45 46
44 45
43 44
42 43
41 42
40 41
39 40
38 39
37 38
36 37
35 36
34 35
33 34
22 23
29 30
28 29
27 28
26 27
25 26
24 25
23 24
60 61
59 60
58 59
57 58
56 57
55 56
54 55
30 31
31 32
32 33
61 62
66 67
65 66
64 65
63 64
62 63
53 54
1 20
18 53
1 14
16 53
19 53
1 15
1 17
1 18
1 19
15 53
14 53
2 20
1 16
17 53
11 53
12 53
7 53
9 53
8 53
6 53
5 53
10 53
13 53
4 53
1 6
1 7
1 8
1 9
1 10
1 11
1 12
1 13
1 5
2 19
1 4
2 18
2 17
2 16
2 15
2 14
2 8
2 13
2 7
2 6
2 11
2 10
2 9
2 4
2 5
2 12
1 2
2 53
0 47
0 49
0 39
42 99
0 40
54 99
0 41
