5
53
7
39
68
32
100
60 76
44 60
36 60
9 76
9 44
60 71
9 36
44 76
9 71
60 64
42 60
76 78
36 78
71 78
25 60
60 80
44 71
47 60
23 60
9 95
40 60
11 60
36 44
60 4
35 60
0 60
9 4
42 44
9 40
60 63
9 25
36 71
44 64
64 78
64 76
60 79
9 23
9 11
78 95
42 76
9 80
60 96
60 92
59 60
58 60
60 69
0 9
60 99
36 42
11 44
18 60
9 59
60 89
41 60
76 4
23 76
9 92
36 64
44 80
9 96
60 93
23 78
9 67
9 72
60 24
9 35
27 60
76 80
44 47
48 60
9 20
40 44
23 44
60 73
60 74
42 71
57 60
25 78
6 60
25 76
40 78
36 95
12 60
9 58
11 76
10 60
78 4
64 71
71 95
40 76
60 90
78 80
25 71
9 48
60 51
60 77
36 80
9 73
1 60
44 59
