0
100
66 99
53 99
0 26
61 99
60 99
0 41
0 34
65 99
0 38
73 99
0 31
0 32
0 43
0 28
0 25
0 20
0 37
68 99
58 99
62 99
64 99
0 29
0 23
0 27
0 5
0 10
0 17
0 8
0 16
0 18
0 13
0 7
0 19
0 4
0 11
0 2
0 14
75 99
0 9
0 1
0 6
80 99
3 43
3 37
3 51
3 34
3 44
3 31
3 29
3 23
3 26
97 99
3 15
3 4
3 27
54 90
93 99
3 16
3 20
3 7
3 8
3 17
3 5
3 6
3 11
3 14
3 13
3 12
3 2
3 10
1 43
3 19
1 42
1 28
1 34
1 33
79 99
1 29
67 99
78 99
1 20
89 99
1 27
1 31
1 25
1 13
66 83
1 26
1 23
1 32
1 19
1 10
1 18
1 8
1 21
1 6
86 99
1 7
1 16
1 2
