5
96
38
88
28
89
89
16 76
40 85
48 77
24 56
9 16
32 47
19 82
21 54
35 84
92 21
63 78
92 18
0 11
75 35
29 22
10 91
6 24
41 87
42 83
91 26
30 75
10 56
46 52
70 78
49 98
46 30
64 7
17 84
50 61
97 26
27 9
66 48
13 57
58 17
31 73
6 67
5 20
51 98
68 90
1 54
2 4
42 69
58 41
65 63
11 18
10 26
95 71
1 37
42 90
66 84
82 63
79 61
25 50
62 31
51 79
12 58
14 45
23 12
71 87
15 97
14 65
15 50
80 32
11 75
80 67
27 33
53 45
86 74
45 49
65 25
13 95
36 87
23 48
73 72
44 49
4 86
8 53
94 44
37 60
58 36
94 71
23 43
29 71
44 51
29 15
60 79
3 92
4 39
64 81
