5
49
16
10
89
95
100
45 75
57 74
44 51
75 96
75 76
4 75
44 74
52 78
75 81
78 3
34 75
81 3
11 74
7 3
81 44
76 74
57 79
33 11
33 71
57 54
6 44
3 30
45 77
62 75
34 74
52 96
9 45
33 34
64 51
48 44
79 33
3 61
33 76
7 44
9 74
33 61
52 76
77 74
57 39
64 74
7 81
34 51
96 61
9 52
54 45
4 11
53 75
57 98
6 78
98 74
24 3
9 75
60 75
15 75
7 6
27 3
33 62
64 44
57 15
8 51
76 3
39 51
6 11
52 98
4 6
34 3
45 20
36 3
14 52
39 52
7 76
77 78
12 51
45 62
2 44
78 71
24 44
48 76
45 21
9 76
6 30
14 45
30 74
53 74
79 4
27 52
24 96
33 53
64 81
33 43
14 3
57 21
43 3
24 78
60 44
45 98
84 74
2 76
79 78
9 3
