5
59
60
37
45
17
100
13 84
20 22
44 55
48 83
15 43
12 83
20 36
6 65
28 64
1 4
34 76
8 88
33 92
65 85
23 25
61 67
5 42
11 95
34 97
25 43
26 53
56 67
2 55
26 61
16 74
49 85
22 43
2 99
0 58
65 81
44 61
88 92
13 20
41 76
49 90
14 31
34 41
34 83
8 75
19 32
61 65
57 66
5 7
54 93
8 40
50 81
13 52
9 44
44 83
64 95
0 66
21 84
5 28
20 99
83 89
48 84
56 79
10 43
49 97
52 54
30 91
72 86
18 35
62 67
38 80
82 90
54 70
81 84
54 91
21 47
47 51
43 56
49 57
48 99
4 73
11 93
25 97
10 56
49 50
13 63
70 80
15 55
18 24
24 87
10 70
76 95
24 81
25 86
21 62
31 92
56 90
91 95
9 77
44 56
80 86
95 97
27 58
5 81
3 76
77 96
