5
46
24
64
84
1
100
40 41
40 69
0 72
28 79
40 74
0 60
30 60
17 40
41 72
40 49
25 28
45 58
39 40
25 79
21 40
60 69
20 40
0 28
10 40
45 60
30 45
2 86
60 71
2 45
52 79
41 79
60 92
2 30
25 58
18 72
28 69
45 52
40 59
60 80
17 79
72 81
60 86
72 90
19 40
40 77
79 80
28 30
2 25
28 52
28 80
40 90
17 30
40 93
41 69
0 81
25 86
72 93
60 77
40 99
45 69
49 60
45 71
4 40
37 72
45 74
52 86
2 41
44 72
71 72
6 72
37 60
18 60
72 74
30 41
14 79
2 80
30 86
29 72
29 40
86 92
79 81
30 71
58 80
0 20
26 40
20 86
7 40
14 28
37 45
58 92
17 69
25 81
14 41
58 72
17 81
22 40
44 45
20 30
17 58
37 40
72 88
14 58
14 86
25 45
25 74
