5
20
53
77
28
71
100
63 47
66 89
11 61
51 59
89 56
70 22
76 47
59 87
7 32
59 19
38 46
54 75
32 22
70 57
2 56
12 83
26 63
85 46
83 47
51 54
6 12
48 63
56 67
35 41
66 64
88 32
3 17
79 5
80 39
40 32
14 75
2 54
21 64
51 55
67 45
62 47
2 76
14 5
2 55
2 14
3 34
35 56
48 44
89 65
29 7
49 63
37 75
67 22
21 29
2 50
40 19
82 79
14 37
72 41
65 32
34 62
83 11
78 56
81 37
51 26
17 42
40 30
18 70
5 8
30 39
3 70
70 15
83 32
40 26
67 88
35 44
49 44
51 19
8 81
50 11
50 44
82 11
80 82
73 45
87 8
5 13
73 79
48 81
21 33
35 39
17 31
38 75
76 87
13 57
0 66
74 41
45 16
50 88
7 72
15 22
67 64
73 54
73 39
35 45
78 55
