5
89
37
90
87
88
100
67 44
11 44
22 15
11 75
44 77
79 44
40 67
82 15
48 15
41 22
1 79
40 77
75 77
18 75
18 40
67 75
66 12
7 30
51 44
7 79
11 48
41 1
79 78
48 67
41 48
30 78
71 49
49 77
59 15
42 44
0 11
61 79
8 12
68 44
11 5
30 46
22 46
41 52
18 29
56 79
11 77
1 30
19 40
82 22
30 82
62 12
93 12
9 15
13 44
30 84
48 16
16 67
41 5
66 75
67 78
81 44
19 49
71 46
33 15
11 8
76 15
60 44
69 67
1 56
76 29
1 51
51 82
14 12
68 75
67 66
18 61
46 29
60 12
79 62
48 46
10 79
22 29
54 12
11 39
8 40
7 51
48 78
30 64
76 78
79 32
0 18
29 78
1 82
73 75
30 13
10 41
91 15
47 30
19 56
51 78
52 19
65 12
19 15
62 75
52 46
