5
52
48
33
37
23
100
3 67
30 98
38 78
9 49
21 32
34 44
8 95
21 74
5 47
1 7
73 80
3 29
41 89
58 81
11 29
73 97
57 95
66 96
18 75
56 75
12 92
26 87
30 84
5 55
6 27
56 61
40 79
39 76
0 56
57 90
82 95
69 82
57 74
50 96
22 89
71 98
6 45
30 88
22 96
45 51
50 61
41 95
13 71
2 86
77 91
16 49
2 32
19 63
11 40
15 36
38 96
2 79
49 92
28 81
38 65
6 38
0 12
54 66
46 95
91 97
18 72
9 64
32 51
40 59
88 98
16 76
55 93
68 68
55 77
8 18
31 47
18 87
18 64
4 53
29 44
8 85
14 69
28 97
26 59
26 80
3 30
26 29
65 88
2 94
0 36
13 46
6 73
56 90
47 77
2 82
32 44
45 79
2 55
2 14
0 32
20 29
1 47
25 95
47 62
36 46
