5
98
97
82
83
84
100
75 78
75 79
75 80
71 77
71 78
71 79
71 80
72 76
72 77
72 78
72 79
72 80
71 76
73 77
75 77
73 76
74 80
74 79
74 78
75 76
74 76
73 80
73 79
73 78
74 77
85 87
85 86
81 87
81 88
81 89
81 90
85 88
85 90
81 86
85 89
38 72
38 73
38 74
38 75
52 75
52 74
6 81
52 73
52 71
16 81
16 85
51 75
51 74
51 73
51 72
51 71
52 72
50 72
12 85
49 71
49 72
49 73
49 74
49 75
39 75
39 74
39 73
39 72
21 81
21 85
39 71
50 71
38 71
50 73
50 74
50 75
28 85
28 81
6 85
34 81
54 74
54 75
55 71
55 72
55 73
55 74
55 75
37 75
56 71
56 72
56 73
56 74
56 75
23 81
23 85
4 85
4 81
37 74
37 73
54 73
22 81
54 72
34 85
22 85
53 71
