5
43
59
66
76
69
100
29 88
56 85
55 58
21 58
36 49
1 57
36 93
38 82
39 49
53 82
15 71
71 82
24 45
15 39
52 94
13 24
73 82
44 74
45 86
75 81
9 91
46 81
47 50
8 85
47 53
77 80
6 18
62 92
50 65
64 81
29 33
0 17
0 25
29 54
3 52
20 83
29 46
30 74
45 68
10 40
10 37
1 65
45 87
51 86
0 8
1 26
54 94
34 91
52 55
54 70
15 63
68 88
41 62
15 70
71 88
63 88
17 55
14 27
72 86
17 91
42 88
28 82
13 28
13 26
73 79
12 35
1 2
8 58
21 46
26 94
30 90
65 91
7 32
5 21
50 94
47 93
5 83
5 82
48 89
27 68
27 90
34 47
60 70
29 45
75 78
4 42
60 92
35 85
50 92
5 57
12 44
15 41
68 91
0 53
74 88
78 79
12 34
39 61
1 52
54 79
