5
2
37
98
18
49
100
75 73
55 78
15 71
68 42
88 67
15 54
0 95
55 56
74 59
11 55
8 59
30 31
25 47
6 30
62 94
12 43
61 31
88 83
1 11
86 71
38 67
6 68
68 46
15 50
85 27
38 99
30 44
11 39
83 58
28 91
8 21
10 90
31 53
7 70
14 25
93 94
95 31
34 70
5 39
89 46
91 58
90 46
82 10
16 91
90 76
85 73
79 47
74 28
34 97
11 86
88 86
87 78
62 14
1 82
19 47
13 97
77 54
38 54
62 89
6 74
95 44
84 63
82 24
17 91
77 24
79 28
34 63
61 81
0 48
48 83
1 40
19 56
25 45
90 58
60 53
93 89
29 89
86 58
60 63
17 76
13 56
69 24
45 58
40 96
40 14
33 96
93 44
51 96
32 50
34 50
60 50
9 28
79 16
66 53
51 63
85 46
84 16
87 68
82 86
40 5
