5
24
69
67
84
95
100
56 98
56 73
35 48
54 81
25 77
17 65
86 97
45 89
23 77
12 39
89 91
37 99
13 90
8 56
15 59
1 39
71 85
48 51
19 39
0 2
31 39
61 92
33 78
3 4
8 41
19 87
28 40
15 38
45 49
15 29
54 96
9 99
68 87
42 59
71 96
26 55
18 75
19 88
16 96
12 96
40 66
3 11
27 97
2 38
12 50
73 80
2 35
45 50
32 82
15 77
29 86
41 53
4 50
22 62
1 42
4 21
43 46
29 87
5 34
7 62
91 92
55 87
37 71
48 63
59 66
38 66
76 94
0 90
27 56
3 74
8 61
43 75
15 51
79 88
39 72
6 78
8 89
60 75
17 54
6 74
43 86
10 20
9 20
26 46
50 92
9 16
40 75
11 12
33 58
25 92
42 78
27 36
66 78
20 87
56 60
10 32
45 83
21 26
47 50
1 25
