5
10
56
39
30
21
100
29 13
5 13
38 13
69 65
29 38
60 13
29 33
29 40
0 13
47 69
13 27
13 68
0 29
65 33
40 76
40 60
67 5
69 31
40 33
45 69
69 35
69 19
67 76
38 23
0 38
29 2
5 23
3 69
65 23
27 33
60 23
29 18
29 45
14 80
9 23
60 80
40 64
38 35
8 69
2 5
60 27
29 31
14 70
68 33
67 80
69 44
76 27
78 33
8 13
67 27
5 45
2 14
75 65
29 17
16 5
29 11
26 69
2 65
74 69
16 40
0 47
40 45
64 27
43 9
31 76
25 80
38 17
74 13
25 64
25 68
14 78
69 77
45 9
14 45
29 73
43 14
62 13
31 60
16 76
29 28
67 50
2 80
78 68
2 70
3 76
0 43
35 23
68 35
78 70
25 75
29 44
38 28
5 73
66 76
14 66
66 9
40 11
3 60
42 13
78 27
