5
88
82
28
14
94
100
96 27
4 11
55 21
51 81
0 47
15 60
98 21
80 62
67 21
4 17
57 62
55 95
36 91
0 63
52 36
63 32
26 27
11 76
54 4
3 26
57 15
41 36
11 52
37 97
1 51
81 72
76 17
48 36
51 70
79 52
38 27
63 57
37 81
51 19
51 26
63 84
4 42
1 79
84 76
41 60
59 95
12 49
3 25
0 56
31 17
0 46
0 67
39 62
71 32
4 23
92 11
63 71
54 55
69 17
42 73
12 55
52 97
46 96
84 78
79 25
56 32
37 72
92 97
2 3
30 60
92 15
48 49
57 69
1 99
79 50
26 65
92 47
63 56
4 50
12 17
29 12
48 95
79 9
51 20
71 55
8 84
0 26
45 73
17 46
76 98
44 36
71 81
19 15
42 32
25 96
57 16
35 95
50 15
6 60
31 55
84 91
12 69
64 96
40 11
23 49
