5
98
38
18
85
42
100
1 21
12 86
74 93
9 17
58 71
54 77
28 50
33 58
16 46
5 76
83 93
20 99
16 20
20 49
6 43
63 81
67 82
37 65
25 33
65 76
29 55
15 47
0 54
27 70
22 32
3 12
28 57
10 27
22 93
48 70
33 74
11 92
33 95
57 94
67 76
3 67
12 64
83 96
35 93
63 74
9 15
1 12
69 76
1 36
11 12
3 8
5 89
64 80
34 39
5 51
49 79
34 87
87 92
40 91
0 11
5 40
82 90
65 96
19 62
68 80
3 10
1 4
76 77
37 91
17 51
39 52
50 86
32 60
7 22
7 46
4 46
8 36
7 99
8 69
20 95
4 65
64 79
24 95
23 43
32 79
2 68
31 99
57 92
49 83
19 51
74 87
71 75
21 53
65 75
4 13
58 64
10 13
30 84
5 25
40 52
92 94
26 88
23 69
11 24
19 68
