5
40
54
97
6
51
100
32 58
91 65
95 58
0 91
91 18
58 62
82 58
79 91
95 30
27 91
22 58
91 29
79 30
30 11
58 65
91 34
91 24
20 30
30 57
86 58
23 89
23 20
0 23
30 26
53 65
23 53
0 70
86 91
89 58
91 94
70 18
32 79
18 65
30 24
0 32
23 59
23 62
60 58
32 20
30 2
70 53
91 72
57 65
70 19
23 26
70 62
32 18
41 58
12 70
0 95
32 89
32 44
44 11
79 9
19 65
23 27
18 9
79 20
32 19
23 84
18 11
12 18
23 34
32 29
19 53
23 44
91 43
9 85
20 11
12 23
26 65
12 79
32 59
44 70
11 58
95 62
91 15
23 95
12 53
30 68
44 20
52 58
98 53
3 58
23 82
95 20
8 58
31 58
95 89
0 27
59 65
24 65
82 95
36 58
9 53
44 62
76 30
11 29
18 98
96 58
