5
97
40
39
72
27
100
47 49
49 68
49 89
37 49
47 89
37 47
31 49
31 68
49 82
31 47
2 68
37 82
31 82
10 49
31 89
47 56
10 68
1 49
22 49
10 47
89 82
56 68
37 89
37 68
31 37
56 89
34 68
47 58
22 82
66 68
49 23
22 89
37 56
31 56
22 37
6 89
2 10
49 64
47 23
45 68
47 54
6 37
49 88
2 56
35 49
45 47
6 82
45 49
49 54
34 49
47 88
47 64
35 68
47 66
58 68
22 31
34 47
10 89
68 23
1 31
1 89
54 68
47 83
10 37
2 22
64 68
2 88
1 6
47 87
49 87
13 47
31 45
31 58
5 68
66 89
83 82
31 35
37 88
2 83
47 92
49 81
37 45
80 68
31 88
82 23
92 68
37 23
2 35
42 68
47 75
31 34
34 82
54 82
45 82
89 88
10 56
22 56
49 92
35 82
66 82
