5
62
50
68
60
66
91
48 32
54 21
36 26
20 55
23 32
35 27
31 43
29 40
8 59
30 53
44 27
44 65
59 21
29 53
23 20
41 36
22 17
17 65
56 26
24 69
29 20
28 17
38 19
42 8
33 41
59 49
51 19
28 11
46 43
46 69
44 49
67 69
38 11
37 13
13 51
52 61
37 49
39 10
45 30
14 57
15 47
5 24
58 47
14 39
18 6
45 56
24 13
67 10
45 17
45 10
25 14
5 37
0 12
33 34
34 56
35 3
12 6
67 11
58 39
14 13
42 5
46 13
7 46
10 16
25 16
33 4
52 64
34 11
38 6
42 7
64 58
9 45
6 57
52 34
25 4
4 67
39 3
25 7
45 16
15 33
56 6
9 11
14 58
64 4
14 34
64 7
15 4
52 3
0 52
0 15
0 9
