5
17
11
56
54
38
100
31 41
50 70
13 63
28 46
18 57
16 39
29 52
5 22
19 74
9 31
40 67
6 21
2 36
30 60
35 60
1 8
1 35
57 73
9 48
30 69
1 43
22 59
30 70
3 60
51 68
43 61
32 60
40 49
0 53
60 63
46 65
29 30
58 65
15 43
5 46
4 44
5 6
70 71
0 21
23 40
15 50
49 71
28 73
1 24
32 40
8 43
10 35
10 19
1 49
45 52
42 64
40 65
7 55
15 45
23 66
15 28
37 46
2 27
15 24
16 71
24 46
36 51
12 14
33 45
33 59
6 60
14 57
36 68
63 64
61 67
4 12
1 28
42 60
13 68
62 69
29 60
27 30
66 69
19 33
26 48
50 60
33 63
8 50
0 68
0 26
33 40
7 42
72 74
6 70
45 62
20 59
5 49
23 74
7 15
32 35
4 48
9 29
22 25
4 37
20 45
