5
15
97
13
59
72
94
68 29
9 51
91 48
65 79
54 34
68 47
2 60
20 83
26 57
25 6
25 82
39 36
31 44
64 5
18 14
87 85
94 66
7 70
42 81
96 1
84 80
20 3
34 18
39 26
99 78
21 70
67 30
30 71
56 5
25 27
56 91
35 43
45 44
94 71
27 27
87 81
92 4
50 84
96 57
12 19
80 87
12 31
42 46
69 16
23 49
75 69
42 92
62 19
78 86
90 54
64 76
64 30
49 3
7 46
23 11
39 60
31 11
80 21
99 73
96 8
37 37
76 87
50 99
10 46
73 10
76 11
93 23
45 8
38 3
73 28
56 10
37 8
88 7
10 58
75 24
77 24
50 98
50 55
77 58
88 96
88 12
94 75
62 56
95 21
99 63
28 55
22 4
28 40
63 63
32 24
35 35
0 46
0 76
17 92
