5
34
79
75
88
28
100
31 47
58 89
58 44
3 35
73 82
22 84
29 24
24 68
0 48
62 81
44 65
56 8
56 59
41 73
5 9
89 82
65 73
5 74
49 86
32 85
21 85
14 86
52 60
3 16
87 36
42 31
77 39
55 60
86 45
25 36
45 65
6 24
21 38
87 29
49 82
21 39
16 77
80 84
61 64
61 59
6 41
56 26
20 81
8 55
63 68
23 29
4 50
87 54
77 76
35 6
41 78
8 14
9 20
52 59
6 25
0 67
54 62
60 68
43 54
41 81
9 63
37 44
20 15
64 37
23 36
48 71
8 80
6 52
72 31
53 84
85 45
16 15
26 15
26 62
1 4
10 18
13 32
12 64
17 42
66 22
15 23
25 63
7 89
51 87
12 61
48 7
78 39
70 50
20 54
70 62
63 45
53 35
48 72
42 37
53 50
72 11
72 44
4 63
30 10
52 18
