5
42
41
60
66
21
100
50 86
44 94
36 74
73 83
3 69
26 77
38 44
1 32
37 94
20 63
57 81
3 46
40 68
65 95
34 85
67 83
70 96
20 98
22 85
75 87
18 95
11 38
20 30
56 73
24 38
18 93
20 28
54 57
38 79
9 85
13 86
20 31
26 81
75 94
8 83
72 86
20 71
35 98
33 89
7 45
58 97
49 76
4 57
82 86
29 88
7 68
4 87
20 75
19 94
40 99
23 55
71 82
40 94
26 84
1 6
33 50
16 69
34 51
0 10
12 13
23 64
20 89
10 22
28 50
3 57
79 93
35 97
31 39
67 93
69 82
4 86
20 80
8 9
29 77
28 31
37 47
50 80
1 72
43 67
9 98
39 96
55 85
33 45
77 98
29 70
38 94
1 64
24 67
79 99
17 40
1 70
0 56
13 56
34 97
9 26
29 31
55 67
67 84
18 39
0 37
