5
54
52
57
16
71
100
0 98
0 86
2 36
22 98
36 98
10 3
25 98
42 98
66 98
3 98
9 98
61 98
0 67
0 59
31 23
0 42
37 98
41 98
5 98
23 98
73 24
50 98
60 98
17 98
24 98
21 98
22 62
67 62
85 62
0 56
0 25
24 62
15 62
21 62
0 81
0 37
26 62
0 66
0 1
15 87
0 97
0 17
91 62
0 47
0 65
0 10
96 62
0 72
0 9
58 62
0 26
0 61
0 84
0 41
0 4
0 89
0 51
0 58
0 80
37 77
13 97
37 90
0 94
61 68
13 6
0 60
0 12
0 39
0 22
0 78
0 92
0 68
0 23
0 14
0 48
0 96
0 13
0 79
0 18
0 49
19 77
0 90
0 93
0 19
0 28
0 31
0 64
0 55
0 6
0 85
0 87
0 83
0 15
0 11
0 33
0 8
0 24
0 45
0 35
0 34
