5
3
2
21
40
4
100
43 46
17 35
18 44
54 87
19 31
38 46
81 88
17 24
26 34
82 94
1 50
28 71
47 79
28 89
84 88
31 66
56 93
14 85
71 86
6 84
8 73
75 92
9 90
10 12
59 61
64 93
39 69
64 66
12 48
13 87
13 94
39 49
64 70
87 88
53 77
34 85
36 84
37 44
35 80
35 83
37 46
1 11
42 68
10 37
30 64
23 43
10 48
52 78
24 26
22 37
7 88
22 36
28 39
11 18
0 8
10 16
84 91
28 37
8 72
1 53
48 51
35 54
8 69
9 49
48 73
29 53
29 58
43 60
8 17
26 54
9 70
35 59
43 67
20 84
14 16
11 68
59 93
0 13
58 77
39 54
15 84
15 91
33 75
12 83
73 91
20 49
12 62
17 73
45 48
28 53
12 18
7 43
72 80
18 81
18 67
19 88
76 86
37 61
37 87
13 31
