5
77
54
49
18
87
100
56 82
51 95
28 92
13 82
45 88
52 91
29 67
43 74
15 34
35 73
40 81
74 85
50 74
83 97
59 98
26 76
9 31
2 48
10 47
46 52
90 94
28 59
43 75
11 33
10 76
19 56
4 36
6 51
26 92
17 20
13 15
24 28
21 25
29 46
37 66
30 92
68 81
12 32
33 65
12 86
32 78
31 36
35 50
36 83
47 55
8 25
36 57
9 59
30 68
24 36
11 35
9 70
48 82
28 79
32 59
21 42
3 88
6 7
2 58
11 36
43 70
61 68
47 65
85 98
38 94
63 84
19 92
66 82
23 26
23 81
85 89
7 94
23 24
23 94
46 84
3 63
60 70
42 43
58 92
73 79
69 88
13 55
12 36
25 45
32 52
76 89
75 82
19 55
69 76
56 74
17 82
35 84
50 69
62 67
3 69
9 10
14 19
12 24
1 4
62 75
