0
100
15 99
3 99
29 99
53 99
7 99
0 6
0 83
5 29
0 37
0 26
0 52
0 58
0 91
0 25
0 53
0 76
75 36
75 21
88 92
88 68
88 73
88 60
88 30
88 1
72 86
72 23
72 68
72 65
72 35
72 81
1 94
31 58
1 86
1 12
1 45
66 56
66 6
1 42
66 23
50 99
66 69
66 68
66 73
66 11
58 39
58 50
58 89
58 65
58 22
62 99
58 11
62 52
70 64
62 28
62 71
62 54
62 70
62 15
62 84
11 3
11 47
11 37
11 16
11 42
13 25
13 46
13 44
13 30
13 23
13 96
13 5
8 73
13 42
8 18
8 83
8 49
8 98
6 24
28 73
8 6
28 33
28 64
90 99
28 36
28 92
28 54
12 34
12 46
12 63
12 92
12 31
24 59
4 99
12 6
52 99
12 85
12 24
12 36
38 99
59 99
