5
79
75
29
4
48
100
99 20
99 95
99 57
64 95
6 99
0 99
57 20
65 20
65 99
41 20
22 99
6 95
60 99
0 64
82 20
36 20
65 95
36 99
0 95
82 99
64 57
22 20
99 46
40 20
22 95
99 40
0 6
20 50
65 57
99 10
41 64
99 50
46 20
22 64
0 65
82 95
36 64
6 65
10 20
20 39
60 64
64 82
20 21
95 39
71 20
22 57
71 99
17 95
60 57
64 50
0 22
64 39
46 95
64 46
0 82
41 57
0 41
0 36
0 60
6 22
10 95
36 65
36 57
6 60
6 36
40 95
65 82
84 95
6 10
17 57
0 46
95 21
22 41
17 65
99 15
64 71
36 82
99 23
65 50
12 20
6 46
65 10
93 99
22 60
6 40
22 82
36 60
91 99
60 82
36 41
12 99
38 99
71 95
20 16
6 84
0 17
41 10
49 99
12 64
49 20
