5
13
43
25
39
34
100
82 70
46 66
66 21
82 12
84 50
24 22
21 99
46 93
18 84
21 16
7 69
66 79
59 79
82 11
24 91
82 29
97 12
21 78
46 68
95 91
18 46
95 50
27 98
70 75
46 3
79 73
98 7
27 31
79 97
97 91
46 14
84 8
26 79
46 57
81 7
70 31
3 95
18 7
75 16
46 69
59 29
3 8
12 61
24 63
18 69
62 94
79 93
99 12
26 29
18 16
49 72
81 49
16 8
65 75
8 73
49 56
84 73
66 64
63 84
65 99
82 16
70 90
68 79
26 97
66 97
16 64
7 99
62 85
97 56
61 8
66 2
2 56
50 29
49 31
98 69
8 22
81 2
36 75
81 95
70 54
47 97
59 50
65 73
66 62
79 99
49 16
26 99
62 83
7 78
79 61
24 74
54 8
97 11
59 16
63 69
68 22
95 64
65 61
12 78
40 62
