5
97
88
14
21
80
100
23 71
3 74
3 78
34 71
26 49
13 27
68 49
86 71
2 36
37 26
2 91
38 71
47 27
54 27
3 35
66 99
2 25
94 53
34 58
99 26
37 36
23 36
2 6
95 27
2 96
4 12
4 64
66 52
89 4
96 37
23 81
2 47
42 62
15 53
43 60
6 43
3 7
4 22
68 91
66 85
6 23
99 36
66 61
25 43
32 62
66 13
84 27
89 55
95 71
4 96
74 75
40 71
85 4
86 26
22 55
0 66
32 52
94 58
11 23
49 39
38 55
22 36
9 53
93 26
20 53
68 13
4 82
28 44
60 36
35 36
91 61
0 58
2 5
65 58
10 43
81 44
60 55
93 75
58 82
52 93
6 36
3 67
34 13
65 62
25 74
11 43
3 20
18 58
25 12
89 28
68 85
86 55
29 49
32 85
64 54
24 26
81 69
35 60
45 22
93 42
