0
100
0 99
1 99
0 98
5 7
42 44
95 97
73 75
77 79
90 92
26 28
40 42
52 54
35 37
34 36
51 53
9 11
62 64
61 63
44 46
58 60
57 59
56 58
97 99
96 98
55 57
54 56
10 12
34 35
31 33
32 33
3 5
4 6
0 2
3 4
1 2
28 30
25 27
40 41
37 39
38 39
95 96
92 94
93 94
89 91
88 90
91 93
27 29
53 55
77 78
74 76
75 76
78 79
80 82
83 85
84 86
85 87
80 79
41 43
82 84
81 83
88 89
86 87
9 10
6 8
7 8
63 65
66 68
67 69
70 72
73 74
71 72
70 71
68 69
45 47
46 48
60 62
59 61
17 19
18 20
19 21
12 14
13 15
14 16
17 18
15 16
20 22
21 23
11 13
36 38
66 67
64 65
22 24
25 26
23 24
31 32
29 30
51 52
48 50
49 50
43 45
