5
49
78
50
89
61
100
76 88
76 21
88 30
88 67
88 21
53 88
40 6
71 88
76 7
2 21
76 9
76 56
87 31
76 3
43 88
63 31
2 5
88 10
2 67
26 30
26 87
1 26
10 6
0 76
2 9
54 26
54 30
76 77
53 84
22 30
54 6
88 29
29 6
76 38
27 31
2 27
43 26
5 84
7 31
22 54
25 88
7 6
67 55
20 31
87 30
1 88
22 2
2 10
76 73
42 6
40 87
53 67
76 60
1 53
93 26
88 77
53 63
67 84
88 27
22 63
0 22
88 66
0 40
76 16
21 29
67 3
77 6
2 77
7 21
93 67
26 62
88 20
67 51
83 6
54 5
88 69
76 32
27 67
14 88
54 2
44 31
85 6
84 51
93 2
27 84
65 26
66 30
43 63
85 26
0 71
16 31
53 55
39 6
76 12
9 55
40 63
48 21
26 69
40 51
54 3
