0
100
0 36
0 49
0 81
0 62
56 17
1 89
0 11
60 24
0 15
0 56
0 1
0 60
83 95
78 42
24 95
81 95
47 95
42 95
39 95
0 63
0 4
78 55
0 68
0 57
14 95
45 95
23 95
0 91
62 32
0 47
0 48
0 75
0 58
4 32
0 6
0 93
0 45
0 30
0 40
0 80
31 36
31 41
31 21
31 94
31 49
31 85
31 63
31 66
31 42
31 13
31 65
78 57
31 14
32 95
31 16
31 8
90 95
64 95
54 95
6 95
31 20
31 1
3 95
31 25
31 50
31 73
78 16
31 53
78 8
31 48
31 77
12 70
31 78
12 13
12 67
12 60
12 28
12 59
12 78
12 14
12 1
12 77
12 66
12 64
12 65
12 53
20 95
12 35
12 19
12 72
12 4
38 95
12 6
12 36
41 95
12 26
40 95
16 95
33 95
64 18
