0
100
0 29
0 96
0 49
0 91
0 99
0 8
0 66
75 99
2 99
80 70
23 99
0 45
0 20
70 99
0 74
0 4
0 92
0 65
0 3
0 19
86 2
0 54
0 87
0 57
86 84
86 4
86 39
86 37
86 62
86 71
86 49
86 44
15 46
79 99
15 54
15 68
15 16
76 99
10 99
63 99
91 99
98 99
23 41
15 47
15 17
15 13
15 51
15 11
15 35
30 16
15 20
15 80
30 64
30 8
30 96
30 63
62 41
30 36
30 84
62 50
30 57
62 88
62 59
10 41
76 41
62 57
62 35
76 96
52 41
28 41
54 41
8 41
78 58
59 43
22 41
70 41
27 43
78 43
8 43
89 43
19 43
93 43
62 74
79 43
62 1
23 43
55 43
62 42
62 91
62 65
62 18
62 29
62 78
62 17
3 42
62 64
70 42
79 47
62 49
62 58
