0
100
0 65
0 57
42 97
0 10
0 4
0 84
0 69
0 19
0 20
0 95
0 79
0 46
0 45
0 17
0 75
0 23
0 28
0 51
0 71
4 32
0 6
0 16
0 82
34 23
18 97
0 40
0 47
68 34
68 78
0 15
68 49
68 62
68 96
68 26
68 41
68 52
68 86
68 21
68 27
68 53
50 95
68 71
68 36
68 3
68 57
23 97
15 19
69 97
32 97
68 54
59 97
2 97
87 97
68 50
74 24
68 18
68 69
68 81
68 5
68 15
68 48
68 31
35 9
68 90
35 37
35 74
35 81
35 89
35 90
35 93
35 55
35 62
24 97
35 94
35 57
9 97
14 97
35 3
35 64
35 29
35 18
38 97
35 87
35 41
35 79
35 12
35 82
45 97
35 76
35 44
35 83
13 5
13 50
30 97
13 79
13 40
13 78
13 93
13 70
13 71
