5
93
79
13
14
31
100
42 64
22 62
34 86
71 72
8 71
5 71
19 21
42 43
21 75
22 80
1 40
54 75
56 92
19 39
34 61
58 72
57 81
53 61
19 64
6 30
7 76
19 68
19 72
6 17
9 42
3 38
23 78
33 77
8 85
22 58
80 82
12 62
27 43
37 53
4 27
10 15
67 76
60 77
67 94
25 96
0 10
7 24
37 59
34 40
48 89
61 89
68 73
30 85
76 94
90 94
55 63
21 25
8 88
7 89
2 9
73 87
29 73
25 76
81 91
21 38
20 44
59 76
80 83
21 71
59 80
6 34
24 47
40 59
59 87
25 81
19 92
12 26
39 41
26 43
47 91
24 29
5 56
28 90
24 75
19 27
5 27
35 37
18 87
9 52
15 54
10 41
44 65
28 64
15 42
4 73
23 73
10 28
23 48
37 92
3 85
29 94
4 48
16 65
15 26
63 67
