5
15
12
77
96
90
100
49 82
86 11
37 78
49 56
29 92
19 72
47 98
70 13
11 72
17 88
39 62
9 86
25 94
80 43
25 84
9 52
76 31
3 50
3 78
25 64
39 76
43 98
7 68
25 54
1 66
1 92
33 60
19 66
88 23
58 27
21 56
0 89
31 82
0 79
17 80
58 13
0 69
0 59
70 47
33 68
41 62
60 27
74 25
21 52
7 50
45 98
88 45
35 86
78 45
35 76
68 45
66 35
58 45
35 56
5 80
5 70
5 60
5 50
24 86
24 61
0 39
0 29
0 19
0 9
91 34
28 88
85 22
66 34
32 65
28 63
60 22
35 94
48 98
42 95
38 93
92 36
87 26
18 83
16 82
14 81
4 76
2 75
48 73
71 44
42 70
38 68
67 36
24 11
62 26
18 58
16 57
14 56
64 45
4 51
2 50
49 48
46 97
5 84
24 57
84 45
