5
7
86
50
37
63
100
14 32
67 88
28 30
22 65
55 59
25 28
2 16
55 73
60 70
2 27
8 51
42 43
52 54
42 65
14 24
77 83
68 77
5 27
21 46
45 70
41 47
18 89
28 67
30 31
41 45
73 75
6 35
48 53
64 65
6 19
17 70
61 78
30 56
8 78
53 72
13 52
18 39
57 80
24 30
8 73
41 87
35 82
4 75
54 81
1 40
15 24
55 69
22 69
25 66
42 71
38 75
1 74
0 40
60 81
6 10
85 88
13 83
46 74
2 78
64 71
2 73
12 88
47 66
88 90
48 68
27 57
31 47
66 78
77 79
58 70
20 57
58 88
32 70
3 58
15 70
59 81
78 79
26 52
25 43
15 48
71 83
58 72
30 44
10 89
3 8
28 66
34 77
56 67
12 22
14 17
2 91
2 30
31 40
13 71
12 18
49 64
5 88
21 73
21 58
21 47
