5
92
9
61
63
17
100
84 35
80 35
46 8
69 76
41 46
22 71
46 77
62 52
22 57
76 8
84 69
46 91
35 99
80 76
41 84
84 91
41 62
62 77
22 91
0 46
69 52
0 22
0 84
69 57
22 54
69 71
34 35
39 35
22 11
46 16
16 35
90 35
71 52
27 35
69 8
5 35
84 11
97 35
41 52
12 76
22 12
46 34
87 76
65 8
46 44
91 8
77 52
42 62
65 69
38 35
65 52
76 81
22 44
62 34
11 69
62 81
22 31
13 46
77 91
46 97
24 76
54 57
76 90
84 34
41 65
24 62
11 8
84 27
31 76
54 52
80 51
51 91
12 57
54 77
88 71
38 76
0 80
76 66
71 93
51 77
42 71
11 91
77 99
80 99
13 76
11 77
69 16
42 69
51 65
56 84
69 32
57 93
46 70
97 76
21 35
12 71
88 35
0 41
22 66
93 52
