5
48
21
36
24
11
100
15 60
0 50
0 22
0 2
59 60
40 60
0 44
0 9
57 60
0 16
14 60
35 60
4 46
28 47
5 27
1 4
20 47
29 53
8 10
20 26
5 29
20 38
32 33
7 54
25 33
27 45
4 33
12 39
46 51
49 51
12 18
42 47
30 47
8 12
12 25
8 29
26 51
19 29
43 55
17 45
17 30
34 58
10 23
23 49
31 42
5 47
6 7
33 38
23 51
1 52
17 57
54 59
14 41
27 33
33 49
19 30
8 37
10 12
35 52
38 43
3 53
23 40
4 58
17 59
19 40
14 54
26 56
40 56
33 43
5 38
4 56
8 40
37 59
40 52
18 51
8 27
30 41
32 41
7 39
31 33
6 40
23 30
4 57
22 47
7 53
30 55
20 27
9 26
22 43
3 8
23 31
17 49
26 37
51 54
25 35
17 29
35 51
1 47
35 39
15 26
