5
27
15
70
79
24
100
38 62
18 21
60 76
18 26
26 71
35 76
58 91
7 21
58 75
9 87
18 85
52 84
52 85
13 85
20 57
56 66
29 36
36 86
81 85
37 44
52 90
39 89
53 56
40 45
46 68
3 58
12 42
16 59
3 43
12 33
68 80
41 78
69 80
38 59
17 36
23 68
25 49
23 57
33 60
25 60
40 51
2 35
2 34
22 86
33 93
46 61
82 84
3 55
44 51
14 65
37 75
44 48
8 54
9 43
9 64
33 48
5 68
56 74
36 77
1 42
69 91
39 55
11 53
9 58
56 89
13 72
33 52
56 93
17 45
13 81
45 80
64 71
25 65
64 69
12 88
38 66
59 62
46 64
40 62
1 83
1 71
53 72
10 55
47 92
10 52
50 72
8 23
19 58
32 65
37 65
13 52
6 91
9 35
39 57
13 30
14 22
5 44
13 75
23 31
77 91
