5
58
91
84
66
95
100
18 36
92 93
77 25
62 3
18 76
40 18
5 18
7 80
59 18
55 25
92 52
92 8
29 25
77 45
19 93
96 36
86 18
75 18
82 18
3 28
59 80
3 52
98 80
53 18
71 36
18 79
20 80
13 3
77 20
20 25
62 96
77 89
42 19
48 25
7 8
26 36
93 68
40 3
77 59
62 71
19 28
77 34
7 49
3 23
86 80
88 80
18 10
71 42
5 25
90 25
57 3
25 4
82 80
62 45
72 28
18 63
77 50
7 29
90 93
21 80
45 52
42 52
56 36
55 45
45 28
88 93
65 93
56 72
64 93
92 68
51 36
42 45
25 1
12 28
49 29
62 12
20 96
46 36
33 93
56 96
42 98
49 8
28 8
97 92
51 52
53 93
7 45
5 96
82 59
87 72
72 48
62 34
37 3
42 70
46 71
40 96
72 34
55 92
64 92
8 68
