5
8
77
39
63
44
95
78 79
27 28
18 19
36 37
6 7
94 95
66 94
92 93
98 99
85 86
65 66
46 47
6 11
25 40
15 16
15 54
18 27
83 88
12 22
64 65
61 62
38 42
60 61
73 74
9 10
21 22
82 83
42 43
55 56
49 50
54 55
20 21
37 64
0 41
45 46
29 30
37 38
12 82
5 88
72 73
45 56
26 34
43 76
81 82
67 68
46 90
33 34
69 70
11 81
68 69
29 95
32 33
11 12
24 72
59 60
24 25
16 69
2 54
2 3
13 14
26 76
67 86
97 98
88 89
20 89
31 32
17 18
58 59
35 58
10 89
16 35
30 31
89 90
70 71
14 71
57 58
48 61
17 96
74 75
41 97
17 49
48 93
57 73
86 87
13 97
13 33
1 2
52 81
96 97
4 5
1 53
23 87
1 51
51 84
51 52
