5
46
83
89
73
25
100
54 47
54 64
14 47
24 64
14 64
23 47
59 81
2 54
21 81
57 29
24 48
14 6
21 54
38 59
43 86
75 81
58 86
22 86
14 48
27 29
48 29
56 88
64 94
6 85
44 47
4 81
38 92
11 29
57 22
5 64
62 47
22 29
4 64
21 84
42 86
2 88
12 47
59 92
2 27
67 64
1 38
11 70
17 54
59 56
85 86
82 29
38 21
58 29
14 41
82 23
92 48
54 69
38 95
2 56
1 14
0 57
7 47
50 86
56 22
71 11
67 38
55 6
82 86
41 84
23 58
27 23
8 6
3 24
44 86
71 82
1 59
14 75
56 94
9 24
55 24
5 59
60 88
21 11
10 14
57 62
42 29
33 23
47 90
54 26
71 92
65 64
8 64
27 11
57 58
2 84
71 43
22 58
84 32
15 86
86 94
38 36
17 64
24 44
56 43
48 85
