5
3
4
83
24
30
100
5 14
5 69
5 56
14 56
14 89
14 98
14 99
33 56
99 69
77 56
99 56
5 20
33 77
5 6
5 77
44 99
5 29
5 88
37 56
5 18
44 69
5 65
11 99
5 96
65 69
6 33
33 98
20 99
69 56
5 87
5 11
11 14
33 44
14 33
89 56
5 43
5 91
5 80
5 15
65 77
54 77
5 93
5 78
33 54
14 96
44 77
29 33
5 98
11 33
29 99
14 91
37 89
37 99
20 69
5 23
33 71
43 99
5 81
14 71
44 98
6 57
33 65
5 13
44 65
5 89
29 44
14 42
6 62
87 69
99 15
5 42
90 99
87 56
12 99
44 56
71 98
71 69
6 18
33 43
99 42
54 89
6 98
98 69
99 1
29 69
20 44
57 89
65 56
14 90
5 75
6 11
5 95
87 77
6 88
14 38
37 54
6 97
71 77
44 54
89 77
