5
55
7
60
28
65
100
72 80
70 90
17 37
63 90
2 59
2 74
27 47
2 83
58 72
57 89
29 78
56 63
31 76
51 87
32 59
51 63
51 52
33 75
10 81
10 48
35 39
46 47
6 71
44 83
36 49
43 67
42 58
0 85
0 49
40 45
17 66
86 90
83 92
21 44
25 46
45 70
8 21
34 69
49 51
58 61
70 76
21 40
23 83
36 50
2 73
4 9
38 51
37 84
33 40
2 68
1 6
9 40
26 88
1 12
21 86
16 52
24 86
25 61
59 70
39 80
11 53
13 91
39 82
0 8
15 63
34 50
64 78
78 83
48 61
56 73
1 79
72 85
43 83
34 56
32 92
47 62
47 84
6 26
34 89
20 43
24 83
71 77
46 58
26 29
58 64
12 18
34 91
49 68
3 47
24 37
29 46
19 25
40 88
12 72
20 29
8 86
31 89
39 44
2 71
16 89
