0
99
0 27
0 24
7 34
1 67
0 50
2 21
0 6
2 3
2 44
9 10
8 7
6 5
59 73
17 18
58 57
17 16
59 19
59 60
59 37
12 13
3 55
11 10
3 63
3 18
4 5
74 95
88 87
61 60
61 62
61 30
61 32
49 86
51 52
41 97
49 48
40 39
41 48
42 43
27 95
29 30
29 25
28 67
23 95
26 73
25 5
22 21
22 33
57 56
63 64
79 80
79 78
16 15
47 20
47 81
47 46
10 92
14 15
73 74
73 78
81 82
72 71
64 65
88 91
88 89
88 74
85 86
85 84
97 99
38 37
93 99
95 99
38 66
96 98
97 98
75 76
82 83
82 91
74 53
71 70
46 45
44 45
55 70
94 69
96 97
67 84
34 35
43 71
68 69
91 87
54 67
76 77
32 31
76 94
95 77
56 55
95 94
96 94
91 90
93 94
