5
7
82
52
87
70
100
42 98
73 42
61 42
42 86
97 42
61 45
57 61
42 67
65 42
35 9
45 86
9 12
53 45
57 99
99 98
40 12
61 86
9 73
55 12
54 12
35 65
57 40
99 61
57 96
72 42
11 35
17 98
96 45
95 45
59 42
61 17
12 94
73 15
93 12
35 94
91 42
4 45
45 49
55 86
61 49
33 86
5 98
11 95
11 86
53 9
99 95
57 34
9 17
55 9
88 42
35 21
53 40
50 42
93 95
40 98
53 49
21 12
60 35
55 17
95 19
22 12
95 47
36 42
11 40
55 49
92 98
25 86
53 97
9 54
17 33
83 33
93 86
80 86
0 57
65 9
41 95
61 4
95 4
47 98
73 19
35 27
61 25
69 33
15 49
11 4
43 98
83 96
97 33
76 35
57 19
69 96
39 98
27 98
57 21
15 33
73 21
73 78
74 95
35 28
99 23
