0
100
26 96
0 14
63 87
32 96
52 96
86 96
0 54
0 33
31 96
0 56
48 96
3 96
0 94
8 96
24 96
72 96
50 96
0 61
0 82
89 54
58 96
0 30
35 96
66 96
0 36
54 96
0 46
0 89
0 63
0 53
0 11
61 96
78 96
66 70
0 24
0 67
0 84
0 86
0 34
88 44
88 13
88 67
31 70
88 6
88 15
88 34
88 86
88 95
88 55
88 31
88 48
37 65
88 24
88 92
88 74
88 82
81 70
63 70
88 78
88 91
88 81
88 33
88 21
43 74
88 94
43 84
43 73
43 53
43 86
5 65
43 77
43 2
43 5
43 31
71 70
43 19
43 24
43 81
43 67
43 28
43 56
43 54
37 70
43 16
8 27
8 51
8 74
8 56
8 6
39 70
8 62
8 11
65 70
58 70
32 70
78 41
8 39
8 30
8 86
8 20
