5
67
24
18
50
58
100
69 69
4 59
12 62
48 57
12 51
12 49
48 59
4 69
48 61
12 39
34 62
4 77
12 33
12 30
34 77
29 65
34 81
47 80
47 56
20 32
4 34
68 71
47 62
47 65
12 88
47 68
12 86
29 29
29 36
47 73
12 79
47 76
12 73
48 69
34 56
34 53
11 81
11 79
11 78
34 38
5 28
33 79
5 35
49 89
65 79
5 41
49 93
5 43
20 72
5 45
49 56
49 51
66 66
49 49
48 80
66 93
48 83
4 91
4 92
4 96
34 91
66 87
48 93
11 94
48 98
29 73
11 92
48 99
11 90
66 77
4 29
68 79
4 27
35 48
70 90
13 77
46 49
28 69
13 74
13 73
46 54
70 80
70 78
3 65
35 43
3 69
19 96
28 66
45 75
13 87
45 72
44 99
71 97
35 57
45 49
3 27
71 92
70 73
28 44
45 53
