5
84
52
9
51
72
100
24 36
12 31
17 75
23 80
42 47
12 83
40 75
13 40
3 44
64 75
34 92
3 34
20 58
73 78
31 66
70 82
55 57
18 50
75 78
2 27
12 38
10 13
28 40
1 91
39 87
3 94
11 33
0 12
26 45
17 68
26 40
29 80
29 33
59 63
17 89
31 85
61 66
23 93
18 83
70 76
63 95
19 90
22 59
60 62
68 86
25 90
4 76
4 15
82 94
28 82
69 95
4 63
80 91
38 73
39 79
55 80
37 50
11 13
40 58
35 81
11 81
74 85
5 94
7 11
40 64
12 76
59 89
79 91
2 59
58 87
16 50
32 82
15 74
55 60
2 90
41 78
3 5
78 79
73 88
39 93
37 82
88 95
27 86
40 46
56 87
37 80
28 83
2 19
37 41
36 70
62 92
30 31
64 90
60 67
41 91
34 86
1 33
1 23
63 93
27 81
