5
80
14
79
67
70
100
41 83
3 27
98 93
3 6
25 93
83 57
8 85
81 49
27 28
41 94
48 39
3 65
55 77
71 44
96 32
98 49
95 51
2 25
24 41
78 42
31 54
71 88
2 62
31 94
84 63
44 26
1 58
71 64
69 35
19 64
33 39
2 36
28 45
17 32
4 53
6 19
1 27
95 54
88 40
81 45
59 42
96 87
82 51
91 77
96 28
19 98
10 50
74 64
19 91
28 38
62 87
4 16
89 49
18 44
82 30
36 63
11 30
69 77
24 50
43 81
58 5
89 39
6 89
62 27
56 49
71 54
4 94
30 90
74 24
10 95
74 54
36 46
21 88
65 19
53 52
85 16
43 95
88 52
0 94
56 46
25 5
24 90
1 56
76 50
43 24
97 87
61 84
1 10
65 45
4 37
33 40
99 81
9 91
58 62
53 20
59 30
37 84
75 41
29 55
85 48
