5
13
37
10
55
44
100
36 51
54 86
12 14
4 74
17 53
12 42
12 48
4 83
23 48
43 71
9 27
7 81
3 41
48 70
0 88
38 80
25 62
28 34
6 20
38 72
15 59
26 43
5 88
60 84
2 5
26 83
33 81
18 60
36 76
35 63
3 20
33 70
87 89
34 65
0 27
8 61
26 40
16 71
30 57
76 89
35 78
0 67
33 56
16 59
59 67
30 39
24 84
24 88
85 89
36 67
60 71
72 88
87 90
49 81
14 64
3 25
57 77
2 83
31 58
22 33
61 75
17 40
78 87
17 36
21 65
21 46
20 36
21 28
40 80
2 69
77 78
0 24
22 27
12 46
12 29
12 38
28 45
6 8
4 21
65 83
2 51
62 68
34 36
12 83
3 34
1 20
30 50
11 38
47 73
1 49
47 84
12 66
71 79
1 42
2 78
45 81
11 20
41 90
7 61
23 30
