5
93
4
10
78
92
100
47 64
59 98
14 68
56 96
30 40
65 66
1 3
20 40
18 42
77 86
1 37
39 54
25 47
34 66
13 55
54 73
16 83
31 37
20 48
29 56
38 84
70 77
45 79
12 55
5 38
43 62
33 66
72 83
7 77
46 47
48 72
31 49
2 66
23 41
45 56
22 60
27 64
36 86
64 67
8 41
67 86
32 62
13 44
18 98
30 97
7 14
44 45
77 88
83 91
23 72
2 3
19 22
72 82
51 98
22 87
8 31
45 67
44 50
1 60
18 68
72 95
48 83
13 60
43 60
1 31
21 83
49 84
18 71
7 52
20 56
54 59
33 83
26 91
9 81
40 71
20 63
79 91
47 89
67 80
47 94
50 86
48 52
17 41
24 75
25 71
42 75
39 51
33 53
1 35
72 73
2 18
17 56
57 83
87 97
82 83
11 51
85 86
5 52
47 87
20 73
