5
23
49
2
25
4
100
33 53
10 58
24 39
59 99
10 52
10 50
24 45
10 47
24 46
60 69
24 48
24 50
41 79
41 78
41 76
24 55
59 97
24 38
10 62
59 93
59 67
42 45
41 99
10 84
41 97
10 34
41 93
59 85
10 73
59 87
10 68
24 34
24 35
59 92
10 76
24 57
41 72
61 77
61 79
9 72
41 46
41 42
40 98
61 88
61 89
9 61
61 93
62 63
9 77
9 78
9 79
61 68
10 29
24 64
60 87
24 65
10 20
41 74
10 19
41 63
24 73
24 74
9 95
61 63
24 78
24 81
10 14
59 65
57 75
11 97
11 96
11 95
57 78
11 93
11 89
11 84
11 82
57 89
57 90
42 90
12 20
57 68
22 86
22 90
12 39
12 38
56 97
56 98
22 92
12 34
12 31
57 59
57 60
42 97
42 95
22 98
57 67
12 32
57 95
58 86
