5
28
36
4
92
29
100
27 93
26 51
15 79
10 91
7 43
39 83
7 24
5 87
39 94
47 79
19 80
6 49
14 52
22 72
44 71
22 26
21 47
20 87
6 81
5 21
24 47
48 86
82 85
61 70
33 44
46 62
31 66
8 71
31 44
9 25
51 74
8 18
3 79
37 76
27 74
48 55
9 42
16 34
77 79
16 65
16 78
51 60
6 66
54 79
7 8
8 46
8 54
9 61
9 90
56 62
10 68
51 95
7 75
62 87
83 84
11 83
12 16
12 45
53 55
10 81
6 38
45 81
46 67
64 79
25 42
25 65
87 94
38 87
26 67
70 90
35 78
3 12
31 55
2 13
41 42
41 75
40 50
22 43
18 20
46 50
8 45
45 78
45 49
44 87
0 54
18 53
8 41
43 51
19 68
44 48
6 47
74 87
3 68
64 67
61 81
3 94
6 78
8 13
66 78
65 85
