5
55
12
54
11
56
100
19 20
62 63
48 49
5 6
44 45
1 2
13 15
3 4
46 47
65 75
97 99
98 99
95 99
24 26
75 80
25 27
22 28
22 27
24 28
23 27
25 26
22 26
65 82
23 26
25 28
24 27
74 75
39 43
42 43
40 43
38 43
65 71
35 41
82 69
92 96
36 42
86 92
37 42
85 91
85 92
87 90
34 42
86 94
92 97
36 39
36 38
85 89
88 94
89 95
34 41
88 91
34 38
93 97
35 38
90 96
86 93
87 94
91 95
94 96
65 74
87 92
36 41
85 94
37 39
92 95
92 98
90 95
93 95
91 98
93 98
94 97
87 91
36 40
91 97
90 98
85 90
86 91
88 90
87 89
89 97
89 96
85 93
86 89
88 93
35 39
37 40
35 40
82 66
28 32
82 70
27 33
26 31
28 31
28 30
77 69
26 33
26 29
26 30
27 30
27 31
