5
52
61
85
77
60
100
0 24
0 26
0 21
0 16
0 1
0 28
0 7
0 5
50 97
0 10
0 20
0 3
0 14
0 19
0 42
0 44
0 22
0 17
0 12
0 31
0 43
76 97
49 97
0 46
0 2
0 27
0 47
68 97
0 34
91 97
69 97
0 11
0 35
0 13
0 39
0 40
0 41
0 4
0 30
0 18
0 15
0 8
0 37
0 33
0 25
0 6
70 97
0 48
0 29
0 23
0 38
0 36
0 9
45 86
0 32
45 78
45 56
45 58
45 54
45 82
83 97
45 71
45 67
45 73
45 76
51 97
45 83
45 72
45 51
45 96
45 59
45 66
45 92
75 40
45 91
45 90
45 88
23 90
45 62
45 81
53 97
45 68
45 93
45 84
45 74
58 97
45 89
95 97
55 97
45 63
45 69
45 53
45 55
45 50
45 70
45 49
45 64
45 80
45 94
45 57
