5
2
37
55
70
39
88
92 93
51 52
65 66
78 79
58 60
20 22
27 28
19 20
52 54
86 87
32 34
46 47
93 94
81 82
17 19
85 86
10 11
56 58
63 65
4 5
89 90
9 10
24 25
72 74
88 89
86 88
46 48
4 6
65 67
5 6
45 46
94 95
33 35
75 77
94 96
7 9
98 99
27 29
77 78
50 51
9 11
29 30
28 29
16 18
74 76
22 23
90 91
13 14
83 85
76 77
17 18
22 24
78 80
68 69
23 24
49 50
47 48
20 21
13 15
51 53
42 44
89 91
15 17
15 16
57 59
32 33
61 62
3 5
42 43
60 62
96 97
43 45
25 27
82 84
59 61
62 64
40 42
11 13
74 75
31 32
66 67
81 83
95 97
97 99
71 72
34 36
6 7
80 81
