5
93
11
63
56
95
100
89 91
16 68
72 89
59 77
47 79
5 89
42 54
65 96
38 92
23 36
3 81
27 71
47 86
27 51
45 57
5 59
48 85
26 39
20 65
60 90
35 85
20 94
31 44
52 60
27 82
36 85
43 74
4 20
67 69
46 70
17 73
26 58
86 89
2 72
34 88
6 57
52 67
4 35
21 65
1 61
8 77
39 60
8 81
65 88
74 79
6 96
66 92
6 45
84 88
24 29
70 73
21 94
8 51
34 79
10 48
44 76
71 80
9 34
1 42
4 29
14 72
32 87
14 57
59 80
25 33
25 42
51 75
1 15
33 83
14 33
22 67
34 50
31 65
35 71
30 46
13 27
17 29
10 15
2 82
28 75
55 88
80 84
18 58
46 47
18 34
17 70
10 60
6 80
12 64
33 34
35 70
40 44
66 96
27 28
26 67
38 68
44 84
21 45
52 86
35 82
