0
100
0 18
9 53
0 65
62 99
0 28
20 99
9 64
9 68
9 78
9 43
9 51
12 21
9 14
9 96
19 99
12 52
12 40
12 32
12 14
26 20
26 64
26 80
26 11
26 7
82 78
82 37
33 99
39 99
61 35
49 35
90 35
19 35
82 43
91 35
82 88
59 30
42 30
2 30
41 30
43 30
63 95
88 95
64 55
18 95
68 95
93 95
70 66
55 95
88 66
8 66
82 39
82 84
82 46
82 16
53 19
82 10
53 81
53 33
53 69
53 10
28 21
28 32
38 60
38 71
38 41
38 63
76 60
20 18
20 75
20 27
20 14
47 70
47 8
47 40
65 39
47 88
65 93
65 49
65 78
65 1
65 61
6 77
6 3
6 63
6 91
6 56
97 59
97 41
97 2
97 16
14 8
14 15
14 32
14 84
17 60
14 58
39 60
11 98
85 60
11 54
