5
55
43
49
11
14
100
0 70
0 32
0 20
0 23
0 38
0 65
0 47
0 57
0 26
0 46
65 61
34 70
22 70
63 70
0 66
0 58
0 53
0 17
0 21
0 22
0 9
0 54
0 60
61 70
0 48
0 7
51 70
0 25
0 28
0 3
21 70
0 68
0 61
0 8
0 37
42 45
0 62
0 67
0 40
0 1
34 28
34 32
34 31
34 60
34 17
34 33
45 70
34 4
20 69
34 20
34 45
44 70
34 5
34 41
18 70
64 70
26 70
15 70
3 70
54 70
57 70
13 70
34 12
48 70
28 24
34 44
34 30
29 70
34 23
50 70
53 70
4 70
34 59
34 67
34 65
34 58
34 6
24 70
34 10
8 70
40 70
1 70
66 70
34 46
34 51
34 40
34 26
34 61
34 16
34 39
34 56
34 54
34 50
34 69
34 42
24 4
34 48
24 26
24 25
24 38
