5
55
58
17
28
20
100
0 60
0 15
0 47
0 1
0 40
0 66
0 68
0 16
0 49
0 30
0 67
0 46
0 23
0 14
0 26
0 50
0 53
0 65
4 71
10 71
26 71
13 71
5 71
68 71
0 4
0 9
0 36
0 7
0 62
0 19
0 2
47 71
0 25
45 71
64 71
0 31
29 71
46 71
2 71
67 71
0 32
42 71
0 33
0 8
60 71
0 64
54 71
48 71
0 24
0 22
44 71
0 10
39 7
0 63
0 13
0 27
0 44
0 11
0 5
0 59
0 57
0 39
0 37
0 52
43 2
0 61
43 66
43 57
43 8
43 48
43 36
43 59
43 38
43 60
43 9
43 12
19 71
43 41
43 37
43 71
4 34
70 71
7 71
43 14
43 32
43 63
43 33
43 68
43 24
43 26
43 42
43 51
43 39
43 40
43 65
43 3
43 67
43 10
43 29
43 13
