5
37
14
31
78
34
100
79 81
5 82
1 50
40 87
54 79
27 39
46 63
73 94
38 61
46 84
74 96
28 81
3 21
21 80
7 69
63 64
15 99
11 49
6 45
52 54
3 53
6 71
46 81
24 27
54 96
66 69
38 40
51 75
17 76
17 38
74 79
47 96
6 22
0 40
7 68
26 66
76 93
9 26
7 27
54 61
22 84
9 98
3 28
30 38
58 71
57 99
22 62
12 22
72 92
11 77
13 71
88 96
8 29
23 53
27 94
12 17
51 96
32 68
20 84
7 33
17 48
49 57
17 45
11 20
30 43
33 36
7 8
5 42
16 43
58 87
58 63
13 46
57 58
12 93
65 70
42 99
22 99
38 47
47 95
52 92
39 93
27 47
51 84
15 38
52 94
68 69
91 98
65 84
20 88
5 64
56 74
41 72
35 41
2 77
23 41
3 51
29 47
21 43
62 75
3 62
