5
61
23
84
48
58
100
60 99
0 92
0 19
0 2
0 69
0 88
0 98
0 7
0 93
0 18
0 12
0 1
0 15
0 22
0 20
0 99
0 62
0 47
0 67
0 63
0 71
0 30
79 99
0 38
0 34
0 39
0 57
0 9
0 26
0 6
0 31
0 95
49 99
0 72
0 37
0 5
0 14
0 33
0 44
0 4
0 25
78 99
0 94
0 75
20 99
6 99
77 99
27 97
27 29
27 55
76 99
27 89
27 13
80 90
27 38
27 72
27 14
27 80
27 39
27 42
27 69
27 7
27 16
27 65
27 11
27 37
27 81
27 70
27 45
27 34
87 99
83 99
27 92
27 78
27 88
27 82
15 99
27 21
90 99
27 98
92 99
52 99
27 63
27 62
66 99
27 28
27 18
27 33
27 26
27 36
27 9
27 52
27 44
27 59
27 90
27 40
27 25
27 56
17 53
17 86
