5
46
81
87
30
86
100
35 60
25 29
68 69
66 77
8 71
84 98
35 47
5 72
41 58
57 59
3 5
37 45
21 57
4 99
13 20
41 66
21 62
14 44
72 83
31 60
84 88
26 82
25 71
5 61
28 69
52 68
36 37
20 28
53 91
64 89
61 64
6 13
13 15
42 57
5 90
17 47
36 77
20 77
20 51
42 66
36 74
13 28
9 47
63 84
8 45
16 52
17 83
61 72
14 70
12 50
5 21
12 40
2 23
53 74
14 22
36 97
52 99
49 85
0 34
26 63
39 76
49 92
29 45
18 70
33 40
77 83
34 79
6 37
0 65
42 64
10 65
7 38
22 39
38 78
70 83
9 18
1 60
14 51
10 41
21 78
14 17
15 41
23 48
25 44
15 99
58 78
60 62
11 18
62 95
10 67
37 52
18 34
21 45
11 59
55 85
29 97
1 68
37 94
54 73
55 63
