5
62
56
93
40
58
100
17 33
95 7
20 7
88 33
89 50
26 12
7 25
75 50
12 23
32 33
73 33
20 23
12 95
50 10
36 9
50 97
95 29
75 7
33 37
36 79
7 10
63 65
44 36
31 45
89 65
9 15
90 31
26 42
80 23
30 50
8 88
17 21
81 7
48 31
89 31
78 24
75 15
72 33
63 18
8 32
4 17
12 41
17 16
80 31
83 7
80 69
26 69
26 11
41 31
48 20
10 31
12 5
89 45
97 31
26 99
78 76
15 19
29 45
8 47
8 24
12 10
51 95
55 36
36 38
23 53
78 75
97 23
81 20
61 2
24 45
61 17
63 72
88 83
25 45
75 2
49 65
70 50
75 32
78 19
14 95
63 97
9 29
17 38
59 36
47 32
63 11
24 90
73 46
61 47
32 69
12 74
2 12
78 20
63 42
20 19
50 72
12 28
78 18
52 23
8 81
