5
90
31
45
21
93
100
0 35
75 99
0 52
0 87
78 99
42 99
0 7
0 32
38 99
0 86
0 61
0 69
0 79
0 19
0 23
0 14
0 54
0 24
0 99
0 84
0 71
0 72
0 59
35 99
0 91
0 88
0 25
0 20
0 77
0 4
68 73
39 99
33 99
92 99
18 99
73 99
7 99
54 99
0 22
0 57
80 99
97 99
20 99
64 99
40 99
0 47
65 99
17 24
0 67
0 49
0 58
16 99
0 17
98 5
24 99
0 3
0 98
2 99
53 99
89 99
0 37
0 33
0 30
0 34
0 65
0 81
0 12
0 39
0 83
0 50
0 97
26 99
0 27
0 26
5 99
44 96
70 99
0 64
0 70
0 92
0 60
74 99
28 99
87 99
0 2
96 99
91 99
34 99
0 74
0 68
0 55
0 94
0 38
46 94
0 18
0 40
0 80
0 8
0 89
0 11
