5
2
51
52
50
53
100
1 99
0 98
0 97
99 3
99 4
0 96
0 95
99 5
0 94
99 6
0 93
99 7
0 92
99 8
99 9
0 91
99 10
0 90
0 89
99 11
0 88
99 12
0 87
99 13
0 86
99 14
99 15
0 85
0 84
99 16
99 17
0 83
0 82
99 18
0 81
99 19
99 20
0 80
99 21
0 79
0 78
99 22
99 23
0 77
99 24
0 76
99 25
0 75
0 74
99 26
0 73
99 27
0 72
99 28
99 29
0 71
0 70
99 30
0 69
99 31
0 68
99 32
99 33
0 67
99 34
0 66
99 35
0 65
99 36
0 64
0 63
99 37
0 62
99 38
0 61
99 39
99 40
0 60
99 41
0 59
0 58
99 42
0 57
99 43
99 44
0 56
0 55
99 45
0 54
99 46
99 47
99 48
99 49
0 49
0 48
0 47
0 46
99 54
0 45
99 55
