5
93
48
98
95
82
100
23 85
43 77
23 92
10 90
8 69
64 96
9 71
29 39
58 74
49 77
17 43
18 53
11 88
63 96
16 72
27 56
47 50
77 99
33 74
15 64
30 43
54 74
34 51
3 59
23 65
24 30
38 64
47 54
71 97
38 77
37 81
7 53
39 50
16 25
32 41
11 31
23 63
29 44
31 35
0 85
39 70
26 76
6 23
9 17
61 83
11 37
15 16
38 66
26 41
49 80
25 29
30 78
59 92
4 29
18 88
8 55
49 58
24 68
4 13
22 87
15 75
58 72
11 54
2 64
26 90
63 87
10 37
25 49
72 88
43 61
57 91
12 68
14 89
3 19
34 46
3 12
37 63
1 21
51 53
36 57
13 49
56 67
8 99
33 88
1 36
69 84
16 62
58 76
15 66
84 86
26 63
10 53
41 83
16 96
15 19
41 63
12 72
76 96
63 97
28 35
