0
100
81 26
44 99
0 93
0 89
87 38
0 17
0 66
0 81
30 15
87 93
26 99
30 2
30 8
30 7
26 51
55 46
47 83
47 59
57 64
57 41
25 21
57 77
25 89
35 99
25 93
73 99
96 99
24 37
24 77
50 33
32 73
32 86
54 13
93 14
62 72
38 99
62 83
62 78
62 96
62 53
62 28
70 74
15 99
70 27
98 36
70 38
97 99
78 80
36 80
79 43
12 20
12 63
76 64
31 69
31 88
31 6
22 53
4 72
39 90
39 71
39 89
66 10
66 91
66 78
56 85
56 34
38 3
56 63
38 59
38 21
17 46
10 45
29 9
40 20
29 88
3 94
71 95
46 89
58 7
49 33
58 69
11 72
58 91
34 98
49 16
4 19
4 89
4 77
75 51
20 90
44 23
20 84
37 13
44 89
37 35
52 82
52 23
52 53
67 72
90 43
