5
47
69
33
22
60
100
2 18
91 50
5 91
75 2
52 36
85 2
5 2
91 15
52 74
36 50
23 18
5 50
2 89
25 50
13 48
25 48
75 50
38 48
66 91
9 75
18 89
38 50
25 74
89 15
16 91
9 23
52 32
5 13
41 15
15 62
91 30
78 91
18 41
41 50
50 72
18 62
45 2
46 91
75 23
15 67
12 15
19 2
66 50
18 7
16 5
18 46
36 41
1 36
16 23
40 74
66 74
52 59
18 12
32 48
35 50
63 15
2 35
64 2
36 39
63 66
53 91
5 39
12 74
63 55
75 1
75 89
67 74
5 89
43 5
79 18
1 23
1 63
91 65
64 91
1 5
52 88
5 61
16 25
75 62
36 15
91 81
78 48
48 97
85 32
13 66
1 85
75 66
13 32
52 71
25 72
52 97
13 55
25 89
52 79
23 72
51 50
89 77
63 58
1 13
23 61
