5
75
97
98
94
8
100
88 29
72 84
79 29
11 88
0 1
52 92
36 58
84 65
22 39
1 10
70 29
7 89
1 79
69 88
69 35
43 39
76 88
33 35
70 92
52 58
54 84
0 56
10 22
57 92
72 24
0 60
87 88
32 39
10 66
69 91
76 89
82 29
2 26
0 57
61 72
7 66
12 84
31 92
67 35
76 36
66 91
7 73
96 11
11 37
79 82
22 43
79 10
83 89
51 39
74 39
26 14
47 33
12 88
36 87
79 44
36 90
76 61
89 65
50 35
89 46
66 33
1 54
71 29
11 19
2 76
16 49
82 52
54 91
42 92
80 91
69 33
0 77
80 36
79 45
67 52
67 26
68 52
2 47
73 52
83 72
7 96
47 69
47 58
85 84
89 23
20 24
2 20
87 58
7 87
20 28
55 7
16 66
72 44
63 35
48 39
11 14
40 28
19 91
26 6
20 38
