5
52
97
74
9
57
100
27 25
7 45
27 7
25 89
16 45
88 27
27 63
27 50
46 89
49 63
94 45
27 91
40 63
95 45
27 40
13 45
18 63
29 45
45 71
18 88
6 25
20 45
72 78
50 78
18 91
27 78
72 88
7 49
72 7
27 71
18 81
4 78
16 78
40 89
94 46
99 45
18 7
13 27
37 45
72 40
27 95
72 82
26 45
72 81
40 50
13 63
12 46
6 63
14 45
46 71
75 25
13 46
13 7
40 25
34 27
88 54
47 89
6 7
25 44
95 46
18 13
47 49
94 78
4 40
6 82
88 94
18 4
81 16
27 49
1 27
67 63
20 7
6 18
27 86
72 94
5 63
12 89
82 94
88 81
59 45
46 29
69 45
27 35
45 86
63 71
51 25
90 7
41 50
22 78
6 49
8 27
25 58
67 89
12 91
75 7
88 41
25 49
89 71
18 20
17 45
