0
100
18 21
27 30
42 44
0 2
0 3
1 2
1 3
34 36
43 44
33 35
29 31
19 22
26 29
12 15
28 30
50 53
46 49
28 31
29 32
27 29
12 14
13 16
11 14
4 6
4 2
4 7
5 7
4 3
5 8
5 6
5 3
12 13
11 13
7 10
6 8
9 12
22 25
13 14
15 18
30 33
30 31
32 34
32 33
41 44
42 45
43 46
45 48
45 47
45 44
46 47
46 48
47 50
32 35
47 48
49 52
51 52
49 50
48 50
49 51
31 34
33 36
6 7
9 8
9 10
11 10
11 12
9 7
16 19
15 17
20 23
20 22
21 24
21 23
22 24
23 26
23 25
37 40
34 35
37 38
37 39
37 36
38 41
39 42
38 40
39 41
40 42
40 43
41 43
38 39
35 36
27 28
24 25
24 26
27 25
26 28
15 16
14 17
18 19
20 21
17 19
