5
31
72
64
40
89
100
65 63
27 41
84 63
56 36
41 63
20 27
36 29
62 27
36 41
76 84
4 27
76 36
61 63
36 86
86 65
12 27
61 56
20 36
76 65
27 74
28 63
10 84
29 41
54 56
12 63
28 65
56 85
20 41
29 86
20 29
84 22
58 65
84 66
74 65
61 29
27 81
76 86
76 10
93 41
33 65
27 11
45 56
4 36
45 63
71 63
93 84
22 41
27 19
61 86
62 86
12 41
33 41
1 36
76 22
54 41
56 77
71 36
20 66
93 86
5 29
76 93
62 10
20 58
22 86
76 66
45 65
58 86
12 29
76 58
76 62
45 36
56 87
77 36
61 22
1 41
93 28
54 10
93 66
61 66
11 84
27 47
54 86
4 76
22 66
93 22
5 76
84 87
27 70
84 77
39 63
62 28
19 63
87 36
5 10
62 93
28 66
20 85
11 41
20 2
54 61
