5
1
25
46
91
94
100
11 97
87 97
87 93
87 92
64 74
23 52
2 63
2 62
17 83
35 74
67 96
6 57
9 15
21 51
15 41
21 40
21 34
81 96
18 84
39 45
19 58
19 92
19 95
24 69
20 39
74 99
7 49
20 55
37 85
14 44
21 33
75 97
63 92
6 31
82 85
28 30
31 63
11 47
10 50
40 70
16 98
58 64
56 93
29 85
3 49
3 70
48 71
89 93
53 62
17 59
34 72
26 56
31 71
14 57
78 98
50 92
52 62
20 24
53 54
29 67
51 79
56 67
9 55
8 27
26 54
65 90
66 81
13 41
66 92
13 72
45 93
21 59
2 5
9 52
11 89
57 58
21 93
57 92
4 89
18 47
7 80
59 82
17 33
6 75
70 85
17 31
29 35
42 45
57 60
36 39
70 72
16 86
5 41
31 47
82 84
71 97
28 53
6 88
73 74
0 14
