5
61
25
76
49
75
100
0 74
74 18
0 52
0 40
74 57
0 65
65 18
74 50
65 74
0 68
0 29
0 3
12 18
68 74
78 18
30 74
30 18
17 74
3 74
29 18
0 62
68 18
12 68
0 23
0 48
57 67
31 74
6 18
50 57
18 79
58 57
54 18
65 57
0 6
23 74
12 52
0 16
52 74
0 27
72 74
18 71
68 67
0 42
0 13
12 78
0 4
53 74
69 74
54 74
30 57
74 67
30 58
72 18
0 24
74 60
52 68
18 41
52 50
29 30
62 74
40 67
12 17
0 70
68 79
29 74
52 18
68 57
52 65
29 40
29 58
30 52
12 80
0 10
18 67
0 39
78 57
12 65
15 57
0 58
0 20
52 67
3 12
12 79
48 74
0 12
17 57
72 57
30 67
12 29
0 51
12 57
73 74
17 67
78 80
57 80
72 67
3 40
12 62
16 18
66 18
