5
17
3
62
37
1
100
31 41
39 60
26 29
32 43
13 94
60 82
13 56
0 79
88 93
28 91
0 44
26 44
35 74
25 25
32 89
5 6
8 67
4 84
32 38
31 92
8 49
26 92
47 47
38 86
54 64
15 89
71 90
39 97
30 39
8 92
65 80
75 94
6 42
36 80
71 89
4 51
24 67
60 72
44 48
65 95
42 69
27 56
26 60
38 55
79 95
36 91
45 95
61 97
11 38
22 68
10 74
13 92
21 87
52 92
56 74
41 78
29 32
11 39
92 94
14 92
46 98
23 45
24 76
24 82
28 47
29 78
35 88
38 80
2 78
78 84
34 81
65 72
4 10
26 97
6 12
8 68
36 79
57 99
87 96
26 69
69 78
69 72
44 65
44 53
43 47
18 32
38 38
51 52
57 75
51 93
57 74
77 82
67 98
30 53
30 49
29 80
74 95
9 45
24 68
23 56
