0
100
50 99
48 99
4 99
8 99
51 99
26 99
0 48
0 44
40 20
2 99
68 99
40 23
20 99
0 37
44 23
93 23
0 31
8 23
0 69
0 86
0 5
0 13
0 7
0 66
0 26
0 62
0 96
0 54
12 73
0 34
63 23
12 66
33 23
63 72
63 82
74 94
80 23
63 21
37 94
72 77
31 94
32 94
63 59
63 33
11 94
88 94
21 94
84 94
14 94
86 94
16 94
68 91
77 94
63 90
63 85
63 31
63 71
63 97
63 50
63 8
63 84
82 91
93 91
73 3
48 91
90 91
3 91
83 91
31 91
53 91
96 28
63 5
63 60
13 28
63 4
32 82
32 69
32 43
32 95
32 62
52 28
32 38
32 29
32 11
32 87
97 28
32 64
88 28
2 28
86 28
77 28
90 76
70 52
26 84
26 3
26 76
26 51
64 76
26 66
26 16
