5
39
33
16
29
78
100
0 57
0 6
0 48
0 60
0 56
0 27
0 5
0 52
0 70
0 98
0 61
0 69
0 95
0 42
0 75
0 23
0 22
62 99
0 89
0 43
0 8
0 11
0 92
0 7
0 55
0 58
0 18
0 28
0 86
0 93
0 96
0 20
10 99
0 25
0 19
0 82
0 13
85 99
0 94
0 46
0 10
0 12
0 32
0 34
0 74
0 15
0 87
0 72
0 17
0 66
0 35
0 36
0 38
0 97
75 99
0 62
0 30
0 41
0 64
0 90
0 31
0 65
0 73
0 77
0 91
0 4
0 9
0 40
0 47
0 3
37 35
37 9
37 34
37 45
37 64
37 14
37 2
37 81
37 55
37 24
37 68
37 11
37 12
37 85
37 99
37 67
37 49
37 57
37 73
37 94
37 1
37 54
37 71
37 79
37 41
37 44
37 51
37 31
37 17
37 50
