5
28
1
27
36
51
100
0 25
0 20
0 75
35 99
20 99
0 39
45 99
0 26
15 99
33 99
29 99
0 72
0 49
0 23
0 12
0 85
25 99
0 15
32 99
77 99
10 99
64 99
79 99
92 99
98 99
46 99
7 99
50 99
39 99
0 99
0 29
0 92
63 46
0 71
24 99
0 79
0 61
0 59
0 68
0 63
73 99
0 44
57 99
0 41
0 9
0 65
71 99
47 99
0 69
0 62
0 86
0 43
42 99
40 99
22 99
38 99
21 99
56 99
0 11
61 99
54 99
0 76
0 7
0 17
0 48
0 24
97 99
65 99
94 75
0 34
0 81
0 5
89 99
76 99
0 93
6 99
0 77
0 78
0 50
0 82
0 89
0 56
0 80
0 90
0 70
88 99
62 99
0 19
0 60
0 57
0 91
0 95
0 94
0 38
0 18
0 40
0 31
0 4
0 67
0 87
