5
13
85
49
91
45
100
0 1
46 84
46 50
44 48
41 79
40 63
47 68
14 41
14 57
15 65
15 70
16 17
82 97
16 95
35 47
35 36
34 78
14 46
10 69
10 60
50 80
72 82
69 88
68 75
65 89
65 76
73 94
2 46
60 98
60 92
5 73
5 81
59 88
5 98
6 29
57 80
74 97
6 88
55 63
2 6
8 94
86 92
86 98
2 84
24 62
26 34
89 93
22 79
40 99
38 47
38 39
52 57
1 9
55 97
56 68
2 15
38 88
6 76
58 67
16 59
15 96
27 72
38 98
51 69
21 28
1 54
43 77
28 71
10 79
1 34
40 86
21 75
29 86
48 64
29 95
39 87
9 50
39 47
9 26
58 82
23 29
16 53
18 39
0 71
18 33
36 77
18 44
4 92
25 32
3 76
19 97
72 92
3 55
32 79
32 42
66 93
34 47
74 78
35 46
23 46
