5
3
54
1
65
27
100
40 58
36 88
87 97
13 39
2 93
0 57
13 85
76 95
77 79
0 69
50 61
62 87
7 60
22 77
37 59
12 52
55 84
19 36
22 53
55 70
63 71
8 99
7 83
79 97
8 11
53 55
8 67
31 87
22 72
8 37
26 42
45 92
6 39
37 77
73 74
25 52
15 36
47 89
16 59
11 30
52 55
4 29
19 43
13 24
60 79
33 74
0 14
5 92
33 51
5 30
11 19
13 98
31 55
40 63
20 71
31 44
42 88
39 66
81 98
32 70
32 75
14 88
52 70
40 75
41 44
30 37
8 96
12 62
5 25
94 99
26 29
43 70
57 75
37 58
4 39
10 57
18 23
10 61
17 62
23 43
37 71
42 79
45 47
20 87
18 58
43 53
24 73
11 13
9 88
16 44
50 81
10 29
36 53
36 94
20 33
16 20
20 51
8 66
53 82
16 88
