5
18
31
47
14
26
100
9 51
50 51
30 4
7 51
1 51
51 25
7 4
27 9
17 43
4 43
7 9
9 43
7 30
50 48
9 8
41 9
1 9
50 43
27 30
41 17
0 50
1 30
9 34
13 51
4 34
51 32
1 50
6 4
50 8
6 30
9 37
4 37
6 50
45 30
51 39
50 37
2 4
0 27
13 17
40 51
13 4
0 7
17 32
42 51
0 8
8 43
9 46
27 1
0 41
17 46
4 46
1 43
50 32
41 7
49 51
41 27
13 30
27 8
1 48
2 30
48 8
13 50
41 48
1 7
51 44
6 43
50 46
17 19
48 34
30 46
4 19
27 25
9 39
51 28
25 43
51 21
0 6
34 43
51 38
11 17
41 6
41 25
17 12
30 39
41 34
7 45
27 37
40 4
50 39
45 43
34 8
1 6
27 45
48 37
6 8
45 48
4 11
51 35
0 37
0 45
