5
77
33
69
90
35
100
14 39
10 87
15 92
31 57
66 97
8 13
16 80
24 29
50 67
23 54
39 68
4 51
50 88
72 81
12 17
24 52
5 66
49 63
10 43
43 59
18 68
43 62
3 72
3 4
44 53
36 74
92 93
31 59
22 98
23 26
43 91
30 78
17 88
2 55
18 88
38 45
44 65
12 44
29 49
39 73
36 40
58 81
49 64
48 97
46 73
52 53
8 22
2 81
18 25
76 97
20 51
0 16
45 71
32 54
21 39
55 67
16 54
16 17
17 39
59 74
52 96
25 95
28 51
34 60
65 98
18 55
45 62
7 80
13 20
5 68
54 97
8 66
19 71
25 78
46 93
1 50
8 73
37 42
6 16
20 73
29 81
15 52
25 31
29 38
11 96
38 62
8 46
41 79
78 88
24 46
5 75
15 79
12 95
17 53
29 31
64 73
46 89
12 99
74 98
39 89
