5
30
49
63
22
70
100
51 64
2 12
62 74
21 68
8 33
35 62
36 38
42 50
13 25
46 48
15 56
71 73
12 34
45 58
45 57
51 65
52 72
0 50
1 8
28 36
20 64
5 74
4 38
6 29
14 71
34 48
7 58
65 73
7 57
17 29
21 59
6 52
41 71
38 60
14 24
32 62
39 48
13 19
41 67
41 74
2 53
12 29
10 68
43 69
5 26
58 69
58 67
6 23
55 56
35 37
24 62
11 65
62 69
53 71
4 25
23 26
4 8
10 38
10 50
45 71
45 60
11 50
18 55
2 48
37 47
33 43
37 53
1 31
1 15
18 34
39 62
20 71
26 39
29 59
8 21
16 20
31 47
13 51
14 20
2 42
39 59
0 74
62 65
2 57
23 42
24 73
2 4
26 58
6 27
56 62
6 56
7 13
7 67
4 24
4 23
1 65
65 66
17 39
16 45
14 27
