5
94
23
13
22
67
100
35 74
35 49
88 74
34 35
20 34
35 88
53 74
35 70
34 49
20 70
20 21
86 74
88 49
21 49
27 74
35 86
0 35
35 81
20 81
88 70
0 20
35 92
34 92
74 95
20 56
34 81
35 39
31 74
87 74
34 69
0 34
49 92
14 74
29 74
88 86
88 81
34 39
62 74
69 88
34 56
0 88
16 20
20 29
29 35
20 95
21 53
36 74
39 49
69 70
74 92
27 49
61 74
28 35
31 35
64 74
49 56
20 36
14 49
0 21
53 81
34 14
35 50
16 49
37 74
27 70
16 34
84 74
39 88
53 86
34 87
35 36
88 93
63 74
53 92
34 45
20 62
21 92
80 74
29 34
20 61
28 34
87 49
87 88
35 84
0 69
20 37
44 74
20 80
59 70
31 70
45 70
20 82
20 99
21 93
88 14
21 39
59 88
66 74
31 88
20 78
