5
2
3
4
6
7
100
0 99
0 98
1 99
0 97
1 98
0 96
1 97
0 95
1 96
1 95
5 99
0 94
5 98
1 94
0 93
0 92
1 93
5 97
5 96
0 91
1 92
8 99
1 91
9 99
0 90
5 95
8 98
1 90
8 97
10 99
0 89
9 98
5 94
8 96
0 88
5 93
1 89
10 98
9 97
11 99
11 98
10 97
12 99
9 96
8 95
0 87
5 92
1 88
1 87
0 86
12 98
10 96
8 94
5 91
11 97
13 99
9 95
13 98
9 94
10 95
0 85
1 86
14 99
8 93
5 90
11 96
12 97
1 85
8 92
11 95
14 98
13 97
12 96
5 89
10 94
0 84
9 93
15 99
8 91
12 95
0 83
11 94
13 96
15 98
14 97
10 93
9 92
1 84
16 99
5 88
11 93
17 99
15 97
13 95
16 98
9 91
0 82
1 83
8 90
12 94
