5
10
63
58
67
45
100
43 53
6 9
47 65
46 69
1 11
20 87
42 72
36 87
24 78
21 78
21 89
35 61
40 53
35 91
24 35
0 42
42 64
19 73
25 75
18 82
1 68
61 73
28 36
59 75
57 72
51 80
17 21
56 70
72 81
64 94
18 36
18 39
55 69
53 83
36 94
5 91
34 53
32 51
5 78
0 1
38 76
61 85
59 93
56 87
64 76
2 42
53 54
5 44
3 44
3 72
44 88
31 83
42 65
42 54
39 52
47 92
28 92
72 85
22 38
8 61
22 54
22 30
8 74
21 50
23 40
21 47
18 32
18 42
21 23
85 90
20 89
20 49
17 46
20 24
12 85
14 32
24 73
28 55
25 34
25 65
8 21
25 76
11 77
75 77
15 38
18 72
19 85
19 89
3 14
49 94
14 53
59 82
55 87
55 90
16 69
9 49
11 15
13 82
29 55
44 84
