5
95
93
69
92
90
91
41 71
61 77
60 65
50 52
23 88
15 57
84 38
51 89
86 46
0 81
28 39
53 64
34 51
97 27
40 47
55 32
62 27
46 99
49 26
59 68
8 76
45 72
53 39
26 82
11 36
20 27
11 87
16 42
16 28
5 79
11 16
5 41
21 43
30 37
13 45
40 42
59 91
12 5
5 61
21 63
10 66
21 31
21 70
21 85
12 56
35 96
50 30
54 80
44 19
59 30
0 3
18 40
19 67
3 25
29 24
20 19
19 73
4 9
24 32
23 14
19 46
9 14
14 38
10 30
14 22
22 35
4 6
14 78
60 17
3 24
17 26
4 5
13 17
10 17
1 74
4 54
1 94
1 33
1 15
1 48
1 21
1 10
1 11
1 4
7 8
33 7
2 34
0 2
7 13
7 18
4 7
