5
93
95
73
68
74
100
75 78
36 54
78 87
48 58
54 70
78 98
47 60
48 87
60 77
38 84
36 87
51 88
38 78
29 75
36 70
60 65
48 55
32 84
40 98
48 77
36 55
56 75
38 58
42 87
40 87
52 75
45 87
36 38
24 58
45 88
62 70
36 56
58 77
54 64
62 98
60 85
24 36
36 43
51 55
10 84
29 88
40 52
51 62
56 70
54 99
28 88
60 69
47 70
0 60
51 56
42 88
32 75
24 75
51 71
32 58
40 77
42 62
24 98
70 71
54 85
27 88
50 84
84 99
77 87
62 71
25 29
52 98
45 55
60 94
31 48
38 62
43 87
29 32
42 71
1 84
29 47
54 69
29 43
24 55
77 84
69 84
84 86
25 55
78 85
56 71
28 42
77 98
36 99
51 77
78 86
47 87
27 75
0 78
24 45
51 65
5 84
60 63
47 56
47 88
29 77
