5
37
24
48
45
80
100
56 65
50 58
29 64
43 50
52 82
74 77
9 68
30 82
50 65
67 67
82 89
4 64
58 85
19 71
58 83
12 67
30 81
58 68
54 79
66 97
15 66
28 68
22 52
8 70
64 68
3 65
43 74
8 11
51 59
32 64
22 32
21 28
20 84
22 95
8 26
14 55
2 26
39 83
33 95
54 56
1 2
15 71
41 65
11 79
74 97
16 56
3 18
18 86
75 94
34 83
8 89
26 44
43 95
5 84
57 89
29 38
85 95
81 86
40 74
71 86
14 33
3 7
16 22
4 11
20 91
3 88
39 85
53 85
22 34
12 34
76 96
74 88
29 92
69 71
19 60
4 34
44 97
3 16
34 54
5 60
47 75
34 40
79 86
33 39
34 63
69 89
64 87
28 47
15 21
21 46
58 81
38 67
42 44
11 63
20 93
43 55
8 72
3 38
47 76
21 56
