0
100
98 99
97 99
95 99
0 4
0 1
0 5
0 2
3 55
96 99
55 70
46 55
6 55
11 55
21 55
97 94
55 59
55 98
55 95
79 94
70 94
91 94
3 33
55 96
55 62
69 94
3 30
3 9
3 1
3 35
3 16
3 41
3 54
3 48
3 2
10 47
3 34
3 10
3 7
3 8
3 14
3 24
3 32
3 42
3 52
3 6
3 20
3 39
3 51
22 55
19 55
3 40
3 13
3 27
26 49
33 55
3 11
42 55
49 55
15 55
54 55
3 22
50 55
3 12
18 14
27 1
30 55
3 31
27 40
3 18
3 4
3 47
3 43
3 23
3 29
3 50
3 5
34 55
1 55
40 55
3 15
14 55
3 37
3 38
35 55
3 49
3 25
3 19
45 55
3 21
36 55
7 55
3 26
28 55
3 53
3 46
4 55
38 55
44 55
3 17
3 36
