5
77
5
67
6
39
100
35 51
25 62
68 75
4 15
35 49
69 83
29 72
33 49
85 87
37 41
65 87
12 24
8 21
34 79
12 90
26 99
53 78
63 96
9 91
48 94
43 98
42 96
15 51
37 59
26 46
60 98
64 72
28 87
14 61
79 84
19 95
49 50
4 93
12 36
43 47
41 75
68 97
70 80
43 57
0 88
42 51
72 84
60 70
81 90
78 80
4 19
47 91
22 84
33 69
26 44
82 92
21 94
26 27
19 34
53 83
49 74
44 82
48 66
62 72
18 86
1 32
75 78
16 43
73 79
28 53
13 82
26 52
44 69
15 97
32 50
52 85
18 69
17 99
73 85
30 46
70 75
40 83
9 76
45 51
0 63
56 61
68 94
28 56
44 50
18 74
97 98
42 90
11 69
34 41
68 79
8 71
53 61
11 44
26 40
31 44
33 55
87 92
22 28
22 92
45 47
