5
5
73
92
54
46
100
68 82
2 86
2 82
13 64
14 53
14 74
15 36
47 84
84 94
27 34
68 76
16 28
2 13
28 43
45 79
26 51
0 62
17 63
25 93
25 79
34 60
43 70
25 43
22 82
22 85
24 59
36 83
33 78
52 60
0 93
9 88
7 69
69 95
10 38
10 43
66 78
3 35
29 35
61 77
68 70
4 9
29 90
4 62
11 70
90 95
59 87
19 60
19 28
12 41
20 85
38 87
38 70
66 85
1 27
37 81
37 76
37 68
23 55
20 67
76 93
45 59
61 83
53 78
51 95
2 88
11 31
10 79
13 40
55 69
49 95
44 71
14 38
2 30
15 67
15 79
8 39
59 88
45 71
11 78
45 57
1 9
14 94
50 63
15 87
35 57
24 69
28 59
25 88
30 60
27 68
30 81
32 91
49 91
7 74
7 86
90 93
40 69
29 44
40 83
9 75
