0
100
0 86
0 57
0 69
0 60
56 99
74 99
96 99
59 99
64 99
0 75
80 52
63 48
7 99
0 73
0 95
0 37
0 82
0 3
0 56
92 3
92 84
58 99
48 99
21 99
28 60
92 33
52 99
27 60
6 60
66 60
92 88
81 60
50 60
11 60
97 60
92 36
92 57
16 60
92 79
92 7
92 13
92 96
92 95
92 53
92 72
92 67
92 5
92 24
92 17
1 97
1 95
1 78
1 56
1 8
1 13
1 71
1 77
1 30
1 42
6 13
46 60
6 28
6 78
6 44
6 26
6 73
6 50
6 11
6 45
6 81
6 24
6 98
6 67
6 57
54 37
6 38
20 40
25 60
54 63
74 60
80 60
40 60
54 32
33 60
54 22
72 91
54 51
54 75
54 30
54 19
54 87
55 91
54 45
17 91
54 26
32 91
89 91
28 91
39 91
28 97
