5
19
98
7
25
38
100
3 82
84 86
3 47
37 24
41 69
50 15
56 86
21 37
99 35
63 91
90 52
50 47
27 96
30 18
29 66
78 69
57 96
41 86
50 29
62 18
85 37
5 46
48 73
55 29
9 91
35 73
39 75
33 45
77 39
72 17
61 21
75 97
61 66
34 56
61 27
44 24
6 11
73 97
47 28
59 24
77 6
5 33
2 99
33 8
6 44
85 83
11 30
57 45
48 22
57 79
4 3
46 91
79 66
28 39
64 15
77 80
8 84
81 17
2 41
48 55
94 17
84 36
2 50
46 76
2 77
12 56
6 72
80 97
99 40
59 74
34 61
28 83
48 68
11 36
0 32
5 34
87 35
74 20
85 79
87 74
70 45
41 20
32 36
34 59
23 83
1 70
40 27
62 73
67 66
22 92
81 83
28 45
72 78
81 39
27 80
32 94
64 21
94 78
93 35
60 75
