5
5
26
56
90
69
100
13 87
44 87
4 87
13 66
87 76
83 87
66 44
13 76
13 83
64 44
51 44
13 47
97 87
68 44
87 17
4 89
44 76
6 13
63 87
13 85
13 74
31 89
68 60
47 44
68 89
66 24
68 47
83 7
51 17
29 44
64 17
76 17
13 55
68 43
53 66
4 16
68 32
6 89
63 44
50 64
64 97
83 66
49 87
4 34
44 16
13 63
7 24
31 17
66 74
67 83
50 17
39 89
31 76
20 44
13 92
13 98
18 68
53 51
13 79
96 87
4 53
66 85
7 85
13 54
66 12
35 44
86 44
54 66
51 32
68 84
15 7
32 76
29 51
40 87
62 87
15 66
1 66
64 74
97 17
37 87
27 89
67 24
4 29
97 60
67 47
4 48
55 67
51 16
24 60
50 7
64 72
74 76
1 51
30 89
50 47
44 98
53 16
53 43
47 97
49 89
