0
100
0 49
38 66
17 81
0 41
0 62
0 56
0 25
0 20
0 36
0 33
0 23
24 5
0 29
24 67
24 66
24 2
24 53
24 63
24 12
24 38
24 23
67 81
25 81
24 54
24 61
78 81
4 59
4 46
4 14
4 45
4 69
4 38
4 63
44 81
4 78
4 21
55 81
75 81
48 81
21 81
4 33
4 18
65 81
4 11
6 53
4 58
4 35
6 45
6 80
72 81
77 79
16 79
78 79
74 79
6 51
6 12
6 76
37 79
15 79
6 69
6 21
6 46
6 38
6 64
6 34
11 79
60 79
12 79
3 79
21 79
6 14
27 79
6 57
39 68
39 36
39 58
39 59
39 18
39 12
39 15
39 55
39 10
39 80
39 48
39 7
72 33
72 14
72 12
72 43
72 42
29 79
30 79
72 52
72 16
47 79
64 79
72 27
25 79
10 79
1 79
