5
39
2
9
45
22
100
3 7
1 29
12 75
70 84
53 65
12 78
42 82
6 20
20 38
82 94
3 18
18 57
60 69
19 97
48 75
14 69
8 73
27 55
8 64
14 90
26 44
21 84
29 54
51 64
32 36
15 77
15 87
93 99
72 91
1 56
37 48
79 81
34 60
33 38
19 46
1 72
11 86
54 87
59 67
6 24
46 88
11 96
24 34
62 74
5 15
1 38
89 90
40 79
64 71
11 43
19 76
48 49
55 72
12 26
14 95
77 78
14 82
40 55
36 47
16 83
55 62
50 71
29 98
20 79
7 89
15 76
51 74
49 81
43 49
21 56
74 82
47 72
33 40
19 25
51 90
12 53
24 72
3 74
12 57
33 42
0 49
66 75
17 74
86 99
12 91
38 63
18 67
59 66
17 48
42 90
4 34
64 96
7 78
20 97
1 94
8 18
51 53
31 58
8 36
35 67
