5
14
51
82
65
15
100
48 64
6 80
39 76
24 98
88 92
39 97
64 88
21 79
37 91
37 50
37 98
19 84
33 64
63 85
21 86
5 6
17 43
13 45
20 58
24 39
42 73
21 49
75 91
32 39
39 46
22 33
25 26
25 86
34 97
49 87
35 64
26 73
29 72
23 73
18 93
43 78
10 44
59 80
55 57
21 42
61 79
17 64
40 91
40 69
43 57
31 89
69 88
1 78
35 36
95 99
45 85
37 79
0 73
46 75
21 54
0 20
54 59
22 52
2 69
5 28
6 72
50 86
10 88
41 68
41 87
12 44
49 89
21 26
71 83
25 98
69 74
52 97
32 59
39 45
35 75
2 67
60 67
3 32
40 50
1 75
27 53
5 11
3 50
23 56
54 70
32 55
57 97
16 25
18 75
54 67
27 39
44 88
17 56
75 95
88 98
41 73
89 92
13 57
38 94
22 23
