5
46
47
64
65
19
85
67 96
26 39
81 84
67 32
7 26
0 42
80 96
18 0
60 39
56 58
90 57
31 53
70 23
99 95
35 44
89 5
97 76
24 98
38 60
23 75
99 83
82 72
70 88
14 33
10 74
59 75
91 28
55 12
32 74
51 25
29 79
48 5
2 23
9 28
76 28
49 12
13 81
34 27
73 72
17 78
57 7
34 5
37 63
31 72
66 48
91 49
82 17
52 2
82 87
56 43
29 88
16 71
61 71
94 21
98 98
32 30
35 41
97 14
95 54
87 76
77 86
9 54
36 37
2 1
50 12
3 20
3 38
11 8
40 85
85 1
51 36
11 71
73 6
93 94
55 69
80 66
79 93
40 50
62 53
86 16
80 77
29 54
86 92
4 4
30 20
