5
63
98
25
52
82
100
84 90
85 75
54 90
81 91
29 86
78 88
46 70
87 93
85 76
72 92
96 77
95 76
41 90
69 97
72 59
45 96
66 84
81 74
72 51
67 83
64 77
39 55
32 99
57 86
45 64
67 59
62 65
61 88
71 96
61 89
51 38
67 85
60 56
89 73
57 53
42 95
66 48
94 32
60 87
42 79
69 49
20 91
84 49
44 74
97 68
79 68
73 74
71 74
74 43
68 75
61 55
61 84
71 77
78 73
44 80
11 55
20 55
24 86
69 68
24 58
21 99
57 43
11 39
28 91
50 96
41 73
21 93
28 59
26 92
50 53
26 30
36 93
31 50
50 74
66 27
44 73
50 77
21 53
42 43
24 87
28 31
28 29
14 58
40 95
83 37
26 53
84 36
26 64
24 57
11 44
66 36
14 94
49 68
37 92
73 56
33 47
27 30
33 80
14 64
36 48
