5
3
17
92
74
26
100
73 83
5 84
14 52
52 82
14 47
6 63
14 45
0 55
27 29
32 53
18 55
65 76
76 91
69 80
33 56
78 82
63 89
51 75
9 15
47 58
19 43
39 76
12 66
10 91
1 48
1 47
11 56
13 67
53 62
44 79
16 51
55 71
88 91
5 44
28 56
37 82
55 57
53 82
70 72
31 63
43 61
21 48
19 78
8 70
24 60
24 91
19 81
24 81
29 68
73 93
22 42
23 33
9 64
62 86
16 50
2 7
58 65
42 52
72 79
62 78
10 11
7 86
48 83
29 81
5 16
69 72
60 76
27 80
50 54
44 48
56 69
30 60
6 59
70 79
60 77
6 91
5 31
11 24
32 59
36 71
65 89
44 89
32 45
14 75
1 75
62 67
29 89
34 79
29 53
39 80
31 68
43 86
28 77
5 33
66 93
20 83
1 89
7 61
32 87
4 90
