5
75
81
93
27
20
100
9 10
9 29
29 30
68 84
84 94
77 3
2 3
44 30
72 65
9 45
56 7
30 76
8 30
85 31
5 56
26 10
35 23
30 31
50 3
45 65
23 62
48 65
56 57
26 56
29 57
74 31
29 76
26 31
16 74
16 7
21 85
67 68
84 83
21 29
14 72
21 9
52 3
86 65
85 77
21 56
30 58
8 7
23 13
83 10
9 13
34 94
8 94
84 13
67 56
30 71
45 44
56 31
91 30
85 86
23 24
72 31
68 48
5 6
35 57
7 48
16 57
16 77
9 58
21 44
35 72
15 30
34 72
4 3
67 72
6 31
68 86
7 6
26 44
23 25
6 94
62 31
26 21
26 57
84 78
62 94
14 62
84 11
55 56
18 7
79 34
77 76
10 11
85 63
32 3
91 44
36 5
23 22
84 28
68 71
35 34
14 48
35 76
24 74
24 45
83 14
