5
97
98
87
96
17
100
79 77
25 95
13 63
16 65
88 6
42 58
25 69
71 70
19 63
93 50
16 42
49 77
22 57
5 4
31 45
29 57
13 45
71 32
30 40
79 45
5 49
26 55
69 46
27 6
43 24
0 71
70 79
0 95
18 62
82 95
13 2
5 56
26 48
69 10
66 63
94 58
0 6
8 30
0 25
52 27
9 58
40 32
65 4
82 13
25 37
19 2
53 57
7 30
91 6
82 21
8 88
92 20
52 24
2 10
88 80
74 55
43 56
46 15
93 88
18 86
29 61
13 73
68 65
24 15
36 55
23 46
81 2
19 23
12 50
52 56
40 49
93 45
72 15
68 31
26 33
59 16
61 48
37 21
81 32
74 48
36 70
62 88
7 45
62 31
26 54
4 32
4 10
39 95
49 36
2 94
51 48
36 22
64 19
44 55
91 46
66 70
78 55
8 0
38 52
46 73
