5
37
90
30
50
68
100
0 48
0 35
0 32
0 41
0 76
0 46
0 79
0 10
76 93
0 45
0 72
0 82
34 93
0 16
0 57
0 78
83 93
0 69
0 88
89 93
0 53
0 52
0 54
0 14
0 6
0 83
0 20
0 22
0 65
0 8
0 7
0 71
0 51
0 59
0 26
0 86
0 5
0 24
0 36
0 66
0 39
0 70
0 87
0 19
0 1
0 67
0 27
44 93
29 93
47 93
0 40
0 93
13 93
0 3
55 93
67 93
0 11
0 75
0 92
54 93
11 93
80 93
0 18
0 81
61 93
0 17
0 34
0 21
0 56
0 60
0 49
8 93
0 2
0 91
0 9
0 28
0 73
0 31
0 62
0 38
0 29
0 33
0 77
0 23
6 93
0 63
0 44
0 61
0 43
0 58
0 47
0 64
0 74
0 12
0 80
0 25
0 4
0 89
0 15
0 85
