5
66
82
86
25
64
100
0 99
0 39
0 29
0 71
0 14
0 23
0 43
0 18
0 69
0 37
80 99
76 99
0 42
22 99
0 5
0 89
79 99
21 99
0 58
3 99
0 65
93 99
60 99
0 63
0 27
0 35
33 11
0 79
0 16
0 53
61 99
2 99
0 33
0 83
0 31
26 54
11 99
0 7
0 93
0 98
0 61
54 99
92 99
34 99
53 99
83 99
0 24
97 5
0 15
0 50
42 99
0 2
13 32
62 99
0 49
0 92
0 78
0 68
0 59
0 67
20 99
5 99
32 99
58 99
10 99
0 13
0 60
0 72
75 99
0 12
0 74
0 96
0 73
0 55
0 62
0 41
0 28
0 8
0 22
85 99
0 6
0 81
57 99
0 88
41 70
0 46
0 56
0 34
0 90
0 75
0 30
0 95
0 21
0 9
0 80
0 40
0 52
0 51
0 47
0 36
