5
2
4
95
91
54
100
60 61
55 57
43 47
49 51
94 96
87 89
87 88
32 34
43 44
92 96
85 89
85 88
84 86
65 68
82 84
63 64
93 94
48 51
25 27
31 32
45 47
59 60
12 14
9 10
11 14
53 57
38 42
45 49
6 10
12 17
37 42
52 55
22 25
44 46
8 10
63 65
6 9
59 63
9 11
86 87
33 34
42 43
83 84
90 96
13 14
7 10
68 69
92 94
64 65
14 15
57 58
7 9
82 83
51 52
10 11
1 6
7 11
13 17
1 7
5 9
82 85
46 49
45 48
8 12
30 34
31 33
37 40
39 42
6 8
58 61
90 93
26 27
34 35
6 7
37 38
17 18
85 86
15 17
26 31
38 40
7 8
87 92
32 33
21 22
84 85
46 51
58 64
62 68
58 63
39 43
28 31
24 27
65 69
46 48
11 13
83 85
85 87
36 40
1 5
37 39
