5
76
20
44
66
8
100
28 53
78 87
53 71
26 29
40 64
26 93
15 41
56 95
45 53
56 74
51 91
23 32
6 24
36 74
11 25
70 75
49 91
38 74
25 43
18 39
27 53
58 70
25 39
1 11
3 63
3 61
14 86
36 39
21 67
65 89
15 71
68 88
39 67
30 90
42 57
10 81
61 75
13 21
25 68
21 46
10 58
9 91
37 57
21 74
34 53
46 64
34 35
19 71
38 84
32 36
23 53
35 40
28 65
25 33
10 53
18 22
29 59
15 31
11 45
12 81
13 41
33 49
33 37
29 51
24 40
74 89
15 95
79 85
21 63
24 25
13 24
40 88
4 83
1 16
14 53
14 68
4 71
36 78
25 92
16 79
0 25
67 87
90 93
25 47
13 94
41 75
86 92
19 61
35 89
18 32
1 73
45 69
21 69
85 89
1 40
19 78
41 86
7 49
65 74
79 82
