5
20
45
32
25
16
100
44 48
40 44
36 40
13 17
21 22
47 48
37 41
24 29
26 30
23 24
34 38
19 23
30 34
23 27
46 47
15 19
41 42
38 42
42 43
26 27
38 39
30 31
33 34
9 13
14 15
35 39
53 57
49 53
1 5
8 12
5 9
56 60
11 12
49 50
57 65
0 1
59 60
3 4
53 54
55 56
7 11
0 2
0 4
57 58
6 7
2 6
60 65
50 54
58 59
51 52
51 55
54 55
50 51
58 65
52 56
4 8
10 11
3 7
0 3
55 59
59 65
7 8
1 2
6 10
9 10
54 58
5 6
2 3
4 62
8 62
57 62
12 62
1 62
9 62
60 61
63 64
59 62
51 62
54 62
50 62
65 62
6 62
4 61
56 62
57 61
2 62
12 61
56 61
9 61
49 61
5 61
55 62
52 61
11 62
1 61
63 52
10 61
51 61
50 61
63 53
