5
94
71
57
70
96
100
23 61
83 95
25 54
66 90
78 95
39 66
30 43
59 47
27 35
99 64
2 38
58 32
51 74
4 16
17 59
34 73
17 73
24 93
31 65
35 60
7 9
49 68
23 62
11 98
88 87
20 10
2 88
55 65
69 44
80 32
20 51
2 30
84 91
33 39
7 86
10 75
3 20
15 25
26 84
86 18
84 79
67 97
44 91
69 93
15 58
36 97
75 80
28 72
33 62
77 92
42 76
35 44
4 30
63 47
42 40
72 87
19 41
0 37
82 84
99 89
98 82
14 15
4 14
14 18
12 75
3 92
49 44
53 40
67 42
7 81
63 28
12 34
15 21
81 18
89 79
60 89
98 21
14 55
63 62
29 21
98 72
41 48
5 13
53 21
6 33
8 67
48 76
4 6
12 82
80 85
0 36
19 18
5 8
6 29
45 31
1 0
92 50
93 46
56 40
81 56
