5
14
90
44
68
28
100
32 97
87 97
77 70
75 47
71 48
37 70
91 81
75 34
34 47
91 20
91 78
91 76
12 75
48 78
87 60
70 60
48 81
48 52
47 52
60 81
46 97
75 83
43 48
87 34
70 84
91 83
77 52
37 76
48 79
91 42
5 77
71 34
32 79
12 47
45 25
25 76
83 60
49 47
37 30
32 81
92 97
78 34
75 42
38 34
91 82
22 47
82 48
37 89
46 91
11 25
91 92
77 45
92 25
6 97
45 75
70 81
48 42
30 84
37 38
20 87
77 56
30 60
75 81
75 76
38 84
56 47
16 47
32 20
77 92
71 38
12 83
91 6
25 1
30 70
51 25
94 97
96 37
34 89
75 82
12 76
80 97
91 21
11 75
32 42
78 38
12 30
77 95
71 83
84 42
97 69
71 70
92 60
91 53
6 47
49 70
49 60
5 71
71 89
5 48
79 52
