5
15
51
83
8
43
100
73 26
73 46
79 26
26 52
40 11
84 34
36 84
73 74
65 26
36 49
2 40
40 64
38 11
36 74
14 26
21 46
80 49
79 52
74 3
0 73
46 24
30 76
80 40
23 46
36 2
23 84
78 84
35 73
89 49
49 32
29 40
38 79
36 48
74 52
36 46
3 72
61 46
1 84
73 5
0 74
0 36
18 11
85 46
88 64
66 84
26 63
88 79
74 29
89 2
31 30
31 32
29 52
14 11
73 90
34 32
88 40
3 93
73 19
54 79
9 26
21 49
23 79
3 22
36 24
36 23
0 80
5 11
18 40
48 38
44 76
49 40
36 55
61 76
84 90
65 34
18 49
78 34
3 65
18 64
74 42
14 79
40 61
78 3
14 52
88 89
21 34
92 76
54 30
64 20
25 31
11 92
0 88
14 2
36 25
14 64
70 2
70 79
89 13
3 25
66 34
