5
87
37
47
21
20
100
40 36
27 36
19 36
69 89
16 36
40 69
40 89
38 89
3 89
40 49
82 36
78 36
3 40
26 36
69 27
68 69
89 27
97 36
89 49
27 49
35 89
3 38
3 69
40 19
19 49
71 36
40 68
67 36
69 74
59 36
68 36
38 19
18 36
89 8
40 8
68 89
38 82
40 78
63 36
69 7
14 36
9 36
33 49
40 74
3 33
38 74
61 36
68 27
69 36
16 27
69 85
26 89
56 36
96 36
82 27
35 8
74 49
69 4
89 63
38 73
74 89
38 97
40 63
89 97
69 97
35 7
36 85
3 16
19 27
35 74
17 89
78 27
3 7
40 56
40 7
26 40
35 54
69 34
89 7
82 49
38 92
54 49
95 36
38 33
3 26
35 38
19 33
68 54
3 17
40 4
50 49
69 9
36 60
38 71
69 63
69 79
83 36
35 64
59 69
3 78
