5
86
87
67
1
78
100
20 19
51 12
23 3
13 41
54 35
62 98
46 17
94 18
46 70
18 11
28 15
68 30
37 0
55 61
37 88
24 70
36 99
34 99
43 8
56 61
6 65
28 22
29 21
51 18
65 75
14 96
77 71
84 39
2 25
25 3
13 15
9 3
93 35
35 60
92 53
4 10
12 49
37 51
89 58
39 97
82 35
63 96
36 19
40 33
30 15
91 94
13 99
2 40
82 46
25 94
26 95
50 9
57 29
55 22
34 49
59 51
64 7
54 95
84 15
36 61
72 46
0 19
72 5
17 5
34 50
28 64
64 21
26 10
47 63
54 59
91 18
9 98
10 53
42 4
97 74
30 18
32 85
52 69
72 42
13 35
57 9
13 8
16 52
43 51
7 96
71 14
93 99
91 61
16 3
6 18
43 71
13 3
42 49
39 70
74 11
54 47
75 11
93 90
72 69
73 40
