5
25
26
27
28
29
100
3 42
5 19
5 18
5 17
5 16
5 15
5 14
5 13
5 12
5 20
5 11
5 9
5 8
4 50
4 49
4 48
4 47
4 46
4 45
5 10
5 21
5 22
5 23
5 42
5 41
5 40
5 39
5 38
5 37
5 36
5 35
5 34
5 33
5 32
5 31
5 30
5 24
4 44
4 43
4 42
4 41
4 17
4 16
4 15
4 14
4 13
4 12
4 11
4 10
4 9
4 8
3 50
3 49
3 48
3 47
3 46
3 45
3 44
3 43
7 49
4 18
5 43
4 19
4 21
4 40
4 39
4 38
4 37
4 36
4 35
4 34
4 33
4 32
4 31
4 30
4 24
4 23
4 22
4 20
5 44
5 45
5 46
7 24
7 23
7 22
7 21
7 20
7 19
7 18
7 17
7 16
7 15
7 14
7 13
7 12
7 11
7 10
7 9
7 8
6 50
