0
100
0 15
33 99
0 9
0 97
11 99
0 22
49 99
42 9
0 40
0 95
0 72
62 99
27 99
0 88
48 99
0 11
0 74
67 99
0 8
0 54
0 51
0 32
0 18
94 99
0 5
0 23
0 94
0 13
0 29
0 49
83 43
83 97
83 46
83 5
83 68
83 47
83 70
83 23
83 2
83 29
83 6
83 85
83 67
28 99
83 91
83 51
83 58
83 25
1 99
84 99
9 99
83 28
83 26
24 51
96 25
83 89
83 54
83 14
83 96
83 75
83 24
36 99
83 90
72 88
72 43
72 33
72 86
72 29
72 45
72 51
72 24
72 4
72 27
72 39
71 99
58 99
51 99
72 53
72 98
72 31
72 17
54 99
72 65
72 80
72 18
72 73
72 82
72 64
56 99
8 99
72 58
72 21
74 69
74 81
12 86
74 8
74 78
74 14
25 99
53 99
