5
60
76
61
49
77
100
14 50
34 74
39 54
51 41
33 26
11 13
38 13
56 54
66 56
75 15
51 68
9 34
51 69
65 40
31 21
47 57
18 35
66 42
8 71
30 56
24 57
37 23
2 33
33 22
18 68
6 75
64 28
7 68
3 78
69 79
73 71
12 27
71 22
65 24
25 57
57 63
47 62
36 79
20 28
4 13
16 23
73 36
32 70
47 79
12 28
17 35
9 18
4 24
65 27
64 65
30 62
8 42
3 52
17 55
21 79
17 8
7 30
4 8
24 10
37 30
25 6
64 18
55 79
1 64
21 63
6 30
25 21
16 27
3 9
17 22
73 12
2 65
44 7
53 18
4 20
10 55
53 63
29 13
73 2
37 22
4 37
2 53
25 44
17 42
9 16
2 17
20 44
79 62
20 22
32 75
45 75
10 22
5 47
0 25
45 8
53 16
29 42
3 44
29 44
64 59
