5
43
70
63
67
34
100
68 41
72 3
4 3
15 52
6 42
64 52
52 55
52 68
49 41
15 55
69 23
23 66
42 66
15 68
42 75
52 53
15 69
59 42
15 79
79 58
0 15
52 58
7 42
55 66
21 42
46 6
16 6
4 42
0 64
59 79
37 41
64 75
42 9
9 66
50 52
56 41
47 58
40 3
58 66
17 6
26 9
17 23
5 3
74 6
4 9
42 65
21 58
21 55
47 75
68 53
68 26
47 26
17 68
0 59
59 72
46 9
57 3
77 41
17 26
52 37
23 57
71 62
28 3
26 39
51 23
55 19
47 53
56 52
4 75
74 55
79 48
16 58
0 17
16 62
0 16
55 26
65 9
7 4
49 66
36 62
74 66
69 74
59 50
49 62
49 69
23 38
6 60
68 65
78 9
6 30
12 68
71 39
47 49
58 39
15 40
62 65
59 74
39 53
62 19
16 4
