5
92
94
98
97
95
100
90 99
93 99
96 99
0 5
0 4
0 7
0 9
0 2
0 6
0 3
0 8
0 10
87 96
89 90
81 93
86 96
86 93
83 93
85 96
88 93
82 90
84 90
87 93
86 91
82 91
89 93
88 96
88 91
85 93
85 90
88 90
81 96
84 91
81 90
83 96
81 91
89 96
87 90
85 91
84 96
87 91
83 90
89 91
82 93
3 11
4 19
4 20
8 11
6 19
7 17
1 13
3 14
3 12
7 15
6 14
5 17
10 14
8 13
3 13
1 19
7 20
4 12
2 20
4 14
10 13
1 14
1 18
7 16
9 19
3 18
5 13
3 20
9 16
10 18
5 12
6 17
8 19
3 15
6 16
10 19
5 11
10 20
6 18
5 15
9 15
2 12
2 16
2 14
2 18
4 11
5 20
9 13
4 15
6 20
2 19
8 16
5 16
8 12
9 11
1 12
