0
96
55 99
7 43
2 43
56 21
0 31
0 34
45 21
83 21
98 63
27 69
31 63
89 4
40 69
78 69
51 83
57 18
50 44
5 4
0 49
0 85
0 15
0 70
97 32
97 23
97 17
75 3
17 51
89 7
89 16
54 83
54 50
54 8
35 27
35 77
71 34
37 90
53 26
88 70
87 25
53 33
87 27
87 56
41 91
15 22
66 36
98 93
66 68
10 91
98 72
98 59
56 30
56 79
47 61
56 36
60 1
73 28
47 34
26 32
23 72
13 39
32 76
45 77
68 40
12 25
13 32
82 14
33 1
82 79
24 9
12 94
24 33
59 70
62 9
59 3
7 1
51 92
51 93
22 30
40 67
40 11
2 83
5 64
6 78
3 74
70 65
34 65
60 81
76 51
91 70
95 74
7 80
7 70
39 72
34 9
34 28
60 90
