5
73
26
33
92
23
100
59 96
54 71
96 57
54 59
71 34
59 34
3 71
3 34
15 96
17 96
71 47
3 54
42 96
8 96
47 34
59 57
59 15
17 76
69 34
30 71
59 7
32 59
54 69
3 57
69 60
41 96
8 76
54 15
11 76
7 34
68 96
8 71
44 34
54 47
44 96
3 15
76 57
47 57
13 34
21 76
41 71
69 57
8 34
17 47
19 96
47 7
18 96
71 99
29 59
0 59
11 54
89 60
71 85
62 96
14 60
89 76
30 76
3 11
98 96
41 76
3 7
3 14
77 96
69 76
32 60
96 38
9 96
29 60
89 47
41 54
85 60
20 76
8 47
41 34
29 34
59 46
59 36
0 54
71 53
78 96
14 47
0 3
69 15
59 79
0 71
99 34
17 57
71 36
68 71
79 76
54 21
30 69
48 96
14 57
69 42
68 34
71 62
44 7
59 27
59 25
