5
24
69
25
31
60
100
4 15
45 49
29 51
50 56
56 73
50 88
10 20
1 21
45 75
79 92
16 72
33 81
9 82
4 20
45 90
33 52
6 21
49 59
40 79
56 71
10 55
29 43
17 84
68 92
41 59
66 68
32 89
15 43
59 80
22 34
4 37
3 75
45 67
51 77
10 59
42 84
73 76
15 33
3 30
4 7
40 89
2 16
12 40
36 51
2 61
20 72
57 85
16 61
52 64
54 72
5 13
8 34
29 87
47 51
1 41
55 80
12 66
12 65
36 38
4 8
59 74
62 88
54 78
8 85
11 79
63 83
65 70
36 59
1 46
16 55
37 39
8 10
28 56
75 81
55 72
41 66
76 77
0 39
50 57
53 63
4 84
56 81
14 56
57 74
20 65
30 89
44 53
20 81
11 30
39 50
53 72
17 34
32 48
9 42
37 77
28 82
72 77
20 29
14 89
5 32
