5
63
51
1
17
87
100
23 46
2 42
36 50
53 93
7 36
50 95
9 80
18 28
9 24
39 58
37 91
2 29
67 95
35 69
58 82
31 42
58 68
58 77
33 78
0 84
20 54
40 47
64 75
5 12
36 56
24 72
68 82
25 85
66 94
45 83
30 46
29 35
24 28
15 42
48 59
36 95
13 92
49 82
6 74
59 91
28 79
58 80
71 83
70 77
53 94
33 88
57 89
54 72
11 93
6 68
47 78
27 68
55 56
28 73
4 32
40 67
5 42
29 89
32 50
40 56
42 86
2 19
45 89
4 13
26 82
2 43
84 85
20 24
23 25
81 95
3 47
20 78
62 65
15 46
83 94
0 15
10 89
2 20
26 77
2 56
52 59
0 4
12 84
20 93
89 90
15 31
15 16
22 34
6 24
16 34
31 76
36 90
10 28
49 83
36 67
34 92
85 90
10 80
10 82
11 41
