5
53
43
81
65
79
100
37 68
85 98
41 45
84 93
44 89
83 86
22 96
22 94
22 48
47 77
49 64
50 54
50 61
50 64
21 55
11 28
20 45
19 92
19 21
56 90
77 85
58 75
61 80
2 4
64 67
16 33
66 67
67 69
15 76
70 91
40 99
24 76
5 6
74 93
27 54
86 98
32 36
32 80
33 49
33 99
30 46
26 36
25 90
6 73
8 20
8 41
13 58
0 4
8 56
38 92
13 71
16 55
1 34
56 59
56 70
70 83
9 10
57 71
28 91
57 96
27 62
15 84
17 85
17 35
12 76
3 25
17 28
67 74
29 90
64 74
29 60
55 66
6 17
40 88
37 84
41 64
24 70
41 93
23 77
37 59
5 28
23 35
36 86
19 74
45 59
70 92
46 50
46 61
26 71
22 45
7 21
48 75
26 96
27 47
50 91
32 76
20 62
45 61
32 46
29 37
