5
77
91
52
43
30
100
93 97
92 96
94 98
79 83
84 88
88 92
89 93
83 87
90 94
81 85
80 84
95 99
55 59
58 62
62 66
65 69
76 80
74 78
67 71
70 74
85 89
86 90
29 33
68 72
59 63
64 68
78 82
82 86
35 39
47 51
23 27
41 45
31 35
50 54
61 65
56 60
46 50
51 99
53 57
7 11
5 9
2 6
49 53
8 12
13 17
40 44
19 23
44 48
38 42
11 15
10 14
22 26
16 20
34 38
28 32
14 18
32 36
9 15
8 15
20 24
66 70
69 73
51 55
72 76
14 15
54 58
4 10
15 18
33 37
27 31
63 67
60 64
45 49
3 7
57 61
22 54
14 24
28 34
22 61
34 40
22 24
10 16
22 28
32 61
42 46
48 54
9 13
42 44
26 28
32 53
36 42
16 22
36 40
40 42
42 48
36 38
34 36
6 10
60 67
38 40
