0
100
0 4
95 99
0 3
98 99
0 1
2 29
96 99
2 60
2 62
2 92
2 46
2 93
2 65
2 52
2 55
2 86
2 41
87 97
2 98
2 45
2 88
2 83
71 49
2 59
71 67
71 35
71 92
71 65
71 60
10 97
89 97
53 97
71 93
96 97
71 31
71 98
71 62
71 38
71 9
71 87
71 42
71 82
71 27
71 48
71 30
71 58
71 15
71 61
92 97
71 90
78 97
71 46
71 91
64 97
71 70
71 54
71 55
71 72
49 97
71 33
71 56
71 75
71 84
71 10
71 78
29 97
71 52
71 39
71 14
71 16
71 12
71 89
71 77
36 48
36 85
36 67
36 91
36 37
36 87
65 97
36 80
36 28
85 97
36 94
36 44
19 97
60 97
36 98
36 75
36 95
36 92
36 46
48 97
33 18
33 54
33 45
33 3
33 68
74 97
33 88
