5
14
50
4
48
87
100
64 66
5 66
20 53
20 40
64 7
20 7
20 15
20 25
13 66
66 40
20 37
20 46
20 73
66 73
38 64
20 38
66 7
36 66
3 20
5 59
64 60
20 68
66 85
60 15
45 66
64 79
66 16
5 13
40 7
64 16
53 60
66 68
20 79
20 44
20 26
20 72
5 37
25 59
20 16
20 34
46 66
25 15
40 15
25 66
5 60
66 86
2 20
25 37
76 7
38 66
64 72
2 5
64 86
3 66
66 60
66 71
64 89
20 47
64 73
34 66
2 64
20 61
20 69
20 31
38 60
53 59
7 16
60 16
2 66
53 40
66 83
13 25
12 66
28 66
46 60
59 73
20 66
13 15
59 16
29 64
5 85
68 60
25 53
38 15
38 53
64 83
79 60
47 64
13 40
25 46
70 60
5 89
64 77
5 52
2 60
5 26
46 59
20 41
3 53
85 7
