5
80
7
66
28
74
100
30 60
36 60
38 60
26 60
0 51
43 60
14 49
14 38
60 50
0 33
0 59
70 30
14 17
0 36
15 49
14 70
14 72
33 60
0 11
15 38
48 60
0 35
0 4
36 63
0 34
17 38
0 64
33 30
69 30
14 51
38 71
36 43
49 63
14 50
14 60
14 59
26 72
17 50
0 79
30 61
17 43
70 72
15 63
49 52
72 38
36 61
0 53
0 56
75 30
0 16
70 71
72 17
63 71
26 77
79 30
56 60
0 10
61 38
26 63
14 33
4 60
70 77
84 60
65 60
41 60
64 60
77 30
27 60
64 30
5 38
51 72
59 17
13 60
14 37
51 71
30 81
4 30
0 23
34 36
0 40
40 60
71 52
35 49
12 60
70 61
14 65
15 26
33 38
36 59
14 34
9 72
14 64
49 81
51 63
33 71
15 75
46 60
36 37
33 36
69 70
