5
53
52
5
21
35
100
12 41
14 43
13 42
3 15
17 25
0 3
6 34
2 7
11 34
2 41
18 31
2 18
15 28
19 27
18 32
27 40
37 46
16 33
7 28
2 44
32 41
38 48
32 34
33 45
31 45
12 38
15 25
22 46
36 39
30 49
9 26
33 40
45 49
13 14
4 28
4 39
3 39
25 33
25 42
31 47
11 16
28 36
9 13
37 40
7 23
2 34
0 15
30 46
2 3
11 15
7 40
27 31
13 39
8 45
3 14
22 47
7 38
7 44
3 22
16 27
20 43
8 38
3 46
30 47
22 28
17 28
6 42
23 49
14 33
37 49
10 26
7 34
46 49
34 41
30 45
3 34
38 44
15 19
18 19
37 39
32 49
25 47
18 20
2 29
11 33
10 12
28 44
38 39
0 23
15 39
0 45
24 43
29 49
3 33
13 40
1 41
43 47
11 30
9 17
11 27
