5
38
39
59
32
52
100
2 72
30 50
57 65
0 22
26 45
51 72
0 49
30 43
14 55
35 71
33 53
45 63
0 12
13 19
64 73
4 6
25 42
15 50
28 36
11 13
6 48
26 56
19 26
1 67
1 7
5 65
35 42
44 64
43 60
1 63
14 47
28 41
40 57
15 27
15 26
16 29
25 27
14 70
23 37
0 28
23 33
1 45
44 45
25 58
41 43
46 53
45 54
45 56
10 18
25 33
11 47
42 54
24 70
11 67
50 51
0 30
26 47
26 63
4 17
6 73
51 53
5 31
21 58
15 56
7 27
7 26
65 68
28 37
30 68
25 45
29 34
11 22
8 41
54 73
11 28
41 66
22 26
27 68
4 73
9 31
19 23
22 64
51 54
33 73
12 17
35 48
13 49
34 51
25 71
28 49
1 51
25 68
2 28
34 48
2 68
16 41
31 50
11 37
34 71
12 63
