0
100
0 59
0 26
38 59
49 59
0 22
0 40
0 35
32 17
20 59
25 56
25 29
25 32
25 22
25 35
25 44
52 59
11 19
11 22
11 38
47 54
11 45
11 35
11 18
47 22
47 6
47 16
47 5
47 18
9 55
4 22
52 21
52 36
52 45
52 28
52 22
34 45
34 32
34 16
3 7
27 30
27 38
41 23
40 10
30 10
41 5
29 10
41 43
36 10
41 24
43 10
20 10
37 7
41 46
19 38
41 22
32 54
28 7
51 8
32 35
19 58
48 43
40 8
19 35
19 30
48 42
15 8
58 29
23 8
45 43
56 43
1 43
57 43
33 13
31 13
5 13
17 13
16 13
49 28
31 28
26 28
37 24
16 24
58 42
57 53
58 22
40 50
58 55
21 50
23 2
16 55
22 50
22 55
40 2
58 51
56 2
17 30
49 30
45 38
37 30
16 37
