5
56
39
53
47
23
100
10 52
30 91
9 59
72 94
10 44
32 82
69 98
27 84
18 82
32 71
68 70
55 87
33 77
54 87
2 16
67 78
15 33
70 88
92 94
54 94
6 70
7 61
27 76
51 91
50 73
60 88
71 86
14 93
36 87
55 89
32 94
5 21
55 68
26 92
7 13
50 74
25 35
60 92
51 85
0 54
41 95
12 62
10 49
14 98
55 85
24 72
18 83
61 89
40 43
3 26
69 82
52 83
41 51
44 63
42 91
12 84
2 14
40 42
52 72
44 69
57 94
5 27
81 83
11 66
12 69
30 76
31 44
51 96
7 69
10 37
66 97
69 72
41 78
54 86
33 63
32 99
27 31
18 66
21 77
11 54
86 89
17 57
6 35
60 70
75 98
8 72
26 62
21 80
15 79
13 55
17 77
57 58
19 84
35 81
5 92
6 91
2 19
38 42
28 91
3 48
