5
3
87
15
22
86
100
52 79
34 55
59 61
32 54
51 52
8 69
65 88
16 88
25 54
10 67
26 60
32 48
51 88
41 50
2 41
55 70
35 59
49 80
35 50
19 26
9 36
59 85
36 85
24 40
5 56
75 93
1 60
76 88
12 31
27 58
2 52
49 83
8 35
89 93
56 77
52 74
14 91
37 71
37 69
70 75
9 92
16 17
42 75
33 58
66 78
80 91
26 40
11 19
7 68
4 43
12 17
40 67
57 74
66 88
7 71
44 46
48 81
18 34
48 76
14 82
2 32
35 94
10 66
53 76
29 67
51 80
16 80
36 61
65 70
47 64
46 92
23 55
13 55
32 38
7 46
28 68
8 51
25 53
1 75
13 24
9 75
40 44
43 93
43 46
67 84
1 34
37 92
23 85
73 76
34 67
1 50
73 85
63 72
4 7
31 76
11 30
66 89
17 94
53 84
19 60
