5
61
48
83
79
7
100
52 59
98 59
35 59
17 59
0 59
59 11
59 67
59 33
59 27
59 85
99 67
35 99
52 67
0 99
0 52
17 52
98 99
52 11
36 59
17 99
99 11
17 67
86 59
59 70
17 11
0 35
99 85
98 67
0 98
59 41
57 59
36 52
98 35
99 2
67 33
35 11
0 17
98 2
98 85
59 51
99 69
52 70
99 88
36 35
5 99
52 46
35 27
11 85
27 33
17 36
85 33
57 52
35 2
4 59
36 11
2 67
17 27
86 99
59 80
17 85
28 59
99 41
5 52
0 36
68 99
67 85
2 33
36 67
11 27
59 90
67 27
10 59
68 33
11 41
17 68
5 33
0 5
35 88
76 52
67 69
68 98
57 33
98 57
69 33
98 88
86 67
0 68
11 70
11 46
17 70
68 35
35 46
76 99
52 80
0 57
67 46
2 27
28 99
59 3
98 70
