5
29
27
40
32
6
100
0 47
0 72
0 5
0 9
0 67
0 97
0 24
0 84
41 99
0 20
0 44
0 36
0 74
0 43
0 75
0 71
0 59
0 25
0 95
0 12
0 77
0 26
0 78
0 73
0 53
0 70
34 99
0 48
0 91
0 88
0 86
0 35
26 99
39 99
90 99
52 99
16 99
10 99
59 99
19 99
76 99
0 17
0 89
0 18
0 34
0 81
0 8
65 63
0 93
0 7
65 41
65 7
65 79
65 61
65 49
65 28
65 54
90 63
62 99
65 89
65 80
65 53
65 88
65 4
65 58
65 22
65 93
65 48
65 30
65 70
65 24
65 16
65 69
65 75
65 36
65 35
65 57
65 97
65 26
65 62
95 99
63 99
96 99
65 21
65 46
65 98
65 11
65 45
65 73
65 72
65 42
65 90
65 71
65 67
65 84
65 23
65 59
65 76
62 94
65 74
