5
63
58
1
29
46
100
16 66
27 65
37 61
2 25
22 24
4 37
23 89
10 77
25 36
0 76
10 87
28 54
5 10
9 92
15 27
14 66
80 94
12 19
48 66
30 47
85 86
47 66
12 72
12 74
62 77
13 43
30 86
71 84
20 92
19 75
71 92
8 83
19 82
7 97
73 90
6 90
60 79
8 24
0 33
41 83
21 44
7 25
32 91
57 97
0 17
25 28
14 28
26 71
26 72
54 93
64 71
30 43
34 62
0 7
47 57
20 42
61 90
2 77
26 70
28 43
33 87
22 56
18 61
9 84
18 26
38 84
36 53
52 75
4 15
27 92
21 92
10 39
88 92
39 80
69 70
4 66
67 93
59 79
75 94
25 64
34 52
21 65
44 70
13 86
76 94
72 87
13 67
33 88
13 48
76 84
62 91
17 92
73 93
38 72
68 74
42 80
16 41
22 85
14 81
31 39
