5
50
64
12
68
38
100
45 49
58 57
56 49
73 57
49 61
52 46
15 57
60 46
44 49
46 75
7 46
19 46
10 49
2 49
31 57
36 69
59 46
36 7
39 49
36 75
70 57
60 76
6 75
55 49
36 66
63 57
36 11
43 57
46 77
59 76
32 6
43 46
22 57
4 46
22 46
66 45
41 46
35 45
73 52
9 66
54 6
21 6
9 35
42 76
40 76
60 58
46 78
24 57
0 36
28 6
29 76
6 71
58 32
9 21
19 58
33 57
6 77
4 76
60 73
36 56
56 76
74 57
36 71
58 11
47 57
9 4
9 63
15 20
58 70
40 58
69 7
45 71
60 52
0 9
41 6
27 6
1 36
4 45
23 76
67 46
5 6
20 7
58 28
36 78
7 75
6 78
18 45
73 42
44 6
58 71
15 66
56 58
30 57
59 48
32 48
69 32
24 76
14 20
73 40
52 59
