5
49
70
69
68
67
100
0 1
42 50
42 48
42 47
42 46
42 45
42 44
42 43
41 99
41 98
41 97
41 96
41 95
41 94
41 93
42 51
41 92
42 52
42 54
42 66
42 65
42 64
42 63
42 62
42 61
42 60
42 59
42 58
42 57
42 56
42 55
42 53
41 91
41 90
41 89
41 66
41 65
41 64
41 63
41 62
41 61
41 60
41 59
41 58
41 57
41 56
41 55
41 54
41 71
41 72
41 88
41 87
41 86
41 85
41 84
41 83
41 82
41 81
41 79
41 78
41 77
41 76
41 75
41 74
41 73
41 80
41 53
42 71
42 73
43 71
43 66
43 65
43 64
43 63
43 62
43 61
43 60
43 59
43 58
43 57
43 72
43 56
43 73
43 75
43 90
43 89
43 88
43 87
43 86
43 85
43 84
43 83
43 82
43 81
43 80
43 79
43 78
43 77
43 76
43 74
