5
6
34
51
3
85
100
33 38
11 41
33 89
11 58
23 58
11 29
33 25
23 28
33 13
11 25
23 99
33 94
33 18
11 93
14 8
33 36
55 38
68 41
8 29
28 41
62 58
22 38
33 31
8 28
33 4
11 28
55 41
33 91
38 75
23 79
33 60
62 41
83 8
62 60
90 69
38 41
58 14
68 28
33 55
82 8
22 22
11 35
89 66
2 8
23 72
11 61
11 36
33 41
80 58
90 60
23 21
33 67
63 90
33 24
23 66
38 8
62 8
38 58
68 18
79 41
48 27
31 8
63 38
66 18
58 86
33 32
7 8
48 18
16 90
33 90
48 38
48 69
90 18
23 29
55 66
23 26
23 87
38 25
89 99
23 68
93 75
23 98
68 29
12 50
83 75
70 41
83 13
23 19
23 75
90 94
31 14
32 58
58 9
83 12
23 55
62 93
23 14
17 90
98 38
62 27
