5
8
73
25
52
91
100
92 96
69 77
67 92
89 97
39 44
23 94
9 51
42 66
58 70
28 54
29 75
45 51
48 71
54 70
34 34
11 88
46 97
49 51
42 68
68 97
34 51
37 68
28 75
6 59
30 32
41 46
63 87
66 87
65 85
40 47
79 88
29 99
3 59
11 41
46 66
20 37
39 77
11 51
11 76
1 15
34 76
20 24
0 81
12 26
24 27
33 86
45 64
59 79
6 45
41 49
34 66
29 60
4 6
13 19
24 36
65 79
31 88
1 74
16 39
70 87
18 72
41 51
1 5
7 66
76 84
11 58
13 82
13 94
63 98
4 97
33 98
10 98
41 81
33 44
31 31
23 80
18 97
29 48
2 26
11 66
4 82
11 99
9 80
80 81
10 61
10 32
28 38
46 60
22 50
5 27
61 92
79 98
30 62
70 99
30 71
27 97
11 65
11 40
23 97
93 96
