5
96
45
67
86
39
100
60 97
23 71
18 25
3 24
16 83
74 31
18 29
63 52
25 91
8 60
23 2
91 27
43 75
0 26
38 75
50 14
57 63
69 50
13 99
99 79
37 17
98 78
7 10
21 59
50 64
15 80
17 95
73 14
74 95
1 98
22 59
99 70
1 65
46 29
40 21
37 92
72 22
77 65
81 8
13 66
46 8
13 55
38 49
28 70
58 64
72 0
21 94
40 3
22 51
20 57
55 29
26 32
89 2
28 76
57 76
1 7
56 80
49 85
10 88
51 64
34 2
78 49
20 90
44 52
33 69
82 36
15 9
54 52
84 38
20 81
72 9
53 68
76 19
1 51
44 26
82 27
51 59
6 74
30 34
88 59
81 34
57 51
73 34
54 83
56 10
3 35
12 36
38 94
4 27
43 77
41 65
55 7
6 68
88 95
76 15
15 95
32 77
90 41
54 9
44 85
