5
18
90
89
19
2
100
0 10
20 30
7 8
96 97
1 10
69 79
6 7
49 59
91 92
97 98
93 94
3 4
30 40
60 70
29 39
95 96
5 6
40 50
39 49
4 5
92 93
50 60
59 69
10 20
91 82
12 3
78 69
20 21
4 14
40 41
58 49
7 17
51 60
88 79
85 95
48 39
83 93
30 31
50 51
68 59
80 81
96 87
87 97
95 86
70 71
92 83
94 85
5 15
6 16
28 29
70 80
31 41
44 45
65 56
74 84
22 13
47 38
21 22
15 16
67 58
12 22
61 71
51 42
76 67
14 24
35 26
37 47
45 55
26 27
74 65
46 47
37 38
58 68
74 75
44 54
73 83
54 45
66 57
71 81
42 43
42 33
57 58
56 47
84 75
68 78
46 56
64 65
77 68
32 33
75 76
65 66
25 16
75 85
54 55
21 12
22 32
23 14
14 15
32 23
72 82
