5
97
54
2
57
33
100
82 29
37 58
45 82
61 82
45 29
37 82
58 61
61 29
87 29
11 29
79 29
37 61
58 85
39 82
11 82
7 29
7 82
58 87
39 29
7 58
20 58
85 82
37 45
85 29
58 79
4 82
4 29
37 79
31 58
78 29
4 45
45 85
7 37
3 29
3 58
11 45
45 79
58 75
9 82
75 82
39 61
9 29
3 82
78 82
4 61
31 82
20 61
11 61
4 37
45 87
7 45
37 85
61 85
9 58
11 37
61 79
37 87
31 29
7 61
39 45
37 78
37 63
4 7
6 58
7 85
4 79
45 63
58 72
6 82
3 37
61 75
32 29
61 63
79 87
4 11
20 39
7 20
37 75
4 20
11 85
79 85
39 87
39 79
45 78
64 82
7 79
11 87
64 29
7 39
9 61
20 87
4 39
11 79
32 58
39 85
7 87
72 82
4 85
31 37
9 45
