5
7
12
93
56
78
100
66 88
52 82
70 75
15 33
39 84
70 83
26 36
40 70
52 87
40 86
47 66
14 36
16 65
74 94
44 85
13 48
73 76
72 74
39 58
2 8
37 86
65 81
15 18
28 54
36 71
80 92
6 21
22 65
59 94
0 11
59 89
3 62
58 77
3 45
37 44
29 32
23 79
8 28
42 50
16 20
39 81
1 76
1 70
41 52
39 57
37 45
36 68
42 62
15 69
13 36
2 6
4 59
62 85
62 82
62 79
3 69
8 24
55 67
69 84
9 38
15 57
51 52
48 86
11 86
2 49
13 19
35 92
13 58
13 68
45 54
44 76
70 76
21 48
43 55
31 37
84 85
26 49
34 40
30 53
24 59
25 77
17 37
17 42
33 82
18 24
55 79
33 76
39 72
8 25
0 17
50 90
49 69
42 72
29 82
71 86
25 86
14 73
14 72
45 65
30 76
