5
61
91
78
98
75
100
82 10
2 38
51 55
49 10
67 38
97 90
80 10
5 38
59 55
23 76
10 65
23 79
82 55
38 20
8 10
57 97
38 55
23 10
38 79
52 10
20 55
18 10
93 90
81 55
57 82
28 10
74 3
99 55
2 76
1 23
8 38
5 31
42 55
82 90
67 90
46 97
21 55
0 80
23 69
5 63
37 93
64 3
93 63
28 55
37 23
60 80
43 90
53 93
6 10
57 33
10 83
49 82
54 3
22 57
23 68
43 79
8 76
19 31
46 49
62 63
46 82
6 38
5 59
48 55
38 54
97 63
49 97
62 3
60 23
54 55
65 55
15 55
36 90
0 60
46 93
13 3
67 43
21 38
22 79
52 31
43 33
46 8
46 79
57 20
82 62
80 8
1 38
23 20
38 63
97 56
42 76
60 53
96 31
40 10
8 59
74 79
48 90
13 82
15 3
49 81
