5
87
52
42
91
92
100
56 94
85 94
56 85
46 56
56 27
46 94
94 27
46 85
56 37
94 37
56 68
68 94
56 61
32 94
46 27
85 37
40 56
62 94
56 88
67 94
32 56
56 63
43 56
56 67
68 85
43 94
59 94
88 94
16 94
61 94
16 56
0 94
14 56
59 85
14 94
32 85
67 85
94 81
71 94
68 27
4 56
40 85
4 94
56 19
93 94
0 56
56 93
85 63
61 85
56 66
56 59
46 37
94 19
66 94
85 88
21 94
58 94
88 27
62 27
66 85
46 67
24 94
67 27
94 70
48 94
59 27
16 46
14 85
32 27
46 61
56 58
61 27
86 94
0 85
68 37
43 46
33 94
94 20
44 94
85 19
33 56
24 56
32 46
56 83
40 46
85 81
56 84
48 56
46 63
4 85
16 27
84 94
27 63
46 59
77 94
56 70
56 20
40 27
46 62
43 27
