0
100
5 79
3 41
49 79
0 16
0 30
26 79
32 71
0 42
0 46
24 79
29 79
0 31
0 66
0 4
0 41
0 1
0 2
0 7
0 24
0 12
0 18
0 56
0 19
0 59
0 58
0 5
0 35
0 51
0 26
0 9
0 70
30 35
0 68
0 25
50 30
50 51
41 79
71 79
50 75
50 74
50 40
50 13
50 15
50 67
50 53
50 57
31 79
46 79
50 6
50 45
50 47
50 12
50 31
50 69
50 46
50 27
50 77
57 79
58 79
50 78
50 68
50 9
8 79
50 4
50 48
50 76
22 23
22 75
22 77
22 76
22 73
69 79
22 9
22 37
43 79
22 3
22 28
65 79
22 72
22 26
22 7
22 74
22 45
4 17
48 2
22 16
21 28
22 69
22 68
21 38
36 79
21 48
21 45
21 66
61 73
21 3
21 78
21 39
77 79
21 61
