5
74
52
59
56
67
87
40 42
39 41
58 60
60 61
36 37
43 41
34 32
86 88
90 88
43 44
22 24
79 81
49 51
30 31
77 79
72 73
44 45
85 84
64 65
84 86
95 94
92 94
98 97
44 46
46 48
45 47
31 32
64 66
5 7
3 5
16 17
85 86
27 28
85 83
34 35
68 69
87 89
80 81
50 48
48 49
26 28
15 17
54 53
21 20
7 8
78 77
65 66
81 83
26 27
35 36
2 3
96 97
15 16
14 16
63 61
2 4
14 15
90 92
76 77
25 26
99 98
91 92
96 95
28 35
11 13
82 89
12 14
75 73
35 87
0 98
70 69
18 20
1 21
10 11
78 76
62 30
6 8
8 9
20 93
17 18
25 27
1 3
82 80
99 4
12 11
1 2
0 1
