5
8
4
98
18
58
100
16 97
45 97
16 28
3 6
16 30
6 39
3 16
16 25
45 30
6 5
6 69
16 71
45 28
16 72
6 9
16 55
45 25
39 45
16 15
16 20
6 31
39 28
28 25
6 10
96 97
16 89
3 28
28 21
71 30
45 55
45 5
39 25
41 30
25 21
27 28
0 6
85 97
16 84
31 97
39 21
16 57
6 51
9 45
27 21
6 54
20 45
15 30
0 16
16 40
55 30
41 21
16 95
6 77
6 17
69 30
16 99
90 97
34 30
95 97
39 41
3 41
45 44
13 97
89 30
6 66
45 85
20 30
3 5
47 97
3 69
54 97
28 29
34 21
20 28
34 25
25 15
16 47
45 84
41 71
16 60
39 34
28 94
5 21
16 17
72 21
17 97
52 97
16 83
3 72
29 30
45 56
72 25
94 30
6 92
6 78
10 30
71 15
20 21
20 25
44 30
