0
100
71 99
17 99
44 99
0 62
0 14
80 99
76 99
0 64
21 99
6 99
30 99
0 2
0 48
0 22
4 99
0 16
51 99
34 99
79 99
64 99
42 99
57 23
43 23
61 23
0 23
81 23
68 23
79 23
85 23
28 23
93 23
27 23
34 23
16 23
34 5
0 6
0 18
0 80
0 95
0 89
16 5
4 5
53 5
0 57
0 88
0 93
0 81
0 25
0 1
15 5
35 5
19 5
81 5
79 5
0 91
4 35
4 14
4 34
4 87
2 38
4 53
4 9
4 63
4 54
4 74
4 29
4 67
4 62
4 75
4 86
11 38
4 22
4 52
4 42
4 37
2 82
2 78
2 72
2 19
2 40
2 34
2 12
2 98
2 93
88 38
17 38
98 38
2 55
2 17
2 91
2 95
63 42
63 97
11 72
63 1
63 71
63 70
63 92
81 72
81 47
