5
31
72
66
17
18
100
21 96
0 36
38 96
65 96
0 68
28 96
0 58
0 9
85 96
0 84
0 91
0 37
0 4
69 96
6 96
11 96
0 27
0 13
0 23
54 96
0 76
0 57
0 79
0 19
8 96
50 96
24 96
84 96
3 96
19 96
49 96
35 96
46 96
0 69
0 67
87 96
47 96
0 94
0 44
0 12
0 34
0 75
0 59
58 96
57 96
16 96
80 96
81 96
55 96
2 96
44 96
23 96
63 74
71 96
0 61
0 51
0 10
34 96
0 63
0 40
0 53
0 39
0 28
0 85
74 96
0 64
51 96
0 15
0 70
0 46
0 50
0 78
0 93
0 60
0 87
0 90
0 95
0 41
0 3
92 96
0 20
30 96
0 11
26 96
0 47
0 35
0 54
0 92
74 3
0 32
21 5
0 74
21 75
21 74
21 70
21 11
21 95
21 87
21 63
21 25
