5
8
9
10
11
12
100
98 99
77 99
91 99
14 99
21 99
28 99
42 99
49 99
56 99
63 99
70 99
84 99
35 99
0 92
0 15
0 85
0 29
0 36
0 43
0 50
0 22
0 57
0 64
0 71
0 78
29 92
29 85
29 78
29 71
29 64
29 57
29 50
71 78
29 43
29 36
71 85
71 92
22 85
78 85
22 78
15 85
22 71
22 64
15 92
22 57
22 50
64 92
22 36
78 92
22 29
22 92
36 43
57 92
64 85
50 85
50 78
50 71
50 64
50 57
57 64
57 71
43 92
57 78
43 85
43 78
57 85
43 71
43 64
15 78
43 57
43 50
36 92
36 85
64 71
36 78
36 71
64 78
36 64
36 57
36 50
15 71
22 43
50 92
15 22
1 64
1 71
1 78
1 85
1 92
85 92
15 64
1 57
1 50
1 29
1 43
15 29
15 57
15 36
1 15
15 43
