5
41
67
59
28
24
100
39 80
76 39
56 39
79 39
39 4
26 39
33 80
1 39
19 39
76 33
39 66
39 70
81 33
62 22
76 80
22 53
0 56
35 33
85 39
0 76
16 80
39 88
0 62
51 80
64 29
80 4
62 76
0 40
76 57
2 33
16 40
55 57
0 81
7 29
60 39
39 86
76 45
33 87
33 47
62 57
0 16
62 64
55 83
10 33
21 29
40 7
56 47
29 4
79 55
19 22
56 22
76 47
56 19
19 33
22 30
22 87
2 22
83 4
16 64
40 57
48 80
81 22
0 79
36 33
40 45
42 83
55 58
26 40
83 30
0 10
7 53
39 84
76 7
35 81
26 55
10 16
55 21
68 22
62 58
62 32
31 39
46 80
6 29
22 71
56 53
56 29
62 4
14 80
0 35
55 32
80 11
29 17
26 83
10 22
2 80
53 4
40 30
10 79
14 22
22 11
