5
2
97
4
1
94
100
99 93
91 95
88 85
92 85
96 89
0 78
86 83
33 96
83 93
74 56
90 95
96 85
90 76
55 71
33 78
33 76
75 92
65 56
83 85
91 99
77 76
55 76
83 56
74 79
80 53
43 89
69 84
0 30
0 73
75 96
0 36
5 37
55 66
92 45
46 6
43 86
11 5
91 62
57 53
63 98
47 66
0 49
37 15
93 89
14 99
61 56
77 95
64 45
92 79
5 39
82 91
99 39
75 78
28 6
33 36
45 56
50 39
20 6
61 45
20 99
50 46
96 45
43 65
61 64
63 95
70 71
0 63
88 72
99 6
43 6
0 77
15 31
63 76
38 60
52 13
82 53
72 80
75 73
81 53
67 39
86 51
33 73
61 85
61 89
69 70
26 90
61 93
50 5
12 51
20 39
60 53
34 84
43 19
36 92
79 23
67 6
52 81
19 86
37 69
7 57
