5
67
72
4
54
1
100
3 5
24 32
64 99
3 38
27 33
22 51
45 68
26 63
42 58
3 8
41 81
81 85
40 74
33 97
29 43
13 98
71 77
6 59
61 73
46 58
9 76
30 55
47 97
32 79
47 80
40 84
11 42
75 84
47 82
88 96
21 56
38 85
7 69
65 92
24 57
6 12
50 97
10 26
90 96
41 94
75 76
38 65
7 11
49 91
8 48
47 73
30 81
50 85
36 93
62 93
24 94
84 86
76 97
12 17
19 30
27 93
57 60
20 87
32 83
65 91
41 75
57 88
31 98
29 98
32 39
41 44
23 37
22 59
74 75
91 92
30 59
2 25
69 77
28 79
40 45
30 46
18 23
6 50
14 97
23 94
13 39
83 90
66 92
51 89
37 82
5 29
90 92
36 86
51 78
61 82
65 82
49 63
64 84
22 80
29 77
41 51
46 48
35 65
79 88
11 57
