5
82
8
84
46
66
100
29 38
38 36
97 38
29 36
57 38
21 38
57 10
97 71
29 39
29 94
29 71
97 36
21 57
10 71
57 58
29 79
97 43
38 89
97 58
29 22
10 43
97 90
30 36
90 58
67 36
90 36
22 36
96 36
43 36
29 25
29 1
29 33
29 68
10 97
44 38
70 38
38 19
68 36
38 5
33 36
77 38
29 77
29 70
21 97
71 39
57 79
22 71
29 5
97 22
57 60
97 91
62 43
71 25
90 79
68 71
38 25
30 58
36 19
88 58
97 25
22 43
1 71
29 88
36 61
57 61
67 90
38 86
29 51
96 43
94 62
30 10
96 39
38 80
44 43
10 24
10 1
16 36
67 71
91 43
94 79
29 80
57 91
10 89
30 39
68 43
44 90
32 36
21 71
35 43
21 22
29 47
33 58
62 89
60 58
94 43
70 36
97 35
47 58
35 90
77 90
