5
98
95
81
89
47
96
9 29
7 79
22 20
21 30
80 66
86 67
69 93
26 50
59 60
36 99
13 52
33 72
28 94
77 88
11 48
29 59
83 82
62 6
73 72
87 69
28 55
65 21
87 33
76 79
13 67
25 40
25 52
4 25
40 80
30 56
94 77
24 42
17 86
34 13
15 43
5 80
56 37
50 54
50 27
22 73
0 7
10 34
24 37
46 85
49 71
1 35
85 76
4 77
16 35
14 53
5 39
2 90
65 24
22 63
92 60
61 16
62 28
78 23
58 99
92 42
44 46
29 74
62 16
11 65
58 68
41 54
44 85
2 15
19 57
83 53
73 56
17 34
15 10
91 69
63 68
64 57
83 14
44 68
0 84
58 38
61 71
68 77
12 61
84 19
19 91
8 91
1 19
90 71
17 12
43 45
8 44
96 71
84 39
39 74
18 41
38 92
