5
54
33
31
30
52
100
17 53
46 53
26 53
4 53
53 25
23 53
40 53
0 17
56 53
0 46
28 53
26 17
39 53
46 26
49 53
0 23
59 53
9 53
0 4
38 53
0 15
51 53
15 53
0 28
46 17
0 26
53 10
4 26
13 53
26 23
46 11
46 28
17 25
22 53
53 57
0 39
36 53
0 9
26 40
4 17
26 56
0 51
35 53
0 59
0 38
58 53
26 25
12 53
46 4
14 53
28 26
46 25
0 37
24 53
2 53
28 17
26 3
17 11
17 56
0 40
34 53
44 53
17 40
42 53
41 53
46 23
0 42
26 38
46 49
15 28
46 51
0 24
0 41
19 53
17 9
0 35
32 53
55 53
28 25
40 25
46 39
6 53
17 51
3 11
0 43
0 18
23 25
46 9
59 17
15 3
4 23
0 12
46 37
40 11
28 40
0 58
26 9
0 45
28 3
0 49
