5
88
46
5
10
79
100
23 39
35 74
72 75
3 68
85 94
49 53
21 85
4 26
30 58
16 39
66 81
43 74
32 42
18 73
74 86
11 38
7 21
0 16
29 32
45 57
50 70
45 53
73 81
57 69
6 80
30 63
6 85
11 63
1 77
53 65
4 57
19 93
24 29
15 19
14 42
26 58
0 69
33 41
3 12
71 86
20 89
32 68
26 41
6 58
17 92
22 42
1 91
71 75
56 57
36 89
47 53
32 55
11 65
7 40
71 73
36 38
63 74
0 54
66 74
3 43
27 87
2 92
3 48
0 4
32 82
6 89
17 19
21 75
66 68
19 86
36 57
41 90
28 29
28 70
8 11
58 67
44 73
1 84
27 49
52 90
50 77
37 73
6 41
81 89
56 75
16 55
8 12
25 62
39 89
40 80
62 85
25 31
38 39
59 81
21 32
47 75
53 82
7 25
12 78
18 48
